2024-03-11 14:19:23,545 [INFO] Activator:176 - 


2024-03-11 14:19:23,547 [INFO] Activator:177 - !SESSION log4j initialized
2024-03-11 14:19:26,333 [INFO] LogOutputStream:77 - [STDOUT_REDIRECT] 
2024-03-11 14:19:28,294 [INFO] ApplicationProperties:184 - Using Application install path: C:\ST\STM32CubeIDE_1.14.0\STM32CubeIDE\plugins\com.st.stm32cube.common.mx_6.10.0.202311202037
2024-03-11 14:19:28,322 [INFO] DbMcusXml:78 - Set database path to: C:\ST\STM32CubeIDE_1.14.0\STM32CubeIDE\plugins\com.st.stm32cube.common.mx_6.10.0.202311202037\\db\/mcu/
2024-03-11 14:19:28,322 [INFO] ApiDb:274 - Set plugin database path to: C:\ST\STM32CubeIDE_1.14.0\STM32CubeIDE\plugins\com.st.stm32cube.common.mx_6.10.0.202311202037\\db\/plugins/boardmanager/
2024-03-11 14:19:28,322 [WARN] ApiDb:259 - Overriding images path with different value:  => C:\ST\STM32CubeIDE_1.14.0\STM32CubeIDE\plugins\com.st.stm32cube.common.mx_6.10.0.202311202037\\db\/plugins/mcufinder/images/
2024-03-11 14:19:28,336 [INFO] ApiDb:250 - Set database path to: C:\Users\48791\.stmcufinder\plugins\mcufinder//mcu/
2024-03-11 14:19:28,338 [INFO] DbMcusAds:125 - Set database path to: C:\Users\48791\.stmcufinder\plugins\mcufinder//mcu/
2024-03-11 14:19:28,342 [INFO] CrossReferenceDbSqlite:203 - Set database path to: C:\Users\48791\.stmcufinder\plugins\mcufinder//mcu/cs/
2024-03-11 14:19:28,520 [INFO] RulesReader:64 - Compatibility file has been processed (297 Rules)
2024-03-11 14:19:28,675 [INFO] DbMcusXml:78 - Set database path to: C:\ST\STM32CubeIDE_1.14.0\STM32CubeIDE\plugins\com.st.stm32cube.common.mx_6.10.0.202311202037\\db\/mcu/
2024-03-11 14:19:28,675 [INFO] ApiDb:274 - Set plugin database path to: C:\ST\STM32CubeIDE_1.14.0\STM32CubeIDE\plugins\com.st.stm32cube.common.mx_6.10.0.202311202037\\db\/plugins/boardmanager/
2024-03-11 14:19:28,675 [INFO] ApiDb:261 - Set plugin images path to: C:\ST\STM32CubeIDE_1.14.0\STM32CubeIDE\plugins\com.st.stm32cube.common.mx_6.10.0.202311202037\\db\/plugins/mcufinder/images/
2024-03-11 14:19:28,675 [WARN] DbFile:41 - Overriding database path with different value: C:\Users\48791\.stmcufinder\plugins\mcufinder/ => C:\Users\48791\.stmcufinder\plugins\mcufinder
2024-03-11 14:19:28,675 [INFO] ApiDb:250 - Set database path to: C:\Users\48791\.stmcufinder\plugins\mcufinder//mcu/
2024-03-11 14:19:28,675 [WARN] DbFile:41 - Overriding database path with different value: C:\Users\48791\.stmcufinder\plugins\mcufinder/ => C:\Users\48791\.stmcufinder\plugins\mcufinder
2024-03-11 14:19:28,675 [INFO] DbMcusAds:125 - Set database path to: C:\Users\48791\.stmcufinder\plugins\mcufinder//mcu/
2024-03-11 14:19:28,675 [WARN] DbFile:41 - Overriding database path with different value: C:\Users\48791\.stmcufinder\plugins\mcufinder/ => C:\Users\48791\.stmcufinder\plugins\mcufinder
2024-03-11 14:19:28,675 [WARN] DbFile:41 - Overriding database path with different value: C:\Users\48791\.stmcufinder\plugins\mcufinder/ => C:\Users\48791\.stmcufinder\plugins\mcufinder
2024-03-11 14:19:28,676 [INFO] CrossReferenceDbSqlite:203 - Set database path to: C:\Users\48791\.stmcufinder\plugins\mcufinder//mcu/cs/
2024-03-11 14:19:28,772 [INFO] MainPanel:264 - HeapMemory: 268435456
2024-03-11 14:19:28,910 [INFO] DbMcusXml:78 - Set database path to: C:\ST\STM32CubeIDE_1.14.0\STM32CubeIDE\plugins\com.st.stm32cube.common.mx_6.10.0.202311202037\\db\/mcu/
2024-03-11 14:19:28,910 [INFO] ApiDb:274 - Set plugin database path to: C:\ST\STM32CubeIDE_1.14.0\STM32CubeIDE\plugins\com.st.stm32cube.common.mx_6.10.0.202311202037\\db\/plugins/boardmanager/
2024-03-11 14:19:28,910 [INFO] ApiDb:261 - Set plugin images path to: C:\ST\STM32CubeIDE_1.14.0\STM32CubeIDE\plugins\com.st.stm32cube.common.mx_6.10.0.202311202037\\db\/plugins/mcufinder/images/
2024-03-11 14:19:28,910 [WARN] DbFile:41 - Overriding database path with different value: C:\Users\48791\.stmcufinder\plugins\mcufinder/ => C:\Users\48791\.stmcufinder\plugins\mcufinder
2024-03-11 14:19:28,910 [INFO] ApiDb:250 - Set database path to: C:\Users\48791\.stmcufinder\plugins\mcufinder//mcu/
2024-03-11 14:19:28,910 [WARN] DbFile:41 - Overriding database path with different value: C:\Users\48791\.stmcufinder\plugins\mcufinder/ => C:\Users\48791\.stmcufinder\plugins\mcufinder
2024-03-11 14:19:28,910 [INFO] DbMcusAds:125 - Set database path to: C:\Users\48791\.stmcufinder\plugins\mcufinder//mcu/
2024-03-11 14:19:28,911 [WARN] DbFile:41 - Overriding database path with different value: C:\Users\48791\.stmcufinder\plugins\mcufinder/ => C:\Users\48791\.stmcufinder\plugins\mcufinder
2024-03-11 14:19:28,911 [WARN] DbFile:41 - Overriding database path with different value: C:\Users\48791\.stmcufinder\plugins\mcufinder/ => C:\Users\48791\.stmcufinder\plugins\mcufinder
2024-03-11 14:19:28,911 [INFO] CrossReferenceDbSqlite:203 - Set database path to: C:\Users\48791\.stmcufinder\plugins\mcufinder//mcu/cs/
2024-03-11 14:19:28,938 [INFO] ApplicationProperties:184 - Using Application install path: C:\ST\STM32CubeIDE_1.14.0\STM32CubeIDE\plugins\com.st.stm32cube.common.mx_6.10.0.202311202037
2024-03-11 14:19:28,940 [INFO] PluginManage:196 - Search for loadable plugins [exclusion list=, ]
2024-03-11 14:19:28,942 [INFO] PluginManage:310 - Check plugin analytics
2024-03-11 14:19:29,250 [INFO] AnalyticsPlugin:253 - Accepted Software Licenses: STM32CubeMX.6.10.0
2024-03-11 14:19:29,250 [INFO] AnalyticsPlugin:255 - Accepted CMSIS Pack Licenses: 
2024-03-11 14:19:29,250 [INFO] AnalyticsPlugin:257 - Accepted Firmware Licenses: FW.F4.1.28.0
2024-03-11 14:19:29,259 [INFO] PluginManage:359 - Loaded plugin analytics (category:tool,tabindex:-1)
2024-03-11 14:19:29,259 [INFO] PluginManage:310 - Check plugin cadmodel
2024-03-11 14:19:29,271 [INFO] CADModel:105 - Init CAD model plugin
2024-03-11 14:19:29,271 [INFO] PluginManage:359 - Loaded plugin cadmodel (category:power,tabindex:5)
2024-03-11 14:19:29,272 [INFO] PluginManage:310 - Check plugin clock
2024-03-11 14:19:29,300 [INFO] PluginManage:359 - Loaded plugin clock (category:base,tabindex:2)
2024-03-11 14:19:29,300 [INFO] PluginManage:310 - Check plugin ddr
2024-03-11 14:19:29,308 [INFO] PluginManage:359 - Loaded plugin ddr (category:tool,tabindex:6)
2024-03-11 14:19:29,308 [INFO] PluginManage:310 - Check plugin filemanager
2024-03-11 14:19:29,590 [INFO] PluginManage:359 - Loaded plugin filemanager (category:base,tabindex:10)
2024-03-11 14:19:29,590 [INFO] PluginManage:310 - Check plugin ipmanager
2024-03-11 14:19:29,597 [INFO] PluginManage:359 - Loaded plugin ipmanager (category:base,tabindex:5)
2024-03-11 14:19:29,597 [INFO] PluginManage:310 - Check plugin lpbam
2024-03-11 14:19:29,616 [INFO] PluginManage:359 - Loaded plugin lpbam (category:base,tabindex:0)
2024-03-11 14:19:29,617 [INFO] PluginManage:310 - Check plugin memorymap
2024-03-11 14:19:29,636 [INFO] PluginManage:359 - Loaded plugin memorymap (category:base,tabindex:4)
2024-03-11 14:19:29,636 [INFO] PluginManage:310 - Check plugin pinoutandconfiguration
2024-03-11 14:19:29,643 [INFO] PluginManage:359 - Loaded plugin pinoutandconfiguration (category:base,tabindex:1)
2024-03-11 14:19:29,643 [INFO] PluginManage:310 - Check plugin pinoutconfig
2024-03-11 14:19:29,742 [WARN] SupportedApi:132 - Cannot load RTOS API schema: s4s-elt-must-match.1: The content of 'definitions' must match (annotation?, (simpleType | complexType)?, (unique | key | keyref)*)). A problem was found starting at: attribute.
2024-03-11 14:19:29,912 [INFO] PluginManage:359 - Loaded plugin pinoutconfig (category:base,tabindex:0)
2024-03-11 14:19:29,912 [INFO] PluginManage:310 - Check plugin power
2024-03-11 14:19:29,932 [INFO] PluginManage:359 - Loaded plugin power (category:power,tabindex:4)
2024-03-11 14:19:29,933 [INFO] PluginManage:310 - Check plugin projectmanager
2024-03-11 14:19:29,964 [INFO] PluginManage:359 - Loaded plugin projectmanager (category:projectmanager,tabindex:3)
2024-03-11 14:19:29,964 [INFO] PluginManage:310 - Check plugin thirdparty
2024-03-11 14:19:30,159 [INFO] PluginManage:359 - Loaded plugin thirdparty (category:base,tabindex:-1)
2024-03-11 14:19:30,160 [INFO] PluginManage:310 - Check plugin tools
2024-03-11 14:19:30,159 [WARN] IntegrityCheckThread:84 - waiting for thirdparty lock release [integrity check]
2024-03-11 14:19:30,160 [INFO] IntegrityCheckThread:86 - entering critical section [integrity check]
2024-03-11 14:19:30,161 [INFO] ThirdPartyUpdaterWithRetryManager:70 - Updater plugin not ready yet. [1/15]
2024-03-11 14:19:30,163 [INFO] PluginManage:359 - Loaded plugin tools (category:base,tabindex:7)
2024-03-11 14:19:30,163 [INFO] PluginManage:310 - Check plugin tutovideos
2024-03-11 14:19:30,412 [INFO] PluginManage:359 - Loaded plugin tutovideos (category:base,tabindex:-1)
2024-03-11 14:19:30,412 [INFO] PluginManage:310 - Check plugin updater
2024-03-11 14:19:30,429 [INFO] PluginManage:359 - Loaded plugin updater (category:base,tabindex:12)
2024-03-11 14:19:30,429 [INFO] PluginManage:310 - Check plugin userauth
2024-03-11 14:19:30,435 [INFO] UserAuth:114 - Init User Auth plugin
2024-03-11 14:19:30,436 [INFO] PluginManage:359 - Loaded plugin userauth (category:base,tabindex:14)
2024-03-11 14:19:30,436 [INFO] PluginManage:283 - PluginManage : Loaded plugins [17]
2024-03-11 14:19:30,733 [INFO] PinOutPanel:1499 - setPackage(No Configuration,No Configuration)
2024-03-11 14:19:30,838 [INFO] CADModel:165 - CPN selected for project level
2024-03-11 14:19:30,838 [INFO] CADModel:114 - Register for checkConnection events
2024-03-11 14:19:30,860 [INFO] IPUIPlugin:80 - create IPUIPlugin
2024-03-11 14:19:30,860 [INFO] PluginManager:220 - loadIPPluginJar : add adc
2024-03-11 14:19:30,864 [INFO] IPUIPlugin:80 - create IPUIPlugin
2024-03-11 14:19:30,864 [INFO] PluginManager:220 - loadIPPluginJar : add aes
2024-03-11 14:19:30,868 [INFO] IPUIPlugin:80 - create IPUIPlugin
2024-03-11 14:19:30,868 [INFO] PluginManager:220 - loadIPPluginJar : add can
2024-03-11 14:19:30,870 [INFO] IPUIPlugin:80 - create IPUIPlugin
2024-03-11 14:19:30,870 [INFO] PluginManager:220 - loadIPPluginJar : add comp
2024-03-11 14:19:30,874 [INFO] IPUIPlugin:80 - create IPUIPlugin
2024-03-11 14:19:30,874 [INFO] PluginManager:220 - loadIPPluginJar : add cryp
2024-03-11 14:19:30,877 [INFO] IPUIPlugin:80 - create IPUIPlugin
2024-03-11 14:19:30,877 [INFO] PluginManager:220 - loadIPPluginJar : add dfsdm
2024-03-11 14:19:30,883 [INFO] IPUIPlugin:80 - create IPUIPlugin
2024-03-11 14:19:30,884 [INFO] PluginManager:220 - loadIPPluginJar : add dma
2024-03-11 14:19:30,887 [INFO] IPUIPlugin:80 - create IPUIPlugin
2024-03-11 14:19:30,887 [INFO] PluginManager:220 - loadIPPluginJar : add dma3
2024-03-11 14:19:30,889 [INFO] IPUIPlugin:80 - create IPUIPlugin
2024-03-11 14:19:30,889 [INFO] PluginManager:220 - loadIPPluginJar : add fatfs
2024-03-11 14:19:30,893 [INFO] IPUIPlugin:80 - create IPUIPlugin
2024-03-11 14:19:30,894 [INFO] PluginManager:220 - loadIPPluginJar : add fmc
2024-03-11 14:19:30,902 [INFO] IPUIPlugin:80 - create IPUIPlugin
2024-03-11 14:19:30,902 [INFO] PluginManager:220 - loadIPPluginJar : add freertos
2024-03-11 14:19:30,904 [INFO] IPUIPlugin:80 - create IPUIPlugin
2024-03-11 14:19:30,904 [INFO] PluginManager:220 - loadIPPluginJar : add genericplugin
2024-03-11 14:19:30,907 [INFO] IPUIPlugin:80 - create IPUIPlugin
2024-03-11 14:19:30,907 [INFO] PluginManager:220 - loadIPPluginJar : add gfxmmu
2024-03-11 14:19:30,913 [INFO] IPUIPlugin:80 - create IPUIPlugin
2024-03-11 14:19:30,913 [INFO] PluginManager:220 - loadIPPluginJar : add gic
2024-03-11 14:19:30,916 [INFO] IPUIPlugin:80 - create IPUIPlugin
2024-03-11 14:19:30,916 [INFO] PluginManager:220 - loadIPPluginJar : add gpio
2024-03-11 14:19:30,919 [INFO] IPUIPlugin:80 - create IPUIPlugin
2024-03-11 14:19:30,919 [INFO] PluginManager:220 - loadIPPluginJar : add gtzc
2024-03-11 14:19:30,923 [INFO] IPUIPlugin:80 - create IPUIPlugin
2024-03-11 14:19:30,923 [INFO] PluginManager:220 - loadIPPluginJar : add hash
2024-03-11 14:19:30,927 [INFO] IPUIPlugin:80 - create IPUIPlugin
2024-03-11 14:19:30,927 [INFO] PluginManager:220 - loadIPPluginJar : add i2c
2024-03-11 14:19:30,928 [INFO] IPUIPlugin:80 - create IPUIPlugin
2024-03-11 14:19:30,928 [INFO] PluginManager:220 - loadIPPluginJar : add i2s
2024-03-11 14:19:30,931 [INFO] IPUIPlugin:80 - create IPUIPlugin
2024-03-11 14:19:30,933 [INFO] PluginManager:220 - loadIPPluginJar : add i3c
2024-03-11 14:19:30,935 [INFO] IPUIPlugin:80 - create IPUIPlugin
2024-03-11 14:19:30,935 [INFO] PluginManager:220 - loadIPPluginJar : add ipddr
2024-03-11 14:19:30,942 [INFO] IPUIPlugin:80 - create IPUIPlugin
2024-03-11 14:19:30,942 [INFO] PluginManager:220 - loadIPPluginJar : add linkedlist
2024-03-11 14:19:30,947 [INFO] IPUIPlugin:80 - create IPUIPlugin
2024-03-11 14:19:30,947 [INFO] PluginManager:220 - loadIPPluginJar : add lorawan
2024-03-11 14:19:30,949 [INFO] IPUIPlugin:80 - create IPUIPlugin
2024-03-11 14:19:30,949 [INFO] PluginManager:220 - loadIPPluginJar : add ltdc
2024-03-11 14:19:30,956 [INFO] IPUIPlugin:80 - create IPUIPlugin
2024-03-11 14:19:30,956 [INFO] PluginManager:220 - loadIPPluginJar : add mdma
2024-03-11 14:19:30,965 [INFO] IPUIPlugin:80 - create IPUIPlugin
2024-03-11 14:19:30,966 [INFO] PluginManager:220 - loadIPPluginJar : add nvic
2024-03-11 14:19:30,969 [INFO] IPUIPlugin:80 - create IPUIPlugin
2024-03-11 14:19:30,969 [INFO] PluginManager:220 - loadIPPluginJar : add opamp
2024-03-11 14:19:30,974 [INFO] IPUIPlugin:80 - create IPUIPlugin
2024-03-11 14:19:30,975 [INFO] PluginManager:220 - loadIPPluginJar : add openamp
2024-03-11 14:19:30,982 [INFO] IPUIPlugin:80 - create IPUIPlugin
2024-03-11 14:19:30,982 [INFO] PluginManager:220 - loadIPPluginJar : add pdm2pcm
2024-03-11 14:19:30,993 [INFO] IPUIPlugin:80 - create IPUIPlugin
2024-03-11 14:19:30,996 [INFO] PluginManager:220 - loadIPPluginJar : add plateformsettings
2024-03-11 14:19:30,997 [INFO] IPUIPlugin:80 - create IPUIPlugin
2024-03-11 14:19:30,998 [INFO] PluginManager:220 - loadIPPluginJar : add quadspi
2024-03-11 14:19:31,008 [INFO] IPUIPlugin:80 - create IPUIPlugin
2024-03-11 14:19:31,008 [INFO] PluginManager:220 - loadIPPluginJar : add resmgrutility
2024-03-11 14:19:31,019 [INFO] IPUIPlugin:80 - create IPUIPlugin
2024-03-11 14:19:31,020 [INFO] PluginManager:220 - loadIPPluginJar : add sai
2024-03-11 14:19:31,025 [INFO] IPUIPlugin:80 - create IPUIPlugin
2024-03-11 14:19:31,025 [INFO] PluginManager:220 - loadIPPluginJar : add spi
2024-03-11 14:19:31,032 [INFO] IPUIPlugin:80 - create IPUIPlugin
2024-03-11 14:19:31,032 [INFO] PluginManager:220 - loadIPPluginJar : add stm32_wpan
2024-03-11 14:19:31,035 [INFO] IPUIPlugin:80 - create IPUIPlugin
2024-03-11 14:19:31,036 [INFO] PluginManager:220 - loadIPPluginJar : add tim
2024-03-11 14:19:31,040 [INFO] IPUIPlugin:80 - create IPUIPlugin
2024-03-11 14:19:31,041 [INFO] PluginManager:220 - loadIPPluginJar : add touchsensing
2024-03-11 14:19:31,044 [INFO] IPUIPlugin:80 - create IPUIPlugin
2024-03-11 14:19:31,044 [INFO] PluginManager:220 - loadIPPluginJar : add tracer_emb
2024-03-11 14:19:31,049 [INFO] IPUIPlugin:80 - create IPUIPlugin
2024-03-11 14:19:31,049 [INFO] PluginManager:220 - loadIPPluginJar : add ts
2024-03-11 14:19:31,052 [INFO] IPUIPlugin:80 - create IPUIPlugin
2024-03-11 14:19:31,052 [INFO] PluginManager:220 - loadIPPluginJar : add tsc
2024-03-11 14:19:31,055 [INFO] IPUIPlugin:80 - create IPUIPlugin
2024-03-11 14:19:31,055 [INFO] PluginManager:220 - loadIPPluginJar : add ucpd
2024-03-11 14:19:31,059 [INFO] IPUIPlugin:80 - create IPUIPlugin
2024-03-11 14:19:31,059 [INFO] PluginManager:220 - loadIPPluginJar : add usart
2024-03-11 14:19:31,063 [INFO] IPUIPlugin:80 - create IPUIPlugin
2024-03-11 14:19:31,063 [INFO] PluginManager:220 - loadIPPluginJar : add usbx
2024-03-11 14:19:31,214 [INFO] CADModel:165 - CPN selected for project level
2024-03-11 14:19:31,214 [INFO] CADModel:114 - Register for checkConnection events
2024-03-11 14:19:31,215 [FATAL] Updater:308 - Updater called before beeing initialized
2024-03-11 14:19:31,215 [ERROR] CADModel:125 - Updater not yet initialized, retry later 
2024-03-11 14:19:31,377 [INFO] CADModel:165 - CPN selected for project level
2024-03-11 14:19:31,377 [INFO] CADModel:114 - Register for checkConnection events
2024-03-11 14:19:31,377 [FATAL] Updater:308 - Updater called before beeing initialized
2024-03-11 14:19:31,377 [ERROR] CADModel:125 - Updater not yet initialized, retry later 
2024-03-11 14:19:31,380 [FATAL] Updater:308 - Updater called before beeing initialized
2024-03-11 14:19:31,496 [FATAL] Updater:308 - Updater called before beeing initialized
2024-03-11 14:19:31,499 [INFO] DbMcusAds:53 - JSON generation date=Wed Nov 29 11:52:27 CET 2023 (1701255147349)
2024-03-11 14:19:31,500 [FATAL] Updater:308 - Updater called before beeing initialized
2024-03-11 14:19:31,536 [WARN] DetailPanel:346 - Failed to get advertising image, set to default
2024-03-11 14:19:31,602 [FATAL] Updater:308 - Updater called before beeing initialized
2024-03-11 14:19:31,604 [FATAL] Updater:308 - Updater called before beeing initialized
2024-03-11 14:19:31,604 [FATAL] Updater:308 - Updater called before beeing initialized
2024-03-11 14:19:31,605 [WARN] DetailPanel:346 - Failed to get advertising image, set to default
2024-03-11 14:19:31,605 [FATAL] Updater:308 - Updater called before beeing initialized
2024-03-11 14:19:31,655 [ERROR] Updater:1120 - MainUpdater not yet initialized. External WinMGr cannot be set.
2024-03-11 14:19:31,657 [INFO] Updater:1056 - Updater Version found : 6.10.0
2024-03-11 14:19:31,682 [INFO] ApplicationProperties:184 - Using Application install path: C:\ST\STM32CubeIDE_1.14.0\STM32CubeIDE\plugins\com.st.stm32cube.common.mx_6.10.0.202311202037
2024-03-11 14:19:33,162 [INFO] ThirdPartyUpdaterWithRetryManager:70 - Updater plugin not ready yet. [2/15]
2024-03-11 14:19:33,260 [ERROR] LogOutputStream:75 - [STDERR_REDIRECT] Mar 11, 2024 2:19:33 PM java.util.prefs.WindowsPreferences <init>
2024-03-11 14:19:33,261 [ERROR] LogOutputStream:75 - [STDERR_REDIRECT] WARNING: Could not open/create prefs root node Software\JavaSoft\Prefs at root 0xffffffff80000002. Windows RegCreateKeyEx(...) returned error code 5.
2024-03-11 14:19:33,262 [ERROR] LogOutputStream:75 - [STDERR_REDIRECT] 
2024-03-11 14:19:33,602 [INFO] MainUpdater:2873 - connection check result : 10
2024-03-11 14:19:33,603 [INFO] MainUpdater:290 - Updater Check For Update Now.
2024-03-11 14:19:33,603 [INFO] MicroXplorer:498 - Change Database Version : DB.6.0.100
2024-03-11 14:19:33,614 [INFO] McuFinderGlobals:63 - Set McuFinder mode to 2 (CubeIDE integrated)
2024-03-11 14:19:33,784 [INFO] CheckServerUpdateThread:120 - End of CheckServer Thread
2024-03-11 14:19:33,841 [INFO] UserAuth:404 - Internet connection configuration mode: 1
2024-03-11 14:19:33,862 [INFO] JxBrowserEngine:152 - Initiate JxBrowser Engine with user profile folder
2024-03-11 14:19:34,908 [INFO] WebApp:161 - Instantiating new browser for Auth
2024-03-11 14:19:35,682 [INFO] WebApp:780 - Register for checkConnection events
2024-03-11 14:19:35,682 [INFO] WebApp:414 - Apply proxy settings
2024-03-11 14:19:35,683 [INFO] WebApp:499 - Chromium requires no authentication
2024-03-11 14:19:35,692 [INFO] WebApp:442 - Direct internet connection detected
2024-03-11 14:19:35,884 [INFO] WebApp:192 - Starting web application
2024-03-11 14:19:35,884 [INFO] WebApp:544 - Web application path used C:\ST\STM32CubeIDE_1.14.0\STM32CubeIDE\plugins\com.st.stm32cube.common.mx_6.10.0.202311202037\db\plugins\mcufinder\reactClient1\index.html
2024-03-11 14:19:36,466 [WARN] PackLoader:240 - Cannot read IP mode file for STMicroelectronics.X-CUBE-SMBUS.2.1.0
2024-03-11 14:19:36,478 [WARN] PackLoader:240 - Cannot read IP mode file for STMicroelectronics.X-CUBE-TOUCHGFX.4.23.0
2024-03-11 14:19:36,514 [WARN] PackLoader:240 - Cannot read IP mode file for STMicroelectronics.X-CUBE-AZRTOS-F7.1.1.0
2024-03-11 14:19:36,530 [WARN] PackLoader:240 - Cannot read IP mode file for STMicroelectronics.FP-SNS-MOTENV1.4.3.2
2024-03-11 14:19:36,536 [WARN] PackLoader:240 - Cannot read IP mode file for STMicroelectronics.FP-SNS-FLIGHT1.5.0.2
2024-03-11 14:19:36,549 [WARN] PackLoader:240 - Cannot read IP mode file for STMicroelectronics.X-CUBE-DISPLAY.3.0.0
2024-03-11 14:19:36,580 [WARN] PackLoader:240 - Cannot read IP mode file for STMicroelectronics.X-CUBE-BLE1.7.0.0
2024-03-11 14:19:36,587 [WARN] PackLoader:240 - Cannot read IP mode file for emotas.I-CUBE-CANOPEN.1.3.0
2024-03-11 14:19:36,600 [WARN] PackLoader:240 - Cannot read IP mode file for STMicroelectronics.X-CUBE-BLEMGR.3.1.0
2024-03-11 14:19:36,609 [WARN] PackLoader:240 - Cannot read IP mode file for STMicroelectronics.FP-SNS-SMARTAG2.1.2.0
2024-03-11 14:19:36,633 [INFO] LogOutputStream:77 - [STDOUT_REDIRECT] 1 : Invalid condition id : UX_CORESTACK_Condition cause : null
2024-03-11 14:19:36,635 [INFO] LogOutputStream:77 - [STDOUT_REDIRECT] 1 : Invalid condition id : UX_CORESTACK_Condition cause : null
2024-03-11 14:19:36,638 [INFO] LogOutputStream:77 - [STDOUT_REDIRECT] 1 : Invalid condition id : UX_CORESTACK_Condition cause : null
2024-03-11 14:19:36,641 [INFO] LogOutputStream:77 - [STDOUT_REDIRECT] 1 : Invalid condition id : UX_CORESTACK_Condition cause : null
2024-03-11 14:19:36,643 [INFO] LogOutputStream:77 - [STDOUT_REDIRECT] 1 : Invalid condition id : UX_CORESTACK_Condition cause : null
2024-03-11 14:19:36,649 [WARN] PackLoader:240 - Cannot read IP mode file for STMicroelectronics.X-CUBE-AZRTOS-WL.2.0.0
2024-03-11 14:19:36,667 [WARN] PackLoader:240 - Cannot read IP mode file for WES.I-CUBE-Cesium.1.3.0
2024-03-11 14:19:36,673 [WARN] PackLoader:240 - Cannot read IP mode file for STMicroelectronics.X-CUBE-BLE2.3.3.0
2024-03-11 14:19:36,681 [WARN] PackLoader:240 - Cannot read IP mode file for STMicroelectronics.X-CUBE-ALGOBUILD.1.3.0
2024-03-11 14:19:36,707 [WARN] PackLoader:240 - Cannot read IP mode file for STMicroelectronics.X-CUBE-AZRTOS-G0.1.1.0
2024-03-11 14:19:36,715 [WARN] PackLoader:240 - Cannot read IP mode file for STMicroelectronics.X-CUBE-NFC4.3.0.0
2024-03-11 14:19:36,726 [WARN] PackLoader:240 - Cannot read IP mode file for STMicroelectronics.X-CUBE-BLEMGR.3.0.0
2024-03-11 14:19:36,732 [WARN] PackLoader:240 - Cannot read IP mode file for STMicroelectronics.FP-ATR-SIGFOX1.3.2.0
2024-03-11 14:19:36,738 [WARN] PackLoader:240 - Cannot read IP mode file for STMicroelectronics.X-CUBE-EEPRMA1.5.1.0
2024-03-11 14:19:36,805 [WARN] PackLoader:240 - Cannot read IP mode file for SEGGER.I-CUBE-embOS.1.3.1
2024-03-11 14:19:36,882 [WARN] PackLoader:240 - Cannot read IP mode file for STMicroelectronics.X-CUBE-GNSS1.6.0.0
2024-03-11 14:19:36,927 [WARN] PackLoader:240 - Cannot read IP mode file for STMicroelectronics.X-CUBE-AZRTOS-F4.1.1.0
2024-03-11 14:19:36,945 [WARN] PackLoader:240 - Cannot read IP mode file for wolfSSL.I-CUBE-wolfSSL.5.6.6
2024-03-11 14:19:36,979 [WARN] PackLoader:240 - Cannot read IP mode file for STMicroelectronics.X-CUBE-AZRTOS-L5.2.0.0
2024-03-11 14:19:36,993 [WARN] PackLoader:240 - Cannot read IP mode file for STMicroelectronics.X-CUBE-EEPRMA1.4.2.0
2024-03-11 14:19:37,003 [WARN] PackLoader:240 - Cannot read IP mode file for ITTIA_DB.I-CUBE-ITTIADB.8.8.0
2024-03-11 14:19:37,012 [WARN] PackLoader:240 - Cannot read IP mode file for STMicroelectronics.X-CUBE-NFC7.1.0.1
2024-03-11 14:19:37,024 [WARN] PackLoader:240 - Cannot read IP mode file for STMicroelectronics.X-CUBE-NFC6.3.0.0
2024-03-11 14:19:37,033 [WARN] PackLoader:240 - Cannot read IP mode file for STMicroelectronics.X-CUBE-AI.8.1.0
2024-03-11 14:19:37,048 [WARN] ConditionMgr:438 - getConditionDescription Invalid condition id : LAN8742 Phy interface Condition cause : null
2024-03-11 14:19:37,048 [WARN] PackLoader:240 - Cannot read IP mode file for STMicroelectronics.X-CUBE-AZRTOS-L4.2.0.0
2024-03-11 14:19:37,049 [WARN] ConditionMgr:1039 - genDependencies : Invalid condition id : LAN8742 Phy interface Condition cause : null
2024-03-11 14:19:37,049 [WARN] ConditionMgr:1039 - genDependencies : Invalid condition id : LAN8742 Phy interface Condition cause : null
2024-03-11 14:19:37,050 [WARN] ConditionMgr:1039 - genDependencies : Invalid condition id : LAN8742 Phy interface Condition cause : null
2024-03-11 14:19:37,056 [WARN] PackLoader:240 - Cannot read IP mode file for STMicroelectronics.X-CUBE-SFXS2LP1.4.0.0
2024-03-11 14:19:37,064 [WARN] ConditionMgr:438 - getConditionDescription Invalid condition id : UX DEVICE CLASS RTOS Condition cause : null
2024-03-11 14:19:37,064 [WARN] ConditionMgr:438 - getConditionDescription Invalid condition id : UX DEVICE CLASS RTOS Condition cause : null
2024-03-11 14:19:37,066 [WARN] PackLoader:240 - Cannot read IP mode file for STMicroelectronics.X-CUBE-AZRTOS-WB.2.0.0
2024-03-11 14:19:37,066 [WARN] ConditionMgr:1039 - genDependencies : Invalid condition id : UX DEVICE CLASS RTOS Condition cause : null
2024-03-11 14:19:37,066 [WARN] ConditionMgr:1039 - genDependencies : Invalid condition id : UX DEVICE CLASS RTOS Condition cause : null
2024-03-11 14:19:37,066 [WARN] ConditionMgr:1039 - genDependencies : Invalid condition id : UX DEVICE CLASS RTOS Condition cause : null
2024-03-11 14:19:37,066 [WARN] ConditionMgr:1039 - genDependencies : Invalid condition id : UX DEVICE CLASS RTOS Condition cause : null
2024-03-11 14:19:37,066 [WARN] ConditionMgr:1039 - genDependencies : Invalid condition id : UX DEVICE CLASS RTOS Condition cause : null
2024-03-11 14:19:37,074 [WARN] PackLoader:240 - Cannot read IP mode file for STMicroelectronics.X-CUBE-SUBG2.5.0.0
2024-03-11 14:19:37,087 [WARN] PackLoader:240 - Cannot read IP mode file for STMicroelectronics.X-CUBE-AZRTOS-G4.2.0.0
2024-03-11 14:19:37,096 [WARN] PackLoader:240 - Cannot read IP mode file for Infineon.AIROC-Wi-Fi-Bluetooth-STM32.1.5.1
2024-03-11 14:19:37,101 [WARN] PackLoader:240 - Cannot read IP mode file for STMicroelectronics.X-CUBE-ISPU.2.0.0
2024-03-11 14:19:37,124 [WARN] PackLoader:240 - Cannot read IP mode file for STMicroelectronics.X-CUBE-MEMS1.10.0.0
2024-03-11 14:19:37,209 [WARN] PackLoader:240 - Cannot read IP mode file for STMicroelectronics.X-CUBE-FREERTOS.1.1.0
2024-03-11 14:19:37,214 [WARN] PackLoader:240 - Cannot read IP mode file for portGmbH.I-Cube-SoM-uGOAL.1.1.0
2024-03-11 14:19:37,217 [WARN] PackLoader:240 - Cannot read IP mode file for STMicroelectronics.X-CUBE-ALS.1.0.1
2024-03-11 14:19:37,221 [WARN] PackLoader:240 - Cannot read IP mode file for STMicroelectronics.FP-ATR-ASTRA1.2.0.0
2024-03-11 14:19:37,228 [WARN] PackLoader:240 - Cannot read IP mode file for STMicroelectronics.X-CUBE-TOF1.3.4.0
2024-03-11 14:19:37,240 [WARN] PackLoader:240 - Cannot read IP mode file for STMicroelectronics.X-CUBE-TOF1.3.4.1
2024-03-11 14:19:37,257 [WARN] PackLoader:240 - Cannot read IP mode file for STMicroelectronics.X-CUBE-AZRTOS-H7.3.2.0
2024-03-11 14:19:37,261 [INFO] ThirdParty:978 - Integrity check success = true
2024-03-11 14:19:37,261 [INFO] IntegrityCheckThread:100 - exiting critical section [integrity check]
2024-03-11 14:19:37,261 [INFO] IntegrityCheckThread:103 - End integrity checks thread
2024-03-11 14:19:57,229 [ERROR] LogOutputStream:75 - [STDERR_REDIRECT] SLF4J: Failed to load class "org.slf4j.impl.StaticLoggerBinder".
2024-03-11 14:19:57,234 [ERROR] LogOutputStream:75 - [STDERR_REDIRECT] SLF4J: Defaulting to no-operation (NOP) logger implementation
2024-03-11 14:19:57,240 [ERROR] LogOutputStream:75 - [STDERR_REDIRECT] SLF4J: See http://www.slf4j.org/codes.html#StaticLoggerBinder for further details.
