16:48:33 **** Incremental Build of configuration Debug for project Temp ****
make -j16 all 
arm-none-eabi-gcc "../Core/Src/main.c" -mcpu=cortex-m4 -std=gnu11 -g3 -DDEBUG -DUSE_HAL_DRIVER -DSTM32F411xE -c -I../Core/Inc -I../Drivers/STM32F4xx_HAL_Driver/Inc -I../Drivers/STM32F4xx_HAL_Driver/Inc/Legacy -I../Drivers/CMSIS/Device/ST/STM32F4xx/Include -I../Drivers/CMSIS/Include -I../Middlewares/Third_Party/FreeRTOS/Source/include -I../Middlewares/Third_Party/FreeRTOS/Source/CMSIS_RTOS -I../Middlewares/Third_Party/FreeRTOS/Source/portable/GCC/ARM_CM4F -O0 -ffunction-sections -fdata-sections -Wall -fstack-usage -fcyclomatic-complexity -MMD -MP -MF"Core/Src/main.d" -MT"Core/Src/main.o" --specs=nano.specs -mfpu=fpv4-sp-d16 -mfloat-abi=hard -mthumb -o "Core/Src/main.o"
arm-none-eabi-gcc -o "Temp.elf" @"objects.list"   -mcpu=cortex-m4 -T"C:\Users\48791\Desktop\PMIK\pmik_2024l_jd\MJworkspace_due_to_different_Board\Temp\STM32F411VETX_FLASH.ld" --specs=nosys.specs -Wl,-Map="Temp.map" -Wl,--gc-sections -static --specs=nano.specs -mfpu=fpv4-sp-d16 -mfloat-abi=hard -mthumb -Wl,--start-group -lc -lm -Wl,--end-group
Finished building target: Temp.elf
 
arm-none-eabi-size  Temp.elf 
arm-none-eabi-objdump -h -S Temp.elf  > "Temp.list"
   text	   data	    bss	    dec	    hex	filename
  18436	    152	  18448	  37036	   90ac	Temp.elf
Finished building: default.size.stdout
 
Finished building: Temp.list
 
16:48:37 **** Incremental Build of configuration Debug for project Temp ****
make -j16 all 
arm-none-eabi-size  Temp.elf 
   text	   data	    bss	    dec	    hex	filename
  18436	    152	  18448	  37036	   90ac	Temp.elf
Finished building: default.size.stdout
 
16:49:39 **** Incremental Build of configuration Debug for project Temp ****
make -j16 all 
arm-none-eabi-gcc "../Core/Src/main.c" -mcpu=cortex-m4 -std=gnu11 -g3 -DDEBUG -DUSE_HAL_DRIVER -DSTM32F411xE -c -I../Core/Inc -I../Drivers/STM32F4xx_HAL_Driver/Inc -I../Drivers/STM32F4xx_HAL_Driver/Inc/Legacy -I../Drivers/CMSIS/Device/ST/STM32F4xx/Include -I../Drivers/CMSIS/Include -I../Middlewares/Third_Party/FreeRTOS/Source/include -I../Middlewares/Third_Party/FreeRTOS/Source/CMSIS_RTOS -I../Middlewares/Third_Party/FreeRTOS/Source/portable/GCC/ARM_CM4F -O0 -ffunction-sections -fdata-sections -Wall -fstack-usage -fcyclomatic-complexity -MMD -MP -MF"Core/Src/main.d" -MT"Core/Src/main.o" --specs=nano.specs -mfpu=fpv4-sp-d16 -mfloat-abi=hard -mthumb -o "Core/Src/main.o"
arm-none-eabi-gcc -o "Temp.elf" @"objects.list"   -mcpu=cortex-m4 -T"C:\Users\48791\Desktop\PMIK\pmik_2024l_jd\MJworkspace_due_to_different_Board\Temp\STM32F411VETX_FLASH.ld" --specs=nosys.specs -Wl,-Map="Temp.map" -Wl,--gc-sections -static --specs=nano.specs -mfpu=fpv4-sp-d16 -mfloat-abi=hard -mthumb -Wl,--start-group -lc -lm -Wl,--end-group
Finished building target: Temp.elf
 
arm-none-eabi-size  Temp.elf 
arm-none-eabi-objdump -h -S Temp.elf  > "Temp.list"
   text	   data	    bss	    dec	    hex	filename
  18436	    152	  18448	  37036	   90ac	Temp.elf
Finished building: default.size.stdout
 
Finished building: Temp.list
 
16:52:05 **** Incremental Build of configuration Debug for project Temp ****
make -j16 all 
arm-none-eabi-gcc "../Core/Src/main.c" -mcpu=cortex-m4 -std=gnu11 -g3 -DDEBUG -DUSE_HAL_DRIVER -DSTM32F411xE -c -I../Core/Inc -I../Drivers/STM32F4xx_HAL_Driver/Inc -I../Drivers/STM32F4xx_HAL_Driver/Inc/Legacy -I../Drivers/CMSIS/Device/ST/STM32F4xx/Include -I../Drivers/CMSIS/Include -I../Middlewares/Third_Party/FreeRTOS/Source/include -I../Middlewares/Third_Party/FreeRTOS/Source/CMSIS_RTOS -I../Middlewares/Third_Party/FreeRTOS/Source/portable/GCC/ARM_CM4F -O0 -ffunction-sections -fdata-sections -Wall -fstack-usage -fcyclomatic-complexity -MMD -MP -MF"Core/Src/main.d" -MT"Core/Src/main.o" --specs=nano.specs -mfpu=fpv4-sp-d16 -mfloat-abi=hard -mthumb -o "Core/Src/main.o"
arm-none-eabi-gcc -o "Temp.elf" @"objects.list"   -mcpu=cortex-m4 -T"C:\Users\48791\Desktop\PMIK\pmik_2024l_jd\MJworkspace_due_to_different_Board\Temp\STM32F411VETX_FLASH.ld" --specs=nosys.specs -Wl,-Map="Temp.map" -Wl,--gc-sections -static --specs=nano.specs -mfpu=fpv4-sp-d16 -mfloat-abi=hard -mthumb -Wl,--start-group -lc -lm -Wl,--end-group
Finished building target: Temp.elf
 
arm-none-eabi-size  Temp.elf 
arm-none-eabi-objdump -h -S Temp.elf  > "Temp.list"
   text	   data	    bss	    dec	    hex	filename
  18468	    152	  18448	  37068	   90cc	Temp.elf
Finished building: default.size.stdout
 
Finished building: Temp.list
 
16:53:11 **** Incremental Build of configuration Debug for project Temp ****
make -j16 all 
arm-none-eabi-gcc "../Core/Src/main.c" -mcpu=cortex-m4 -std=gnu11 -g3 -DDEBUG -DUSE_HAL_DRIVER -DSTM32F411xE -c -I../Core/Inc -I../Drivers/STM32F4xx_HAL_Driver/Inc -I../Drivers/STM32F4xx_HAL_Driver/Inc/Legacy -I../Drivers/CMSIS/Device/ST/STM32F4xx/Include -I../Drivers/CMSIS/Include -I../Middlewares/Third_Party/FreeRTOS/Source/include -I../Middlewares/Third_Party/FreeRTOS/Source/CMSIS_RTOS -I../Middlewares/Third_Party/FreeRTOS/Source/portable/GCC/ARM_CM4F -O0 -ffunction-sections -fdata-sections -Wall -fstack-usage -fcyclomatic-complexity -MMD -MP -MF"Core/Src/main.d" -MT"Core/Src/main.o" --specs=nano.specs -mfpu=fpv4-sp-d16 -mfloat-abi=hard -mthumb -o "Core/Src/main.o"
arm-none-eabi-gcc -o "Temp.elf" @"objects.list"   -mcpu=cortex-m4 -T"C:\Users\48791\Desktop\PMIK\pmik_2024l_jd\MJworkspace_due_to_different_Board\Temp\STM32F411VETX_FLASH.ld" --specs=nosys.specs -Wl,-Map="Temp.map" -Wl,--gc-sections -static --specs=nano.specs -mfpu=fpv4-sp-d16 -mfloat-abi=hard -mthumb -Wl,--start-group -lc -lm -Wl,--end-group
Finished building target: Temp.elf
 
arm-none-eabi-size  Temp.elf 
arm-none-eabi-objdump -h -S Temp.elf  > "Temp.list"
   text	   data	    bss	    dec	    hex	filename
  18500	    152	  18448	  37100	   90ec	Temp.elf
Finished building: default.size.stdout
 
Finished building: Temp.list
 
16:54:28 **** Incremental Build of configuration Debug for project Temp ****
make -j16 all 
arm-none-eabi-gcc "../Core/Src/main.c" -mcpu=cortex-m4 -std=gnu11 -g3 -DDEBUG -DUSE_HAL_DRIVER -DSTM32F411xE -c -I../Core/Inc -I../Drivers/STM32F4xx_HAL_Driver/Inc -I../Drivers/STM32F4xx_HAL_Driver/Inc/Legacy -I../Drivers/CMSIS/Device/ST/STM32F4xx/Include -I../Drivers/CMSIS/Include -I../Middlewares/Third_Party/FreeRTOS/Source/include -I../Middlewares/Third_Party/FreeRTOS/Source/CMSIS_RTOS -I../Middlewares/Third_Party/FreeRTOS/Source/portable/GCC/ARM_CM4F -O0 -ffunction-sections -fdata-sections -Wall -fstack-usage -fcyclomatic-complexity -MMD -MP -MF"Core/Src/main.d" -MT"Core/Src/main.o" --specs=nano.specs -mfpu=fpv4-sp-d16 -mfloat-abi=hard -mthumb -o "Core/Src/main.o"
arm-none-eabi-gcc -o "Temp.elf" @"objects.list"   -mcpu=cortex-m4 -T"C:\Users\48791\Desktop\PMIK\pmik_2024l_jd\MJworkspace_due_to_different_Board\Temp\STM32F411VETX_FLASH.ld" --specs=nosys.specs -Wl,-Map="Temp.map" -Wl,--gc-sections -static --specs=nano.specs -mfpu=fpv4-sp-d16 -mfloat-abi=hard -mthumb -Wl,--start-group -lc -lm -Wl,--end-group
Finished building target: Temp.elf
 
arm-none-eabi-size  Temp.elf 
arm-none-eabi-objdump -h -S Temp.elf  > "Temp.list"
   text	   data	    bss	    dec	    hex	filename
  18468	    152	  18448	  37068	   90cc	Temp.elf
Finished building: default.size.stdout
 
Finished building: Temp.list
 
16:55:14 **** Incremental Build of configuration Debug for project Temp ****
make -j16 all 
arm-none-eabi-gcc "../Core/Src/main.c" -mcpu=cortex-m4 -std=gnu11 -g3 -DDEBUG -DUSE_HAL_DRIVER -DSTM32F411xE -c -I../Core/Inc -I../Drivers/STM32F4xx_HAL_Driver/Inc -I../Drivers/STM32F4xx_HAL_Driver/Inc/Legacy -I../Drivers/CMSIS/Device/ST/STM32F4xx/Include -I../Drivers/CMSIS/Include -I../Middlewares/Third_Party/FreeRTOS/Source/include -I../Middlewares/Third_Party/FreeRTOS/Source/CMSIS_RTOS -I../Middlewares/Third_Party/FreeRTOS/Source/portable/GCC/ARM_CM4F -O0 -ffunction-sections -fdata-sections -Wall -fstack-usage -fcyclomatic-complexity -MMD -MP -MF"Core/Src/main.d" -MT"Core/Src/main.o" --specs=nano.specs -mfpu=fpv4-sp-d16 -mfloat-abi=hard -mthumb -o "Core/Src/main.o"
arm-none-eabi-gcc -o "Temp.elf" @"objects.list"   -mcpu=cortex-m4 -T"C:\Users\48791\Desktop\PMIK\pmik_2024l_jd\MJworkspace_due_to_different_Board\Temp\STM32F411VETX_FLASH.ld" --specs=nosys.specs -Wl,-Map="Temp.map" -Wl,--gc-sections -static --specs=nano.specs -mfpu=fpv4-sp-d16 -mfloat-abi=hard -mthumb -Wl,--start-group -lc -lm -Wl,--end-group
Finished building target: Temp.elf
 
arm-none-eabi-size  Temp.elf 
arm-none-eabi-objdump -h -S Temp.elf  > "Temp.list"
   text	   data	    bss	    dec	    hex	filename
  18468	    152	  18448	  37068	   90cc	Temp.elf
Finished building: default.size.stdout
 
Finished building: Temp.list
 
16:55:33 **** Incremental Build of configuration Debug for project Temp ****
make -j16 all 
arm-none-eabi-size  Temp.elf 
   text	   data	    bss	    dec	    hex	filename
  18468	    152	  18448	  37068	   90cc	Temp.elf
Finished building: default.size.stdout
 
16:56:54 **** Incremental Build of configuration Debug for project Temp ****
make -j16 all 
arm-none-eabi-gcc "../Core/Src/main.c" -mcpu=cortex-m4 -std=gnu11 -g3 -DDEBUG -DUSE_HAL_DRIVER -DSTM32F411xE -c -I../Core/Inc -I../Drivers/STM32F4xx_HAL_Driver/Inc -I../Drivers/STM32F4xx_HAL_Driver/Inc/Legacy -I../Drivers/CMSIS/Device/ST/STM32F4xx/Include -I../Drivers/CMSIS/Include -I../Middlewares/Third_Party/FreeRTOS/Source/include -I../Middlewares/Third_Party/FreeRTOS/Source/CMSIS_RTOS -I../Middlewares/Third_Party/FreeRTOS/Source/portable/GCC/ARM_CM4F -O0 -ffunction-sections -fdata-sections -Wall -fstack-usage -fcyclomatic-complexity -MMD -MP -MF"Core/Src/main.d" -MT"Core/Src/main.o" --specs=nano.specs -mfpu=fpv4-sp-d16 -mfloat-abi=hard -mthumb -o "Core/Src/main.o"
arm-none-eabi-gcc -o "Temp.elf" @"objects.list"   -mcpu=cortex-m4 -T"C:\Users\48791\Desktop\PMIK\pmik_2024l_jd\MJworkspace_due_to_different_Board\Temp\STM32F411VETX_FLASH.ld" --specs=nosys.specs -Wl,-Map="Temp.map" -Wl,--gc-sections -static --specs=nano.specs -mfpu=fpv4-sp-d16 -mfloat-abi=hard -mthumb -Wl,--start-group -lc -lm -Wl,--end-group
Finished building target: Temp.elf
 
arm-none-eabi-size  Temp.elf 
arm-none-eabi-objdump -h -S Temp.elf  > "Temp.list"
   text	   data	    bss	    dec	    hex	filename
  18468	    152	  18448	  37068	   90cc	Temp.elf
Finished building: default.size.stdout
 
Finished building: Temp.list
 
16:57:40 **** Incremental Build of configuration Debug for project Temp ****
make -j16 all 
arm-none-eabi-gcc "../Core/Src/main.c" -mcpu=cortex-m4 -std=gnu11 -g3 -DDEBUG -DUSE_HAL_DRIVER -DSTM32F411xE -c -I../Core/Inc -I../Drivers/STM32F4xx_HAL_Driver/Inc -I../Drivers/STM32F4xx_HAL_Driver/Inc/Legacy -I../Drivers/CMSIS/Device/ST/STM32F4xx/Include -I../Drivers/CMSIS/Include -I../Middlewares/Third_Party/FreeRTOS/Source/include -I../Middlewares/Third_Party/FreeRTOS/Source/CMSIS_RTOS -I../Middlewares/Third_Party/FreeRTOS/Source/portable/GCC/ARM_CM4F -O0 -ffunction-sections -fdata-sections -Wall -fstack-usage -fcyclomatic-complexity -MMD -MP -MF"Core/Src/main.d" -MT"Core/Src/main.o" --specs=nano.specs -mfpu=fpv4-sp-d16 -mfloat-abi=hard -mthumb -o "Core/Src/main.o"
arm-none-eabi-gcc -o "Temp.elf" @"objects.list"   -mcpu=cortex-m4 -T"C:\Users\48791\Desktop\PMIK\pmik_2024l_jd\MJworkspace_due_to_different_Board\Temp\STM32F411VETX_FLASH.ld" --specs=nosys.specs -Wl,-Map="Temp.map" -Wl,--gc-sections -static --specs=nano.specs -mfpu=fpv4-sp-d16 -mfloat-abi=hard -mthumb -Wl,--start-group -lc -lm -Wl,--end-group
Finished building target: Temp.elf
 
arm-none-eabi-size  Temp.elf 
arm-none-eabi-objdump -h -S Temp.elf  > "Temp.list"
   text	   data	    bss	    dec	    hex	filename
  18324	    152	  18448	  36924	   903c	Temp.elf
Finished building: default.size.stdout
 
Finished building: Temp.list
 
