2024-06-13 11:19:07,006 [INFO] Activator:176 - 


2024-06-13 11:19:07,008 [INFO] Activator:177 - !SESSION log4j initialized
2024-06-13 11:19:09,653 [INFO] LogOutputStream:77 - [STDOUT_REDIRECT] 
2024-06-13 11:19:11,333 [INFO] ApplicationProperties:184 - Using Application install path: C:\ST\STM32CubeIDE_1.14.0\STM32CubeIDE\plugins\com.st.stm32cube.common.mx_6.10.0.202311202037
2024-06-13 11:19:11,369 [INFO] DbMcusXml:78 - Set database path to: C:\ST\STM32CubeIDE_1.14.0\STM32CubeIDE\plugins\com.st.stm32cube.common.mx_6.10.0.202311202037\\db\/mcu/
2024-06-13 11:19:11,371 [INFO] ApiDb:274 - Set plugin database path to: C:\ST\STM32CubeIDE_1.14.0\STM32CubeIDE\plugins\com.st.stm32cube.common.mx_6.10.0.202311202037\\db\/plugins/boardmanager/
2024-06-13 11:19:11,371 [WARN] ApiDb:259 - Overriding images path with different value:  => C:\ST\STM32CubeIDE_1.14.0\STM32CubeIDE\plugins\com.st.stm32cube.common.mx_6.10.0.202311202037\\db\/plugins/mcufinder/images/
2024-06-13 11:19:11,384 [INFO] ApiDb:250 - Set database path to: C:\Users\48791\.stmcufinder\plugins\mcufinder//mcu/
2024-06-13 11:19:11,386 [INFO] DbMcusAds:125 - Set database path to: C:\Users\48791\.stmcufinder\plugins\mcufinder//mcu/
2024-06-13 11:19:11,391 [INFO] CrossReferenceDbSqlite:203 - Set database path to: C:\Users\48791\.stmcufinder\plugins\mcufinder//mcu/cs/
2024-06-13 11:19:11,592 [INFO] RulesReader:64 - Compatibility file has been processed (297 Rules)
2024-06-13 11:19:11,690 [INFO] DbMcusXml:78 - Set database path to: C:\ST\STM32CubeIDE_1.14.0\STM32CubeIDE\plugins\com.st.stm32cube.common.mx_6.10.0.202311202037\\db\/mcu/
2024-06-13 11:19:11,690 [INFO] ApiDb:274 - Set plugin database path to: C:\ST\STM32CubeIDE_1.14.0\STM32CubeIDE\plugins\com.st.stm32cube.common.mx_6.10.0.202311202037\\db\/plugins/boardmanager/
2024-06-13 11:19:11,690 [INFO] ApiDb:261 - Set plugin images path to: C:\ST\STM32CubeIDE_1.14.0\STM32CubeIDE\plugins\com.st.stm32cube.common.mx_6.10.0.202311202037\\db\/plugins/mcufinder/images/
2024-06-13 11:19:11,690 [WARN] DbFile:41 - Overriding database path with different value: C:\Users\48791\.stmcufinder\plugins\mcufinder/ => C:\Users\48791\.stmcufinder\plugins\mcufinder
2024-06-13 11:19:11,690 [INFO] ApiDb:250 - Set database path to: C:\Users\48791\.stmcufinder\plugins\mcufinder//mcu/
2024-06-13 11:19:11,690 [WARN] DbFile:41 - Overriding database path with different value: C:\Users\48791\.stmcufinder\plugins\mcufinder/ => C:\Users\48791\.stmcufinder\plugins\mcufinder
2024-06-13 11:19:11,690 [INFO] DbMcusAds:125 - Set database path to: C:\Users\48791\.stmcufinder\plugins\mcufinder//mcu/
2024-06-13 11:19:11,691 [WARN] DbFile:41 - Overriding database path with different value: C:\Users\48791\.stmcufinder\plugins\mcufinder/ => C:\Users\48791\.stmcufinder\plugins\mcufinder
2024-06-13 11:19:11,691 [WARN] DbFile:41 - Overriding database path with different value: C:\Users\48791\.stmcufinder\plugins\mcufinder/ => C:\Users\48791\.stmcufinder\plugins\mcufinder
2024-06-13 11:19:11,691 [INFO] CrossReferenceDbSqlite:203 - Set database path to: C:\Users\48791\.stmcufinder\plugins\mcufinder//mcu/cs/
2024-06-13 11:19:11,781 [INFO] MainPanel:264 - HeapMemory: 268435456
2024-06-13 11:19:11,939 [INFO] DbMcusXml:78 - Set database path to: C:\ST\STM32CubeIDE_1.14.0\STM32CubeIDE\plugins\com.st.stm32cube.common.mx_6.10.0.202311202037\\db\/mcu/
2024-06-13 11:19:11,939 [INFO] ApiDb:274 - Set plugin database path to: C:\ST\STM32CubeIDE_1.14.0\STM32CubeIDE\plugins\com.st.stm32cube.common.mx_6.10.0.202311202037\\db\/plugins/boardmanager/
2024-06-13 11:19:11,939 [INFO] ApiDb:261 - Set plugin images path to: C:\ST\STM32CubeIDE_1.14.0\STM32CubeIDE\plugins\com.st.stm32cube.common.mx_6.10.0.202311202037\\db\/plugins/mcufinder/images/
2024-06-13 11:19:11,939 [WARN] DbFile:41 - Overriding database path with different value: C:\Users\48791\.stmcufinder\plugins\mcufinder/ => C:\Users\48791\.stmcufinder\plugins\mcufinder
2024-06-13 11:19:11,940 [INFO] ApiDb:250 - Set database path to: C:\Users\48791\.stmcufinder\plugins\mcufinder//mcu/
2024-06-13 11:19:11,940 [WARN] DbFile:41 - Overriding database path with different value: C:\Users\48791\.stmcufinder\plugins\mcufinder/ => C:\Users\48791\.stmcufinder\plugins\mcufinder
2024-06-13 11:19:11,940 [INFO] DbMcusAds:125 - Set database path to: C:\Users\48791\.stmcufinder\plugins\mcufinder//mcu/
2024-06-13 11:19:11,940 [WARN] DbFile:41 - Overriding database path with different value: C:\Users\48791\.stmcufinder\plugins\mcufinder/ => C:\Users\48791\.stmcufinder\plugins\mcufinder
2024-06-13 11:19:11,940 [WARN] DbFile:41 - Overriding database path with different value: C:\Users\48791\.stmcufinder\plugins\mcufinder/ => C:\Users\48791\.stmcufinder\plugins\mcufinder
2024-06-13 11:19:11,940 [INFO] CrossReferenceDbSqlite:203 - Set database path to: C:\Users\48791\.stmcufinder\plugins\mcufinder//mcu/cs/
2024-06-13 11:19:11,963 [INFO] ApplicationProperties:184 - Using Application install path: C:\ST\STM32CubeIDE_1.14.0\STM32CubeIDE\plugins\com.st.stm32cube.common.mx_6.10.0.202311202037
2024-06-13 11:19:11,965 [INFO] PluginManage:196 - Search for loadable plugins [exclusion list=, ]
2024-06-13 11:19:11,967 [INFO] PluginManage:310 - Check plugin analytics
2024-06-13 11:19:12,222 [INFO] AnalyticsPlugin:253 - Accepted Software Licenses: STM32CubeMX.6.10.0
2024-06-13 11:19:12,223 [INFO] AnalyticsPlugin:255 - Accepted CMSIS Pack Licenses: 
2024-06-13 11:19:12,223 [INFO] AnalyticsPlugin:257 - Accepted Firmware Licenses: FW.F4.1.28.0,FW.G0.1.6.0
2024-06-13 11:19:12,228 [INFO] PluginManage:359 - Loaded plugin analytics (category:tool,tabindex:-1)
2024-06-13 11:19:12,228 [INFO] PluginManage:310 - Check plugin cadmodel
2024-06-13 11:19:12,236 [INFO] CADModel:105 - Init CAD model plugin
2024-06-13 11:19:12,237 [INFO] PluginManage:359 - Loaded plugin cadmodel (category:power,tabindex:5)
2024-06-13 11:19:12,237 [INFO] PluginManage:310 - Check plugin clock
2024-06-13 11:19:12,254 [INFO] PluginManage:359 - Loaded plugin clock (category:base,tabindex:2)
2024-06-13 11:19:12,255 [INFO] PluginManage:310 - Check plugin ddr
2024-06-13 11:19:12,257 [INFO] PluginManage:359 - Loaded plugin ddr (category:tool,tabindex:6)
2024-06-13 11:19:12,257 [INFO] PluginManage:310 - Check plugin filemanager
2024-06-13 11:19:12,461 [INFO] PluginManage:359 - Loaded plugin filemanager (category:base,tabindex:10)
2024-06-13 11:19:12,461 [INFO] PluginManage:310 - Check plugin ipmanager
2024-06-13 11:19:12,469 [INFO] PluginManage:359 - Loaded plugin ipmanager (category:base,tabindex:5)
2024-06-13 11:19:12,469 [INFO] PluginManage:310 - Check plugin lpbam
2024-06-13 11:19:12,478 [INFO] PluginManage:359 - Loaded plugin lpbam (category:base,tabindex:0)
2024-06-13 11:19:12,478 [INFO] PluginManage:310 - Check plugin memorymap
2024-06-13 11:19:12,509 [INFO] PluginManage:359 - Loaded plugin memorymap (category:base,tabindex:4)
2024-06-13 11:19:12,509 [INFO] PluginManage:310 - Check plugin pinoutandconfiguration
2024-06-13 11:19:12,518 [INFO] PluginManage:359 - Loaded plugin pinoutandconfiguration (category:base,tabindex:1)
2024-06-13 11:19:12,518 [INFO] PluginManage:310 - Check plugin pinoutconfig
2024-06-13 11:19:12,645 [WARN] SupportedApi:132 - Cannot load RTOS API schema: s4s-elt-must-match.1: The content of 'definitions' must match (annotation?, (simpleType | complexType)?, (unique | key | keyref)*)). A problem was found starting at: attribute.
2024-06-13 11:19:12,822 [INFO] PluginManage:359 - Loaded plugin pinoutconfig (category:base,tabindex:0)
2024-06-13 11:19:12,822 [INFO] PluginManage:310 - Check plugin power
2024-06-13 11:19:12,851 [INFO] PluginManage:359 - Loaded plugin power (category:power,tabindex:4)
2024-06-13 11:19:12,852 [INFO] PluginManage:310 - Check plugin projectmanager
2024-06-13 11:19:12,872 [INFO] PluginManage:359 - Loaded plugin projectmanager (category:projectmanager,tabindex:3)
2024-06-13 11:19:12,873 [INFO] PluginManage:310 - Check plugin thirdparty
2024-06-13 11:19:13,093 [INFO] PluginManage:359 - Loaded plugin thirdparty (category:base,tabindex:-1)
2024-06-13 11:19:13,093 [WARN] IntegrityCheckThread:84 - waiting for thirdparty lock release [integrity check]
2024-06-13 11:19:13,093 [INFO] IntegrityCheckThread:86 - entering critical section [integrity check]
2024-06-13 11:19:13,093 [INFO] PluginManage:310 - Check plugin tools
2024-06-13 11:19:13,094 [INFO] ThirdPartyUpdaterWithRetryManager:70 - Updater plugin not ready yet. [1/15]
2024-06-13 11:19:13,099 [INFO] PluginManage:359 - Loaded plugin tools (category:base,tabindex:7)
2024-06-13 11:19:13,099 [INFO] PluginManage:310 - Check plugin tutovideos
2024-06-13 11:19:13,326 [INFO] PluginManage:359 - Loaded plugin tutovideos (category:base,tabindex:-1)
2024-06-13 11:19:13,327 [INFO] PluginManage:310 - Check plugin updater
2024-06-13 11:19:13,357 [INFO] PluginManage:359 - Loaded plugin updater (category:base,tabindex:12)
2024-06-13 11:19:13,357 [INFO] PluginManage:310 - Check plugin userauth
2024-06-13 11:19:13,365 [INFO] UserAuth:114 - Init User Auth plugin
2024-06-13 11:19:13,366 [INFO] PluginManage:359 - Loaded plugin userauth (category:base,tabindex:14)
2024-06-13 11:19:13,366 [INFO] PluginManage:283 - PluginManage : Loaded plugins [17]
2024-06-13 11:19:13,686 [INFO] PinOutPanel:1499 - setPackage(No Configuration,No Configuration)
2024-06-13 11:19:13,813 [INFO] CADModel:165 - CPN selected for project level
2024-06-13 11:19:13,813 [INFO] CADModel:114 - Register for checkConnection events
2024-06-13 11:19:13,837 [INFO] IPUIPlugin:80 - create IPUIPlugin
2024-06-13 11:19:13,838 [INFO] PluginManager:220 - loadIPPluginJar : add adc
2024-06-13 11:19:13,844 [INFO] IPUIPlugin:80 - create IPUIPlugin
2024-06-13 11:19:13,844 [INFO] PluginManager:220 - loadIPPluginJar : add aes
2024-06-13 11:19:13,848 [INFO] IPUIPlugin:80 - create IPUIPlugin
2024-06-13 11:19:13,848 [INFO] PluginManager:220 - loadIPPluginJar : add can
2024-06-13 11:19:13,853 [INFO] IPUIPlugin:80 - create IPUIPlugin
2024-06-13 11:19:13,854 [INFO] PluginManager:220 - loadIPPluginJar : add comp
2024-06-13 11:19:13,862 [INFO] IPUIPlugin:80 - create IPUIPlugin
2024-06-13 11:19:13,863 [INFO] PluginManager:220 - loadIPPluginJar : add cryp
2024-06-13 11:19:13,868 [INFO] IPUIPlugin:80 - create IPUIPlugin
2024-06-13 11:19:13,869 [INFO] PluginManager:220 - loadIPPluginJar : add dfsdm
2024-06-13 11:19:13,883 [INFO] IPUIPlugin:80 - create IPUIPlugin
2024-06-13 11:19:13,883 [INFO] PluginManager:220 - loadIPPluginJar : add dma
2024-06-13 11:19:13,887 [INFO] IPUIPlugin:80 - create IPUIPlugin
2024-06-13 11:19:13,888 [INFO] PluginManager:220 - loadIPPluginJar : add dma3
2024-06-13 11:19:13,892 [INFO] IPUIPlugin:80 - create IPUIPlugin
2024-06-13 11:19:13,892 [INFO] PluginManager:220 - loadIPPluginJar : add fatfs
2024-06-13 11:19:13,896 [INFO] IPUIPlugin:80 - create IPUIPlugin
2024-06-13 11:19:13,897 [INFO] PluginManager:220 - loadIPPluginJar : add fmc
2024-06-13 11:19:13,918 [INFO] IPUIPlugin:80 - create IPUIPlugin
2024-06-13 11:19:13,918 [INFO] PluginManager:220 - loadIPPluginJar : add freertos
2024-06-13 11:19:13,920 [INFO] IPUIPlugin:80 - create IPUIPlugin
2024-06-13 11:19:13,920 [INFO] PluginManager:220 - loadIPPluginJar : add genericplugin
2024-06-13 11:19:13,924 [INFO] IPUIPlugin:80 - create IPUIPlugin
2024-06-13 11:19:13,925 [INFO] PluginManager:220 - loadIPPluginJar : add gfxmmu
2024-06-13 11:19:13,938 [INFO] IPUIPlugin:80 - create IPUIPlugin
2024-06-13 11:19:13,938 [INFO] PluginManager:220 - loadIPPluginJar : add gic
2024-06-13 11:19:13,942 [INFO] IPUIPlugin:80 - create IPUIPlugin
2024-06-13 11:19:13,942 [INFO] PluginManager:220 - loadIPPluginJar : add gpio
2024-06-13 11:19:13,947 [INFO] IPUIPlugin:80 - create IPUIPlugin
2024-06-13 11:19:13,947 [INFO] PluginManager:220 - loadIPPluginJar : add gtzc
2024-06-13 11:19:13,950 [INFO] IPUIPlugin:80 - create IPUIPlugin
2024-06-13 11:19:13,950 [INFO] PluginManager:220 - loadIPPluginJar : add hash
2024-06-13 11:19:13,953 [INFO] IPUIPlugin:80 - create IPUIPlugin
2024-06-13 11:19:13,954 [INFO] PluginManager:220 - loadIPPluginJar : add i2c
2024-06-13 11:19:13,957 [INFO] IPUIPlugin:80 - create IPUIPlugin
2024-06-13 11:19:13,957 [INFO] PluginManager:220 - loadIPPluginJar : add i2s
2024-06-13 11:19:13,961 [INFO] IPUIPlugin:80 - create IPUIPlugin
2024-06-13 11:19:13,961 [INFO] PluginManager:220 - loadIPPluginJar : add i3c
2024-06-13 11:19:13,964 [INFO] IPUIPlugin:80 - create IPUIPlugin
2024-06-13 11:19:13,964 [INFO] PluginManager:220 - loadIPPluginJar : add ipddr
2024-06-13 11:19:13,976 [INFO] IPUIPlugin:80 - create IPUIPlugin
2024-06-13 11:19:13,976 [INFO] PluginManager:220 - loadIPPluginJar : add linkedlist
2024-06-13 11:19:13,980 [INFO] IPUIPlugin:80 - create IPUIPlugin
2024-06-13 11:19:13,981 [INFO] PluginManager:220 - loadIPPluginJar : add lorawan
2024-06-13 11:19:13,983 [INFO] IPUIPlugin:80 - create IPUIPlugin
2024-06-13 11:19:13,984 [INFO] PluginManager:220 - loadIPPluginJar : add ltdc
2024-06-13 11:19:14,004 [INFO] IPUIPlugin:80 - create IPUIPlugin
2024-06-13 11:19:14,005 [INFO] PluginManager:220 - loadIPPluginJar : add mdma
2024-06-13 11:19:14,017 [INFO] IPUIPlugin:80 - create IPUIPlugin
2024-06-13 11:19:14,018 [INFO] PluginManager:220 - loadIPPluginJar : add nvic
2024-06-13 11:19:14,026 [INFO] IPUIPlugin:80 - create IPUIPlugin
2024-06-13 11:19:14,026 [INFO] PluginManager:220 - loadIPPluginJar : add opamp
2024-06-13 11:19:14,030 [INFO] IPUIPlugin:80 - create IPUIPlugin
2024-06-13 11:19:14,030 [INFO] PluginManager:220 - loadIPPluginJar : add openamp
2024-06-13 11:19:14,037 [INFO] IPUIPlugin:80 - create IPUIPlugin
2024-06-13 11:19:14,037 [INFO] PluginManager:220 - loadIPPluginJar : add pdm2pcm
2024-06-13 11:19:14,055 [INFO] IPUIPlugin:80 - create IPUIPlugin
2024-06-13 11:19:14,056 [INFO] PluginManager:220 - loadIPPluginJar : add plateformsettings
2024-06-13 11:19:14,058 [INFO] IPUIPlugin:80 - create IPUIPlugin
2024-06-13 11:19:14,058 [INFO] PluginManager:220 - loadIPPluginJar : add quadspi
2024-06-13 11:19:14,066 [INFO] IPUIPlugin:80 - create IPUIPlugin
2024-06-13 11:19:14,068 [INFO] PluginManager:220 - loadIPPluginJar : add resmgrutility
2024-06-13 11:19:14,073 [INFO] IPUIPlugin:80 - create IPUIPlugin
2024-06-13 11:19:14,073 [INFO] PluginManager:220 - loadIPPluginJar : add sai
2024-06-13 11:19:14,078 [INFO] IPUIPlugin:80 - create IPUIPlugin
2024-06-13 11:19:14,078 [INFO] PluginManager:220 - loadIPPluginJar : add spi
2024-06-13 11:19:14,086 [INFO] IPUIPlugin:80 - create IPUIPlugin
2024-06-13 11:19:14,086 [INFO] PluginManager:220 - loadIPPluginJar : add stm32_wpan
2024-06-13 11:19:14,092 [INFO] IPUIPlugin:80 - create IPUIPlugin
2024-06-13 11:19:14,092 [INFO] PluginManager:220 - loadIPPluginJar : add tim
2024-06-13 11:19:14,098 [INFO] IPUIPlugin:80 - create IPUIPlugin
2024-06-13 11:19:14,098 [INFO] PluginManager:220 - loadIPPluginJar : add touchsensing
2024-06-13 11:19:14,102 [INFO] IPUIPlugin:80 - create IPUIPlugin
2024-06-13 11:19:14,102 [INFO] PluginManager:220 - loadIPPluginJar : add tracer_emb
2024-06-13 11:19:14,106 [INFO] IPUIPlugin:80 - create IPUIPlugin
2024-06-13 11:19:14,106 [INFO] PluginManager:220 - loadIPPluginJar : add ts
2024-06-13 11:19:14,108 [INFO] IPUIPlugin:80 - create IPUIPlugin
2024-06-13 11:19:14,108 [INFO] PluginManager:220 - loadIPPluginJar : add tsc
2024-06-13 11:19:14,111 [INFO] IPUIPlugin:80 - create IPUIPlugin
2024-06-13 11:19:14,111 [INFO] PluginManager:220 - loadIPPluginJar : add ucpd
2024-06-13 11:19:14,116 [INFO] IPUIPlugin:80 - create IPUIPlugin
2024-06-13 11:19:14,116 [INFO] PluginManager:220 - loadIPPluginJar : add usart
2024-06-13 11:19:14,120 [INFO] IPUIPlugin:80 - create IPUIPlugin
2024-06-13 11:19:14,120 [INFO] PluginManager:220 - loadIPPluginJar : add usbx
2024-06-13 11:19:14,258 [INFO] CADModel:165 - CPN selected for project level
2024-06-13 11:19:14,259 [INFO] CADModel:114 - Register for checkConnection events
2024-06-13 11:19:14,259 [FATAL] Updater:308 - Updater called before beeing initialized
2024-06-13 11:19:14,259 [ERROR] CADModel:125 - Updater not yet initialized, retry later 
2024-06-13 11:19:14,463 [INFO] CADModel:165 - CPN selected for project level
2024-06-13 11:19:14,463 [INFO] CADModel:114 - Register for checkConnection events
2024-06-13 11:19:14,463 [FATAL] Updater:308 - Updater called before beeing initialized
2024-06-13 11:19:14,463 [ERROR] CADModel:125 - Updater not yet initialized, retry later 
2024-06-13 11:19:14,468 [FATAL] Updater:308 - Updater called before beeing initialized
2024-06-13 11:19:14,595 [FATAL] Updater:308 - Updater called before beeing initialized
2024-06-13 11:19:14,598 [INFO] DbMcusAds:53 - JSON generation date=Thu May 16 11:22:00 CEST 2024 (1715851320667)
2024-06-13 11:19:14,599 [FATAL] Updater:308 - Updater called before beeing initialized
2024-06-13 11:19:14,643 [WARN] DetailPanel:346 - Failed to get advertising image, set to default
2024-06-13 11:19:14,720 [FATAL] Updater:308 - Updater called before beeing initialized
2024-06-13 11:19:14,723 [FATAL] Updater:308 - Updater called before beeing initialized
2024-06-13 11:19:14,723 [FATAL] Updater:308 - Updater called before beeing initialized
2024-06-13 11:19:14,723 [WARN] DetailPanel:346 - Failed to get advertising image, set to default
2024-06-13 11:19:14,724 [FATAL] Updater:308 - Updater called before beeing initialized
2024-06-13 11:19:14,780 [ERROR] Updater:1120 - MainUpdater not yet initialized. External WinMGr cannot be set.
2024-06-13 11:19:14,783 [INFO] Updater:1056 - Updater Version found : 6.10.0
2024-06-13 11:19:14,820 [INFO] ApplicationProperties:184 - Using Application install path: C:\ST\STM32CubeIDE_1.14.0\STM32CubeIDE\plugins\com.st.stm32cube.common.mx_6.10.0.202311202037
2024-06-13 11:19:16,096 [INFO] ThirdPartyUpdaterWithRetryManager:70 - Updater plugin not ready yet. [2/15]
2024-06-13 11:19:16,398 [ERROR] LogOutputStream:75 - [STDERR_REDIRECT] Jun 13, 2024 11:19:16 AM java.util.prefs.WindowsPreferences <init>
2024-06-13 11:19:16,401 [ERROR] LogOutputStream:75 - [STDERR_REDIRECT] WARNING: Could not open/create prefs root node Software\JavaSoft\Prefs at root 0xffffffff80000002. Windows RegCreateKeyEx(...) returned error code 5.
2024-06-13 11:19:16,404 [ERROR] LogOutputStream:75 - [STDERR_REDIRECT] 
2024-06-13 11:19:16,737 [INFO] MainUpdater:2873 - connection check result : 10
2024-06-13 11:19:16,738 [INFO] MainUpdater:290 - Updater Check For Update Now.
2024-06-13 11:19:16,738 [INFO] MicroXplorer:498 - Change Database Version : DB.6.0.100
2024-06-13 11:19:16,755 [INFO] McuFinderGlobals:63 - Set McuFinder mode to 2 (CubeIDE integrated)
2024-06-13 11:19:16,941 [INFO] CheckServerUpdateThread:120 - End of CheckServer Thread
2024-06-13 11:19:17,037 [INFO] UserAuth:404 - Internet connection configuration mode: 1
2024-06-13 11:19:17,068 [INFO] JxBrowserEngine:152 - Initiate JxBrowser Engine with user profile folder
2024-06-13 11:19:18,032 [INFO] WebApp:161 - Instantiating new browser for Auth
2024-06-13 11:19:18,898 [INFO] WebApp:780 - Register for checkConnection events
2024-06-13 11:19:18,899 [INFO] WebApp:414 - Apply proxy settings
2024-06-13 11:19:18,899 [INFO] WebApp:499 - Chromium requires no authentication
2024-06-13 11:19:18,915 [INFO] WebApp:442 - Direct internet connection detected
2024-06-13 11:19:19,181 [INFO] WebApp:192 - Starting web application
2024-06-13 11:19:19,181 [INFO] WebApp:544 - Web application path used C:\ST\STM32CubeIDE_1.14.0\STM32CubeIDE\plugins\com.st.stm32cube.common.mx_6.10.0.202311202037\db\plugins\mcufinder\reactClient1\index.html
2024-06-13 11:19:19,361 [WARN] PackLoader:240 - Cannot read IP mode file for STMicroelectronics.FP-SNS-MOTENVWB1.1.4.0
2024-06-13 11:19:19,384 [WARN] PackLoader:240 - Cannot read IP mode file for STMicroelectronics.X-CUBE-SMBUS.2.1.0
2024-06-13 11:19:19,395 [WARN] PackLoader:240 - Cannot read IP mode file for STMicroelectronics.X-CUBE-TOUCHGFX.4.23.1
2024-06-13 11:19:19,401 [WARN] PackLoader:240 - Cannot read IP mode file for STMicroelectronics.X-CUBE-TOUCHGFX.4.23.0
2024-06-13 11:19:19,405 [WARN] PackLoader:240 - Cannot read IP mode file for STMicroelectronics.X-CUBE-TOUCHGFX.4.23.2
2024-06-13 11:19:19,455 [WARN] PackLoader:240 - Cannot read IP mode file for STMicroelectronics.X-CUBE-AZRTOS-F7.1.1.0
2024-06-13 11:19:19,472 [WARN] PackLoader:240 - Cannot read IP mode file for STMicroelectronics.FP-SNS-MOTENV1.4.3.2
2024-06-13 11:19:19,485 [WARN] PackLoader:240 - Cannot read IP mode file for STMicroelectronics.FP-SNS-FLIGHT1.5.0.2
2024-06-13 11:19:19,500 [WARN] PackLoader:240 - Cannot read IP mode file for STMicroelectronics.X-CUBE-DISPLAY.3.0.0
2024-06-13 11:19:19,528 [WARN] PackLoader:240 - Cannot read IP mode file for STMicroelectronics.X-CUBE-BLE1.7.0.0
2024-06-13 11:19:19,536 [WARN] PackLoader:240 - Cannot read IP mode file for emotas.I-CUBE-CANOPEN.1.3.0
2024-06-13 11:19:19,547 [WARN] PackLoader:240 - Cannot read IP mode file for STMicroelectronics.X-CUBE-BLEMGR.3.1.0
2024-06-13 11:19:19,555 [WARN] PackLoader:240 - Cannot read IP mode file for STMicroelectronics.FP-SNS-SMARTAG2.1.2.0
2024-06-13 11:19:19,574 [INFO] LogOutputStream:77 - [STDOUT_REDIRECT] 1 : Invalid condition id : UX_CORESTACK_Condition cause : null
2024-06-13 11:19:19,576 [INFO] LogOutputStream:77 - [STDOUT_REDIRECT] 1 : Invalid condition id : UX_CORESTACK_Condition cause : null
2024-06-13 11:19:19,578 [INFO] LogOutputStream:77 - [STDOUT_REDIRECT] 1 : Invalid condition id : UX_CORESTACK_Condition cause : null
2024-06-13 11:19:19,579 [INFO] LogOutputStream:77 - [STDOUT_REDIRECT] 1 : Invalid condition id : UX_CORESTACK_Condition cause : null
2024-06-13 11:19:19,581 [INFO] LogOutputStream:77 - [STDOUT_REDIRECT] 1 : Invalid condition id : UX_CORESTACK_Condition cause : null
2024-06-13 11:19:19,586 [WARN] PackLoader:240 - Cannot read IP mode file for STMicroelectronics.X-CUBE-AZRTOS-WL.2.0.0
2024-06-13 11:19:19,591 [WARN] PackLoader:240 - Cannot read IP mode file for STMicroelectronics.FP-SNS-MOTENV1.5.0.0
2024-06-13 11:19:19,606 [WARN] PackLoader:240 - Cannot read IP mode file for WES.I-CUBE-Cesium.1.3.0
2024-06-13 11:19:19,611 [WARN] PackLoader:240 - Cannot read IP mode file for STMicroelectronics.X-CUBE-BLE2.3.3.0
2024-06-13 11:19:19,618 [WARN] PackLoader:240 - Cannot read IP mode file for STMicroelectronics.X-CUBE-TCPP.4.1.0
2024-06-13 11:19:19,626 [WARN] PackLoader:240 - Cannot read IP mode file for STMicroelectronics.X-CUBE-ALGOBUILD.1.3.0
2024-06-13 11:19:19,640 [WARN] PackLoader:240 - Cannot read IP mode file for STMicroelectronics.X-CUBE-AZRTOS-G0.1.1.0
2024-06-13 11:19:19,650 [WARN] PackLoader:240 - Cannot read IP mode file for STMicroelectronics.X-CUBE-SAFEA1.1.2.2
2024-06-13 11:19:19,656 [WARN] PackLoader:240 - Cannot read IP mode file for STMicroelectronics.X-CUBE-NFC4.3.0.0
2024-06-13 11:19:19,667 [WARN] PackLoader:240 - Cannot read IP mode file for wolfSSL.I-CUBE-wolfMQTT.1.18.0
2024-06-13 11:19:19,675 [WARN] PackLoader:240 - Cannot read IP mode file for STMicroelectronics.X-CUBE-BLEMGR.3.0.0
2024-06-13 11:19:19,681 [WARN] PackLoader:240 - Cannot read IP mode file for STMicroelectronics.FP-ATR-SIGFOX1.3.2.0
2024-06-13 11:19:19,688 [WARN] PackLoader:240 - Cannot read IP mode file for STMicroelectronics.X-CUBE-EEPRMA1.5.1.0
2024-06-13 11:19:19,729 [WARN] PackLoader:240 - Cannot read IP mode file for SEGGER.I-CUBE-embOS.1.3.1
2024-06-13 11:19:19,763 [WARN] PackLoader:240 - Cannot read IP mode file for STMicroelectronics.X-CUBE-ALGOBUILD.1.4.0
2024-06-13 11:19:19,770 [WARN] PackLoader:240 - Cannot read IP mode file for STMicroelectronics.X-CUBE-GNSS1.6.0.0
2024-06-13 11:19:19,781 [WARN] PackLoader:240 - Cannot read IP mode file for STMicroelectronics.X-CUBE-AZRTOS-F4.1.1.0
2024-06-13 11:19:19,788 [WARN] PackLoader:240 - Cannot read IP mode file for STMicroelectronics.X-CUBE-FREERTOS.1.2.0
2024-06-13 11:19:19,793 [WARN] PackLoader:240 - Cannot read IP mode file for wolfSSL.I-CUBE-wolfSSL.5.6.6
2024-06-13 11:19:19,805 [WARN] PackLoader:240 - Cannot read IP mode file for STMicroelectronics.X-CUBE-AZRTOS-L5.2.0.0
2024-06-13 11:19:19,810 [WARN] PackLoader:240 - Cannot read IP mode file for STMicroelectronics.X-CUBE-EEPRMA1.4.2.0
2024-06-13 11:19:19,817 [WARN] PackLoader:240 - Cannot read IP mode file for STMicroelectronics.X-CUBE-NFC6.3.1.0
2024-06-13 11:19:19,824 [WARN] PackLoader:240 - Cannot read IP mode file for ITTIA_DB.I-CUBE-ITTIADB.8.8.0
2024-06-13 11:19:19,828 [WARN] PackLoader:240 - Cannot read IP mode file for STMicroelectronics.X-CUBE-AI.9.0.0
2024-06-13 11:19:19,833 [WARN] PackLoader:240 - Cannot read IP mode file for STMicroelectronics.X-CUBE-NFC7.1.0.1
2024-06-13 11:19:19,839 [WARN] PackLoader:240 - Cannot read IP mode file for STMicroelectronics.X-CUBE-NFC6.3.0.0
2024-06-13 11:19:19,843 [WARN] PackLoader:240 - Cannot read IP mode file for STMicroelectronics.X-CUBE-AI.8.1.0
2024-06-13 11:19:19,855 [WARN] ConditionMgr:438 - getConditionDescription Invalid condition id : LAN8742 Phy interface Condition cause : null
2024-06-13 11:19:19,856 [WARN] PackLoader:240 - Cannot read IP mode file for STMicroelectronics.X-CUBE-AZRTOS-L4.2.0.0
2024-06-13 11:19:19,857 [WARN] ConditionMgr:1039 - genDependencies : Invalid condition id : LAN8742 Phy interface Condition cause : null
2024-06-13 11:19:19,857 [WARN] ConditionMgr:1039 - genDependencies : Invalid condition id : LAN8742 Phy interface Condition cause : null
2024-06-13 11:19:19,858 [WARN] ConditionMgr:1039 - genDependencies : Invalid condition id : LAN8742 Phy interface Condition cause : null
2024-06-13 11:19:19,864 [WARN] PackLoader:240 - Cannot read IP mode file for STMicroelectronics.X-CUBE-SFXS2LP1.4.0.0
2024-06-13 11:19:19,873 [WARN] ConditionMgr:438 - getConditionDescription Invalid condition id : UX DEVICE CLASS RTOS Condition cause : null
2024-06-13 11:19:19,873 [WARN] ConditionMgr:438 - getConditionDescription Invalid condition id : UX DEVICE CLASS RTOS Condition cause : null
2024-06-13 11:19:19,875 [WARN] PackLoader:240 - Cannot read IP mode file for STMicroelectronics.X-CUBE-AZRTOS-WB.2.0.0
2024-06-13 11:19:19,875 [WARN] ConditionMgr:1039 - genDependencies : Invalid condition id : UX DEVICE CLASS RTOS Condition cause : null
2024-06-13 11:19:19,875 [WARN] ConditionMgr:1039 - genDependencies : Invalid condition id : UX DEVICE CLASS RTOS Condition cause : null
2024-06-13 11:19:19,876 [WARN] ConditionMgr:1039 - genDependencies : Invalid condition id : UX DEVICE CLASS RTOS Condition cause : null
2024-06-13 11:19:19,876 [WARN] ConditionMgr:1039 - genDependencies : Invalid condition id : UX DEVICE CLASS RTOS Condition cause : null
2024-06-13 11:19:19,876 [WARN] ConditionMgr:1039 - genDependencies : Invalid condition id : UX DEVICE CLASS RTOS Condition cause : null
2024-06-13 11:19:19,883 [WARN] PackLoader:240 - Cannot read IP mode file for STMicroelectronics.X-CUBE-SUBG2.5.0.0
2024-06-13 11:19:19,895 [WARN] PackLoader:240 - Cannot read IP mode file for STMicroelectronics.X-CUBE-AZRTOS-G4.2.0.0
2024-06-13 11:19:20,140 [WARN] PackLoader:240 - Cannot read IP mode file for Infineon.AIROC-Wi-Fi-Bluetooth-STM32.1.5.1
2024-06-13 11:19:20,145 [WARN] PackLoader:240 - Cannot read IP mode file for STMicroelectronics.FP-SNS-MOTENVWB1.1.3.1
2024-06-13 11:19:20,149 [WARN] PackLoader:240 - Cannot read IP mode file for STMicroelectronics.X-CUBE-ISPU.2.0.0
2024-06-13 11:19:20,155 [WARN] PackLoader:240 - Cannot read IP mode file for STMicroelectronics.X-CUBE-ALS.1.0.2
2024-06-13 11:19:20,177 [WARN] PackLoader:240 - Cannot read IP mode file for STMicroelectronics.X-CUBE-MEMS1.10.0.0
2024-06-13 11:19:20,228 [WARN] PackLoader:240 - Cannot read IP mode file for STMicroelectronics.X-CUBE-FREERTOS.1.1.0
2024-06-13 11:19:20,232 [WARN] PackLoader:240 - Cannot read IP mode file for portGmbH.I-Cube-SoM-uGOAL.1.1.0
2024-06-13 11:19:20,235 [WARN] PackLoader:240 - Cannot read IP mode file for STMicroelectronics.X-CUBE-ALS.1.0.1
2024-06-13 11:19:20,245 [WARN] PackLoader:240 - Cannot read IP mode file for STMicroelectronics.X-CUBE-AZRTOS-H7RS.1.0.0
2024-06-13 11:19:20,251 [WARN] PackLoader:240 - Cannot read IP mode file for STMicroelectronics.FP-ATR-ASTRA1.2.0.0
2024-06-13 11:19:20,258 [WARN] PackLoader:240 - Cannot read IP mode file for STMicroelectronics.X-CUBE-TOF1.3.4.0
2024-06-13 11:19:20,273 [WARN] PackLoader:240 - Cannot read IP mode file for STMicroelectronics.X-CUBE-TOF1.3.4.1
2024-06-13 11:19:20,292 [WARN] PackLoader:240 - Cannot read IP mode file for STMicroelectronics.X-CUBE-AZRTOS-H7.3.2.0
2024-06-13 11:19:20,294 [INFO] ThirdParty:978 - Integrity check success = true
2024-06-13 11:19:20,294 [INFO] IntegrityCheckThread:100 - exiting critical section [integrity check]
2024-06-13 11:19:20,294 [INFO] IntegrityCheckThread:103 - End integrity checks thread
2024-06-13 11:19:40,232 [ERROR] LogOutputStream:75 - [STDERR_REDIRECT] SLF4J: Failed to load class "org.slf4j.impl.StaticLoggerBinder".
2024-06-13 11:19:40,233 [ERROR] LogOutputStream:75 - [STDERR_REDIRECT] SLF4J: Defaulting to no-operation (NOP) logger implementation
2024-06-13 11:19:40,234 [ERROR] LogOutputStream:75 - [STDERR_REDIRECT] SLF4J: See http://www.slf4j.org/codes.html#StaticLoggerBinder for further details.
2024-06-13 11:31:13,355 [ERROR] LogOutputStream:75 - [STDERR_REDIRECT] 
