2024-05-01 13:14:31,018 [INFO] Activator:176 - 


2024-05-01 13:14:31,026 [INFO] Activator:177 - !SESSION log4j initialized
2024-05-01 13:14:40,509 [INFO] LogOutputStream:77 - [STDOUT_REDIRECT] 
2024-05-01 13:14:42,597 [INFO] ApplicationProperties:184 - Using Application install path: C:\ST\STM32CubeIDE_1.14.0\STM32CubeIDE\plugins\com.st.stm32cube.common.mx_6.10.0.202311202037
2024-05-01 13:14:42,640 [INFO] DbMcusXml:78 - Set database path to: C:\ST\STM32CubeIDE_1.14.0\STM32CubeIDE\plugins\com.st.stm32cube.common.mx_6.10.0.202311202037\\db\/mcu/
2024-05-01 13:14:42,641 [INFO] ApiDb:274 - Set plugin database path to: C:\ST\STM32CubeIDE_1.14.0\STM32CubeIDE\plugins\com.st.stm32cube.common.mx_6.10.0.202311202037\\db\/plugins/boardmanager/
2024-05-01 13:14:42,642 [WARN] ApiDb:259 - Overriding images path with different value:  => C:\ST\STM32CubeIDE_1.14.0\STM32CubeIDE\plugins\com.st.stm32cube.common.mx_6.10.0.202311202037\\db\/plugins/mcufinder/images/
2024-05-01 13:14:42,672 [INFO] ApiDb:250 - Set database path to: C:\Users\48791\.stmcufinder\plugins\mcufinder//mcu/
2024-05-01 13:14:42,677 [INFO] DbMcusAds:125 - Set database path to: C:\Users\48791\.stmcufinder\plugins\mcufinder//mcu/
2024-05-01 13:14:42,682 [INFO] CrossReferenceDbSqlite:203 - Set database path to: C:\Users\48791\.stmcufinder\plugins\mcufinder//mcu/cs/
2024-05-01 13:14:42,888 [INFO] RulesReader:64 - Compatibility file has been processed (297 Rules)
2024-05-01 13:14:43,060 [INFO] DbMcusXml:78 - Set database path to: C:\ST\STM32CubeIDE_1.14.0\STM32CubeIDE\plugins\com.st.stm32cube.common.mx_6.10.0.202311202037\\db\/mcu/
2024-05-01 13:14:43,060 [INFO] ApiDb:274 - Set plugin database path to: C:\ST\STM32CubeIDE_1.14.0\STM32CubeIDE\plugins\com.st.stm32cube.common.mx_6.10.0.202311202037\\db\/plugins/boardmanager/
2024-05-01 13:14:43,061 [INFO] ApiDb:261 - Set plugin images path to: C:\ST\STM32CubeIDE_1.14.0\STM32CubeIDE\plugins\com.st.stm32cube.common.mx_6.10.0.202311202037\\db\/plugins/mcufinder/images/
2024-05-01 13:14:43,061 [WARN] DbFile:41 - Overriding database path with different value: C:\Users\48791\.stmcufinder\plugins\mcufinder/ => C:\Users\48791\.stmcufinder\plugins\mcufinder
2024-05-01 13:14:43,061 [INFO] ApiDb:250 - Set database path to: C:\Users\48791\.stmcufinder\plugins\mcufinder//mcu/
2024-05-01 13:14:43,062 [WARN] DbFile:41 - Overriding database path with different value: C:\Users\48791\.stmcufinder\plugins\mcufinder/ => C:\Users\48791\.stmcufinder\plugins\mcufinder
2024-05-01 13:14:43,062 [INFO] DbMcusAds:125 - Set database path to: C:\Users\48791\.stmcufinder\plugins\mcufinder//mcu/
2024-05-01 13:14:43,062 [WARN] DbFile:41 - Overriding database path with different value: C:\Users\48791\.stmcufinder\plugins\mcufinder/ => C:\Users\48791\.stmcufinder\plugins\mcufinder
2024-05-01 13:14:43,062 [WARN] DbFile:41 - Overriding database path with different value: C:\Users\48791\.stmcufinder\plugins\mcufinder/ => C:\Users\48791\.stmcufinder\plugins\mcufinder
2024-05-01 13:14:43,062 [INFO] CrossReferenceDbSqlite:203 - Set database path to: C:\Users\48791\.stmcufinder\plugins\mcufinder//mcu/cs/
2024-05-01 13:14:43,230 [INFO] MainPanel:264 - HeapMemory: 268435456
2024-05-01 13:14:43,433 [INFO] DbMcusXml:78 - Set database path to: C:\ST\STM32CubeIDE_1.14.0\STM32CubeIDE\plugins\com.st.stm32cube.common.mx_6.10.0.202311202037\\db\/mcu/
2024-05-01 13:14:43,433 [INFO] ApiDb:274 - Set plugin database path to: C:\ST\STM32CubeIDE_1.14.0\STM32CubeIDE\plugins\com.st.stm32cube.common.mx_6.10.0.202311202037\\db\/plugins/boardmanager/
2024-05-01 13:14:43,433 [INFO] ApiDb:261 - Set plugin images path to: C:\ST\STM32CubeIDE_1.14.0\STM32CubeIDE\plugins\com.st.stm32cube.common.mx_6.10.0.202311202037\\db\/plugins/mcufinder/images/
2024-05-01 13:14:43,434 [WARN] DbFile:41 - Overriding database path with different value: C:\Users\48791\.stmcufinder\plugins\mcufinder/ => C:\Users\48791\.stmcufinder\plugins\mcufinder
2024-05-01 13:14:43,434 [INFO] ApiDb:250 - Set database path to: C:\Users\48791\.stmcufinder\plugins\mcufinder//mcu/
2024-05-01 13:14:43,435 [WARN] DbFile:41 - Overriding database path with different value: C:\Users\48791\.stmcufinder\plugins\mcufinder/ => C:\Users\48791\.stmcufinder\plugins\mcufinder
2024-05-01 13:14:43,435 [INFO] DbMcusAds:125 - Set database path to: C:\Users\48791\.stmcufinder\plugins\mcufinder//mcu/
2024-05-01 13:14:43,435 [WARN] DbFile:41 - Overriding database path with different value: C:\Users\48791\.stmcufinder\plugins\mcufinder/ => C:\Users\48791\.stmcufinder\plugins\mcufinder
2024-05-01 13:14:43,435 [WARN] DbFile:41 - Overriding database path with different value: C:\Users\48791\.stmcufinder\plugins\mcufinder/ => C:\Users\48791\.stmcufinder\plugins\mcufinder
2024-05-01 13:14:43,435 [INFO] CrossReferenceDbSqlite:203 - Set database path to: C:\Users\48791\.stmcufinder\plugins\mcufinder//mcu/cs/
2024-05-01 13:14:43,473 [INFO] ApplicationProperties:184 - Using Application install path: C:\ST\STM32CubeIDE_1.14.0\STM32CubeIDE\plugins\com.st.stm32cube.common.mx_6.10.0.202311202037
2024-05-01 13:14:43,476 [INFO] PluginManage:196 - Search for loadable plugins [exclusion list=, ]
2024-05-01 13:14:43,479 [INFO] PluginManage:310 - Check plugin analytics
2024-05-01 13:14:43,779 [INFO] AnalyticsPlugin:253 - Accepted Software Licenses: STM32CubeMX.6.10.0
2024-05-01 13:14:43,779 [INFO] AnalyticsPlugin:255 - Accepted CMSIS Pack Licenses: 
2024-05-01 13:14:43,779 [INFO] AnalyticsPlugin:257 - Accepted Firmware Licenses: FW.F4.1.28.0
2024-05-01 13:14:43,785 [INFO] PluginManage:359 - Loaded plugin analytics (category:tool,tabindex:-1)
2024-05-01 13:14:43,786 [INFO] PluginManage:310 - Check plugin cadmodel
2024-05-01 13:14:43,797 [INFO] CADModel:105 - Init CAD model plugin
2024-05-01 13:14:43,798 [INFO] PluginManage:359 - Loaded plugin cadmodel (category:power,tabindex:5)
2024-05-01 13:14:43,798 [INFO] PluginManage:310 - Check plugin clock
2024-05-01 13:14:43,821 [INFO] PluginManage:359 - Loaded plugin clock (category:base,tabindex:2)
2024-05-01 13:14:43,822 [INFO] PluginManage:310 - Check plugin ddr
2024-05-01 13:14:43,826 [INFO] PluginManage:359 - Loaded plugin ddr (category:tool,tabindex:6)
2024-05-01 13:14:43,826 [INFO] PluginManage:310 - Check plugin filemanager
2024-05-01 13:14:44,143 [INFO] PluginManage:359 - Loaded plugin filemanager (category:base,tabindex:10)
2024-05-01 13:14:44,144 [INFO] PluginManage:310 - Check plugin ipmanager
2024-05-01 13:14:44,162 [INFO] PluginManage:359 - Loaded plugin ipmanager (category:base,tabindex:5)
2024-05-01 13:14:44,163 [INFO] PluginManage:310 - Check plugin lpbam
2024-05-01 13:14:44,184 [INFO] PluginManage:359 - Loaded plugin lpbam (category:base,tabindex:0)
2024-05-01 13:14:44,185 [INFO] PluginManage:310 - Check plugin memorymap
2024-05-01 13:14:44,218 [INFO] PluginManage:359 - Loaded plugin memorymap (category:base,tabindex:4)
2024-05-01 13:14:44,218 [INFO] PluginManage:310 - Check plugin pinoutandconfiguration
2024-05-01 13:14:44,233 [INFO] PluginManage:359 - Loaded plugin pinoutandconfiguration (category:base,tabindex:1)
2024-05-01 13:14:44,234 [INFO] PluginManage:310 - Check plugin pinoutconfig
2024-05-01 13:14:44,424 [WARN] SupportedApi:132 - Cannot load RTOS API schema: s4s-elt-must-match.1: The content of 'definitions' must match (annotation?, (simpleType | complexType)?, (unique | key | keyref)*)). A problem was found starting at: attribute.
2024-05-01 13:14:44,770 [INFO] PluginManage:359 - Loaded plugin pinoutconfig (category:base,tabindex:0)
2024-05-01 13:14:44,771 [INFO] PluginManage:310 - Check plugin power
2024-05-01 13:14:44,811 [INFO] PluginManage:359 - Loaded plugin power (category:power,tabindex:4)
2024-05-01 13:14:44,812 [INFO] PluginManage:310 - Check plugin projectmanager
2024-05-01 13:14:44,839 [INFO] PluginManage:359 - Loaded plugin projectmanager (category:projectmanager,tabindex:3)
2024-05-01 13:14:44,839 [INFO] PluginManage:310 - Check plugin thirdparty
2024-05-01 13:14:45,218 [WARN] IntegrityCheckThread:84 - waiting for thirdparty lock release [integrity check]
2024-05-01 13:14:45,218 [INFO] IntegrityCheckThread:86 - entering critical section [integrity check]
2024-05-01 13:14:45,221 [INFO] ThirdPartyUpdaterWithRetryManager:70 - Updater plugin not ready yet. [1/15]
2024-05-01 13:14:45,224 [INFO] PluginManage:359 - Loaded plugin thirdparty (category:base,tabindex:-1)
2024-05-01 13:14:45,224 [INFO] PluginManage:310 - Check plugin tools
2024-05-01 13:14:45,242 [INFO] PluginManage:359 - Loaded plugin tools (category:base,tabindex:7)
2024-05-01 13:14:45,242 [INFO] PluginManage:310 - Check plugin tutovideos
2024-05-01 13:14:45,981 [INFO] PluginManage:359 - Loaded plugin tutovideos (category:base,tabindex:-1)
2024-05-01 13:14:45,981 [INFO] PluginManage:310 - Check plugin updater
2024-05-01 13:14:46,010 [INFO] PluginManage:359 - Loaded plugin updater (category:base,tabindex:12)
2024-05-01 13:14:46,011 [INFO] PluginManage:310 - Check plugin userauth
2024-05-01 13:14:46,022 [INFO] UserAuth:114 - Init User Auth plugin
2024-05-01 13:14:46,023 [INFO] PluginManage:359 - Loaded plugin userauth (category:base,tabindex:14)
2024-05-01 13:14:46,026 [INFO] PluginManage:283 - PluginManage : Loaded plugins [17]
2024-05-01 13:14:46,436 [INFO] PinOutPanel:1499 - setPackage(No Configuration,No Configuration)
2024-05-01 13:14:46,560 [INFO] CADModel:165 - CPN selected for project level
2024-05-01 13:14:46,561 [INFO] CADModel:114 - Register for checkConnection events
2024-05-01 13:14:46,587 [INFO] IPUIPlugin:80 - create IPUIPlugin
2024-05-01 13:14:46,587 [INFO] PluginManager:220 - loadIPPluginJar : add adc
2024-05-01 13:14:46,590 [INFO] IPUIPlugin:80 - create IPUIPlugin
2024-05-01 13:14:46,590 [INFO] PluginManager:220 - loadIPPluginJar : add aes
2024-05-01 13:14:46,596 [INFO] IPUIPlugin:80 - create IPUIPlugin
2024-05-01 13:14:46,596 [INFO] PluginManager:220 - loadIPPluginJar : add can
2024-05-01 13:14:46,598 [INFO] IPUIPlugin:80 - create IPUIPlugin
2024-05-01 13:14:46,599 [INFO] PluginManager:220 - loadIPPluginJar : add comp
2024-05-01 13:14:46,603 [INFO] IPUIPlugin:80 - create IPUIPlugin
2024-05-01 13:14:46,603 [INFO] PluginManager:220 - loadIPPluginJar : add cryp
2024-05-01 13:14:46,606 [INFO] IPUIPlugin:80 - create IPUIPlugin
2024-05-01 13:14:46,606 [INFO] PluginManager:220 - loadIPPluginJar : add dfsdm
2024-05-01 13:14:46,618 [INFO] IPUIPlugin:80 - create IPUIPlugin
2024-05-01 13:14:46,619 [INFO] PluginManager:220 - loadIPPluginJar : add dma
2024-05-01 13:14:46,623 [INFO] IPUIPlugin:80 - create IPUIPlugin
2024-05-01 13:14:46,623 [INFO] PluginManager:220 - loadIPPluginJar : add dma3
2024-05-01 13:14:46,625 [INFO] IPUIPlugin:80 - create IPUIPlugin
2024-05-01 13:14:46,626 [INFO] PluginManager:220 - loadIPPluginJar : add fatfs
2024-05-01 13:14:46,633 [INFO] IPUIPlugin:80 - create IPUIPlugin
2024-05-01 13:14:46,633 [INFO] PluginManager:220 - loadIPPluginJar : add fmc
2024-05-01 13:14:46,656 [INFO] IPUIPlugin:80 - create IPUIPlugin
2024-05-01 13:14:46,656 [INFO] PluginManager:220 - loadIPPluginJar : add freertos
2024-05-01 13:14:46,658 [INFO] IPUIPlugin:80 - create IPUIPlugin
2024-05-01 13:14:46,658 [INFO] PluginManager:220 - loadIPPluginJar : add genericplugin
2024-05-01 13:14:46,661 [INFO] IPUIPlugin:80 - create IPUIPlugin
2024-05-01 13:14:46,661 [INFO] PluginManager:220 - loadIPPluginJar : add gfxmmu
2024-05-01 13:14:46,674 [INFO] IPUIPlugin:80 - create IPUIPlugin
2024-05-01 13:14:46,674 [INFO] PluginManager:220 - loadIPPluginJar : add gic
2024-05-01 13:14:46,680 [INFO] IPUIPlugin:80 - create IPUIPlugin
2024-05-01 13:14:46,680 [INFO] PluginManager:220 - loadIPPluginJar : add gpio
2024-05-01 13:14:46,684 [INFO] IPUIPlugin:80 - create IPUIPlugin
2024-05-01 13:14:46,684 [INFO] PluginManager:220 - loadIPPluginJar : add gtzc
2024-05-01 13:14:46,687 [INFO] IPUIPlugin:80 - create IPUIPlugin
2024-05-01 13:14:46,688 [INFO] PluginManager:220 - loadIPPluginJar : add hash
2024-05-01 13:14:46,691 [INFO] IPUIPlugin:80 - create IPUIPlugin
2024-05-01 13:14:46,691 [INFO] PluginManager:220 - loadIPPluginJar : add i2c
2024-05-01 13:14:46,695 [INFO] IPUIPlugin:80 - create IPUIPlugin
2024-05-01 13:14:46,695 [INFO] PluginManager:220 - loadIPPluginJar : add i2s
2024-05-01 13:14:46,700 [INFO] IPUIPlugin:80 - create IPUIPlugin
2024-05-01 13:14:46,700 [INFO] PluginManager:220 - loadIPPluginJar : add i3c
2024-05-01 13:14:46,705 [INFO] IPUIPlugin:80 - create IPUIPlugin
2024-05-01 13:14:46,706 [INFO] PluginManager:220 - loadIPPluginJar : add ipddr
2024-05-01 13:14:46,726 [INFO] IPUIPlugin:80 - create IPUIPlugin
2024-05-01 13:14:46,726 [INFO] PluginManager:220 - loadIPPluginJar : add linkedlist
2024-05-01 13:14:46,730 [INFO] IPUIPlugin:80 - create IPUIPlugin
2024-05-01 13:14:46,731 [INFO] PluginManager:220 - loadIPPluginJar : add lorawan
2024-05-01 13:14:46,735 [INFO] IPUIPlugin:80 - create IPUIPlugin
2024-05-01 13:14:46,735 [INFO] PluginManager:220 - loadIPPluginJar : add ltdc
2024-05-01 13:14:46,797 [INFO] IPUIPlugin:80 - create IPUIPlugin
2024-05-01 13:14:46,798 [INFO] PluginManager:220 - loadIPPluginJar : add mdma
2024-05-01 13:14:46,812 [INFO] IPUIPlugin:80 - create IPUIPlugin
2024-05-01 13:14:46,812 [INFO] PluginManager:220 - loadIPPluginJar : add nvic
2024-05-01 13:14:46,820 [INFO] IPUIPlugin:80 - create IPUIPlugin
2024-05-01 13:14:46,821 [INFO] PluginManager:220 - loadIPPluginJar : add opamp
2024-05-01 13:14:46,828 [INFO] IPUIPlugin:80 - create IPUIPlugin
2024-05-01 13:14:46,830 [INFO] PluginManager:220 - loadIPPluginJar : add openamp
2024-05-01 13:14:46,840 [INFO] IPUIPlugin:80 - create IPUIPlugin
2024-05-01 13:14:46,841 [INFO] PluginManager:220 - loadIPPluginJar : add pdm2pcm
2024-05-01 13:14:46,877 [INFO] IPUIPlugin:80 - create IPUIPlugin
2024-05-01 13:14:46,883 [INFO] PluginManager:220 - loadIPPluginJar : add plateformsettings
2024-05-01 13:14:46,888 [INFO] IPUIPlugin:80 - create IPUIPlugin
2024-05-01 13:14:46,889 [INFO] PluginManager:220 - loadIPPluginJar : add quadspi
2024-05-01 13:14:46,901 [INFO] IPUIPlugin:80 - create IPUIPlugin
2024-05-01 13:14:46,901 [INFO] PluginManager:220 - loadIPPluginJar : add resmgrutility
2024-05-01 13:14:46,910 [INFO] IPUIPlugin:80 - create IPUIPlugin
2024-05-01 13:14:46,911 [INFO] PluginManager:220 - loadIPPluginJar : add sai
2024-05-01 13:14:46,919 [INFO] IPUIPlugin:80 - create IPUIPlugin
2024-05-01 13:14:46,920 [INFO] PluginManager:220 - loadIPPluginJar : add spi
2024-05-01 13:14:46,933 [INFO] IPUIPlugin:80 - create IPUIPlugin
2024-05-01 13:14:46,933 [INFO] PluginManager:220 - loadIPPluginJar : add stm32_wpan
2024-05-01 13:14:46,940 [INFO] IPUIPlugin:80 - create IPUIPlugin
2024-05-01 13:14:46,941 [INFO] PluginManager:220 - loadIPPluginJar : add tim
2024-05-01 13:14:46,951 [INFO] IPUIPlugin:80 - create IPUIPlugin
2024-05-01 13:14:46,951 [INFO] PluginManager:220 - loadIPPluginJar : add touchsensing
2024-05-01 13:14:46,958 [INFO] IPUIPlugin:80 - create IPUIPlugin
2024-05-01 13:14:46,958 [INFO] PluginManager:220 - loadIPPluginJar : add tracer_emb
2024-05-01 13:14:46,963 [INFO] IPUIPlugin:80 - create IPUIPlugin
2024-05-01 13:14:46,963 [INFO] PluginManager:220 - loadIPPluginJar : add ts
2024-05-01 13:14:46,967 [INFO] IPUIPlugin:80 - create IPUIPlugin
2024-05-01 13:14:46,967 [INFO] PluginManager:220 - loadIPPluginJar : add tsc
2024-05-01 13:14:46,972 [INFO] IPUIPlugin:80 - create IPUIPlugin
2024-05-01 13:14:46,972 [INFO] PluginManager:220 - loadIPPluginJar : add ucpd
2024-05-01 13:14:46,977 [INFO] IPUIPlugin:80 - create IPUIPlugin
2024-05-01 13:14:46,977 [INFO] PluginManager:220 - loadIPPluginJar : add usart
2024-05-01 13:14:46,983 [INFO] IPUIPlugin:80 - create IPUIPlugin
2024-05-01 13:14:46,983 [INFO] PluginManager:220 - loadIPPluginJar : add usbx
2024-05-01 13:14:47,171 [INFO] CADModel:165 - CPN selected for project level
2024-05-01 13:14:47,171 [INFO] CADModel:114 - Register for checkConnection events
2024-05-01 13:14:47,171 [FATAL] Updater:308 - Updater called before beeing initialized
2024-05-01 13:14:47,172 [ERROR] CADModel:125 - Updater not yet initialized, retry later 
2024-05-01 13:14:47,458 [INFO] CADModel:165 - CPN selected for project level
2024-05-01 13:14:47,458 [INFO] CADModel:114 - Register for checkConnection events
2024-05-01 13:14:47,458 [FATAL] Updater:308 - Updater called before beeing initialized
2024-05-01 13:14:47,459 [ERROR] CADModel:125 - Updater not yet initialized, retry later 
2024-05-01 13:14:47,464 [FATAL] Updater:308 - Updater called before beeing initialized
2024-05-01 13:14:47,628 [FATAL] Updater:308 - Updater called before beeing initialized
2024-05-01 13:14:47,635 [INFO] DbMcusAds:53 - JSON generation date=Wed Nov 29 11:52:27 CET 2023 (1701255147349)
2024-05-01 13:14:47,635 [FATAL] Updater:308 - Updater called before beeing initialized
2024-05-01 13:14:47,709 [WARN] DetailPanel:346 - Failed to get advertising image, set to default
2024-05-01 13:14:47,851 [FATAL] Updater:308 - Updater called before beeing initialized
2024-05-01 13:14:47,854 [FATAL] Updater:308 - Updater called before beeing initialized
2024-05-01 13:14:47,854 [FATAL] Updater:308 - Updater called before beeing initialized
2024-05-01 13:14:47,854 [WARN] DetailPanel:346 - Failed to get advertising image, set to default
2024-05-01 13:14:47,856 [FATAL] Updater:308 - Updater called before beeing initialized
2024-05-01 13:14:47,948 [ERROR] Updater:1120 - MainUpdater not yet initialized. External WinMGr cannot be set.
2024-05-01 13:14:47,951 [INFO] Updater:1056 - Updater Version found : 6.10.0
2024-05-01 13:14:48,004 [INFO] ApplicationProperties:184 - Using Application install path: C:\ST\STM32CubeIDE_1.14.0\STM32CubeIDE\plugins\com.st.stm32cube.common.mx_6.10.0.202311202037
2024-05-01 13:14:48,223 [INFO] ThirdPartyUpdaterWithRetryManager:70 - Updater plugin not ready yet. [2/15]
2024-05-01 13:14:49,599 [ERROR] LogOutputStream:75 - [STDERR_REDIRECT] May 01, 2024 1:14:49 PM java.util.prefs.WindowsPreferences <init>
2024-05-01 13:14:49,602 [ERROR] LogOutputStream:75 - [STDERR_REDIRECT] WARNING: Could not open/create prefs root node Software\JavaSoft\Prefs at root 0xffffffff80000002. Windows RegCreateKeyEx(...) returned error code 5.
2024-05-01 13:14:49,603 [ERROR] LogOutputStream:75 - [STDERR_REDIRECT] 
2024-05-01 13:14:50,167 [INFO] MainUpdater:2873 - connection check result : 10
2024-05-01 13:14:50,169 [INFO] MainUpdater:290 - Updater Check For Update Now.
2024-05-01 13:14:50,169 [INFO] MicroXplorer:498 - Change Database Version : DB.6.0.100
2024-05-01 13:14:50,187 [INFO] McuFinderGlobals:63 - Set McuFinder mode to 2 (CubeIDE integrated)
2024-05-01 13:14:50,423 [INFO] CheckServerUpdateThread:120 - End of CheckServer Thread
2024-05-01 13:14:50,549 [INFO] UserAuth:404 - Internet connection configuration mode: 1
2024-05-01 13:14:50,604 [INFO] JxBrowserEngine:152 - Initiate JxBrowser Engine with user profile folder
2024-05-01 13:14:51,693 [WARN] PackLoader:240 - Cannot read IP mode file for STMicroelectronics.FP-SNS-MOTENVWB1.1.4.0
2024-05-01 13:14:51,717 [WARN] PackLoader:240 - Cannot read IP mode file for STMicroelectronics.X-CUBE-SMBUS.2.1.0
2024-05-01 13:14:51,727 [WARN] PackLoader:240 - Cannot read IP mode file for STMicroelectronics.X-CUBE-TOUCHGFX.4.23.1
2024-05-01 13:14:51,736 [WARN] PackLoader:240 - Cannot read IP mode file for STMicroelectronics.X-CUBE-TOUCHGFX.4.23.0
2024-05-01 13:14:51,743 [WARN] PackLoader:240 - Cannot read IP mode file for STMicroelectronics.X-CUBE-TOUCHGFX.4.23.2
2024-05-01 13:14:51,786 [WARN] PackLoader:240 - Cannot read IP mode file for STMicroelectronics.X-CUBE-AZRTOS-F7.1.1.0
2024-05-01 13:14:51,808 [WARN] PackLoader:240 - Cannot read IP mode file for STMicroelectronics.FP-SNS-MOTENV1.4.3.2
2024-05-01 13:14:51,820 [WARN] PackLoader:240 - Cannot read IP mode file for STMicroelectronics.FP-SNS-FLIGHT1.5.0.2
2024-05-01 13:14:51,837 [WARN] PackLoader:240 - Cannot read IP mode file for STMicroelectronics.X-CUBE-DISPLAY.3.0.0
2024-05-01 13:14:51,866 [WARN] PackLoader:240 - Cannot read IP mode file for STMicroelectronics.X-CUBE-BLE1.7.0.0
2024-05-01 13:14:51,876 [WARN] PackLoader:240 - Cannot read IP mode file for emotas.I-CUBE-CANOPEN.1.3.0
2024-05-01 13:14:51,903 [WARN] PackLoader:240 - Cannot read IP mode file for STMicroelectronics.X-CUBE-BLEMGR.3.1.0
2024-05-01 13:14:51,916 [WARN] PackLoader:240 - Cannot read IP mode file for STMicroelectronics.FP-SNS-SMARTAG2.1.2.0
2024-05-01 13:14:51,931 [INFO] LogOutputStream:77 - [STDOUT_REDIRECT] 1 : Invalid condition id : UX_CORESTACK_Condition cause : null
2024-05-01 13:14:51,933 [INFO] LogOutputStream:77 - [STDOUT_REDIRECT] 1 : Invalid condition id : UX_CORESTACK_Condition cause : null
2024-05-01 13:14:51,935 [INFO] LogOutputStream:77 - [STDOUT_REDIRECT] 1 : Invalid condition id : UX_CORESTACK_Condition cause : null
2024-05-01 13:14:51,937 [INFO] LogOutputStream:77 - [STDOUT_REDIRECT] 1 : Invalid condition id : UX_CORESTACK_Condition cause : null
2024-05-01 13:14:51,939 [INFO] LogOutputStream:77 - [STDOUT_REDIRECT] 1 : Invalid condition id : UX_CORESTACK_Condition cause : null
2024-05-01 13:14:51,943 [WARN] PackLoader:240 - Cannot read IP mode file for STMicroelectronics.X-CUBE-AZRTOS-WL.2.0.0
2024-05-01 13:14:51,951 [WARN] PackLoader:240 - Cannot read IP mode file for STMicroelectronics.FP-SNS-MOTENV1.5.0.0
2024-05-01 13:14:51,983 [WARN] PackLoader:240 - Cannot read IP mode file for WES.I-CUBE-Cesium.1.3.0
2024-05-01 13:14:51,991 [WARN] PackLoader:240 - Cannot read IP mode file for STMicroelectronics.X-CUBE-BLE2.3.3.0
2024-05-01 13:14:52,001 [WARN] PackLoader:240 - Cannot read IP mode file for STMicroelectronics.X-CUBE-TCPP.4.1.0
2024-05-01 13:14:52,013 [WARN] PackLoader:240 - Cannot read IP mode file for STMicroelectronics.X-CUBE-ALGOBUILD.1.3.0
2024-05-01 13:14:52,029 [WARN] PackLoader:240 - Cannot read IP mode file for STMicroelectronics.X-CUBE-AZRTOS-G0.1.1.0
2024-05-01 13:14:52,038 [WARN] PackLoader:240 - Cannot read IP mode file for STMicroelectronics.X-CUBE-SAFEA1.1.2.2
2024-05-01 13:14:52,047 [WARN] PackLoader:240 - Cannot read IP mode file for STMicroelectronics.X-CUBE-NFC4.3.0.0
2024-05-01 13:14:52,060 [WARN] PackLoader:240 - Cannot read IP mode file for STMicroelectronics.X-CUBE-BLEMGR.3.0.0
2024-05-01 13:14:52,070 [WARN] PackLoader:240 - Cannot read IP mode file for STMicroelectronics.FP-ATR-SIGFOX1.3.2.0
2024-05-01 13:14:52,079 [WARN] PackLoader:240 - Cannot read IP mode file for STMicroelectronics.X-CUBE-EEPRMA1.5.1.0
2024-05-01 13:14:52,120 [WARN] PackLoader:240 - Cannot read IP mode file for SEGGER.I-CUBE-embOS.1.3.1
2024-05-01 13:14:52,176 [WARN] PackLoader:240 - Cannot read IP mode file for STMicroelectronics.X-CUBE-GNSS1.6.0.0
2024-05-01 13:14:52,199 [WARN] PackLoader:240 - Cannot read IP mode file for STMicroelectronics.X-CUBE-AZRTOS-F4.1.1.0
2024-05-01 13:14:52,213 [WARN] PackLoader:240 - Cannot read IP mode file for STMicroelectronics.X-CUBE-FREERTOS.1.2.0
2024-05-01 13:14:52,219 [WARN] PackLoader:240 - Cannot read IP mode file for wolfSSL.I-CUBE-wolfSSL.5.6.6
2024-05-01 13:14:52,234 [WARN] PackLoader:240 - Cannot read IP mode file for STMicroelectronics.X-CUBE-AZRTOS-L5.2.0.0
2024-05-01 13:14:52,242 [WARN] PackLoader:240 - Cannot read IP mode file for STMicroelectronics.X-CUBE-EEPRMA1.4.2.0
2024-05-01 13:14:52,267 [WARN] PackLoader:240 - Cannot read IP mode file for STMicroelectronics.X-CUBE-NFC6.3.1.0
2024-05-01 13:14:52,276 [WARN] PackLoader:240 - Cannot read IP mode file for ITTIA_DB.I-CUBE-ITTIADB.8.8.0
2024-05-01 13:14:52,283 [WARN] PackLoader:240 - Cannot read IP mode file for STMicroelectronics.X-CUBE-AI.9.0.0
2024-05-01 13:14:52,292 [WARN] PackLoader:240 - Cannot read IP mode file for STMicroelectronics.X-CUBE-NFC7.1.0.1
2024-05-01 13:14:52,300 [WARN] PackLoader:240 - Cannot read IP mode file for STMicroelectronics.X-CUBE-NFC6.3.0.0
2024-05-01 13:14:52,306 [WARN] PackLoader:240 - Cannot read IP mode file for STMicroelectronics.X-CUBE-AI.8.1.0
2024-05-01 13:14:52,330 [WARN] ConditionMgr:438 - getConditionDescription Invalid condition id : LAN8742 Phy interface Condition cause : null
2024-05-01 13:14:52,331 [WARN] PackLoader:240 - Cannot read IP mode file for STMicroelectronics.X-CUBE-AZRTOS-L4.2.0.0
2024-05-01 13:14:52,334 [WARN] ConditionMgr:1039 - genDependencies : Invalid condition id : LAN8742 Phy interface Condition cause : null
2024-05-01 13:14:52,334 [WARN] ConditionMgr:1039 - genDependencies : Invalid condition id : LAN8742 Phy interface Condition cause : null
2024-05-01 13:14:52,335 [WARN] ConditionMgr:1039 - genDependencies : Invalid condition id : LAN8742 Phy interface Condition cause : null
2024-05-01 13:14:52,355 [WARN] PackLoader:240 - Cannot read IP mode file for STMicroelectronics.X-CUBE-SFXS2LP1.4.0.0
2024-05-01 13:14:52,374 [WARN] ConditionMgr:438 - getConditionDescription Invalid condition id : UX DEVICE CLASS RTOS Condition cause : null
2024-05-01 13:14:52,375 [WARN] ConditionMgr:438 - getConditionDescription Invalid condition id : UX DEVICE CLASS RTOS Condition cause : null
2024-05-01 13:14:52,378 [WARN] PackLoader:240 - Cannot read IP mode file for STMicroelectronics.X-CUBE-AZRTOS-WB.2.0.0
2024-05-01 13:14:52,379 [WARN] ConditionMgr:1039 - genDependencies : Invalid condition id : UX DEVICE CLASS RTOS Condition cause : null
2024-05-01 13:14:52,379 [WARN] ConditionMgr:1039 - genDependencies : Invalid condition id : UX DEVICE CLASS RTOS Condition cause : null
2024-05-01 13:14:52,379 [WARN] ConditionMgr:1039 - genDependencies : Invalid condition id : UX DEVICE CLASS RTOS Condition cause : null
2024-05-01 13:14:52,380 [WARN] ConditionMgr:1039 - genDependencies : Invalid condition id : UX DEVICE CLASS RTOS Condition cause : null
2024-05-01 13:14:52,380 [WARN] ConditionMgr:1039 - genDependencies : Invalid condition id : UX DEVICE CLASS RTOS Condition cause : null
2024-05-01 13:14:52,392 [WARN] PackLoader:240 - Cannot read IP mode file for STMicroelectronics.X-CUBE-SUBG2.5.0.0
2024-05-01 13:14:52,410 [WARN] PackLoader:240 - Cannot read IP mode file for STMicroelectronics.X-CUBE-AZRTOS-G4.2.0.0
2024-05-01 13:14:52,427 [WARN] PackLoader:240 - Cannot read IP mode file for Infineon.AIROC-Wi-Fi-Bluetooth-STM32.1.5.1
2024-05-01 13:14:52,442 [WARN] PackLoader:240 - Cannot read IP mode file for STMicroelectronics.FP-SNS-MOTENVWB1.1.3.1
2024-05-01 13:14:52,451 [WARN] PackLoader:240 - Cannot read IP mode file for STMicroelectronics.X-CUBE-ISPU.2.0.0
2024-05-01 13:14:52,508 [WARN] PackLoader:240 - Cannot read IP mode file for STMicroelectronics.X-CUBE-MEMS1.10.0.0
2024-05-01 13:14:52,750 [WARN] PackLoader:240 - Cannot read IP mode file for STMicroelectronics.X-CUBE-FREERTOS.1.1.0
2024-05-01 13:14:52,758 [WARN] PackLoader:240 - Cannot read IP mode file for portGmbH.I-Cube-SoM-uGOAL.1.1.0
2024-05-01 13:14:52,765 [WARN] PackLoader:240 - Cannot read IP mode file for STMicroelectronics.X-CUBE-ALS.1.0.1
2024-05-01 13:14:52,783 [WARN] PackLoader:240 - Cannot read IP mode file for STMicroelectronics.X-CUBE-AZRTOS-H7RS.1.0.0
2024-05-01 13:14:52,790 [WARN] PackLoader:240 - Cannot read IP mode file for STMicroelectronics.FP-ATR-ASTRA1.2.0.0
2024-05-01 13:14:52,801 [WARN] PackLoader:240 - Cannot read IP mode file for STMicroelectronics.X-CUBE-TOF1.3.4.0
2024-05-01 13:14:52,824 [WARN] PackLoader:240 - Cannot read IP mode file for STMicroelectronics.X-CUBE-TOF1.3.4.1
2024-05-01 13:14:52,889 [WARN] PackLoader:240 - Cannot read IP mode file for STMicroelectronics.X-CUBE-AZRTOS-H7.3.2.0
2024-05-01 13:14:52,892 [INFO] ThirdParty:978 - Integrity check success = true
2024-05-01 13:14:52,892 [INFO] IntegrityCheckThread:100 - exiting critical section [integrity check]
2024-05-01 13:14:52,893 [INFO] IntegrityCheckThread:103 - End integrity checks thread
2024-05-01 13:14:53,668 [INFO] WebApp:161 - Instantiating new browser for Auth
2024-05-01 13:14:55,423 [INFO] WebApp:780 - Register for checkConnection events
2024-05-01 13:14:55,424 [INFO] WebApp:414 - Apply proxy settings
2024-05-01 13:14:55,424 [INFO] WebApp:499 - Chromium requires no authentication
2024-05-01 13:14:55,447 [INFO] WebApp:442 - Direct internet connection detected
2024-05-01 13:14:55,808 [INFO] WebApp:192 - Starting web application
2024-05-01 13:14:55,810 [INFO] WebApp:544 - Web application path used C:\ST\STM32CubeIDE_1.14.0\STM32CubeIDE\plugins\com.st.stm32cube.common.mx_6.10.0.202311202037\db\plugins\mcufinder\reactClient1\index.html
2024-05-01 13:15:17,705 [ERROR] LogOutputStream:75 - [STDERR_REDIRECT] SLF4J: Failed to load class "org.slf4j.impl.StaticLoggerBinder".
2024-05-01 13:15:17,709 [ERROR] LogOutputStream:75 - [STDERR_REDIRECT] SLF4J: Defaulting to no-operation (NOP) logger implementation
2024-05-01 13:15:17,712 [ERROR] LogOutputStream:75 - [STDERR_REDIRECT] SLF4J: See http://www.slf4j.org/codes.html#StaticLoggerBinder for further details.
2024-05-01 14:24:19,074 [ERROR] LogOutputStream:75 - [STDERR_REDIRECT] 
