2024-04-10 08:40:51,550 [INFO] Activator:176 - 


2024-04-10 08:40:51,566 [INFO] Activator:177 - !SESSION log4j initialized
2024-04-10 08:41:07,662 [INFO] LogOutputStream:77 - [STDOUT_REDIRECT] 
2024-04-10 08:41:11,040 [INFO] ApplicationProperties:184 - Using Application install path: C:\ST\STM32CubeIDE_1.14.0\STM32CubeIDE\plugins\com.st.stm32cube.common.mx_6.10.0.202311202037
2024-04-10 08:41:11,097 [INFO] DbMcusXml:78 - Set database path to: C:\ST\STM32CubeIDE_1.14.0\STM32CubeIDE\plugins\com.st.stm32cube.common.mx_6.10.0.202311202037\\db\/mcu/
2024-04-10 08:41:11,099 [INFO] ApiDb:274 - Set plugin database path to: C:\ST\STM32CubeIDE_1.14.0\STM32CubeIDE\plugins\com.st.stm32cube.common.mx_6.10.0.202311202037\\db\/plugins/boardmanager/
2024-04-10 08:41:11,100 [WARN] ApiDb:259 - Overriding images path with different value:  => C:\ST\STM32CubeIDE_1.14.0\STM32CubeIDE\plugins\com.st.stm32cube.common.mx_6.10.0.202311202037\\db\/plugins/mcufinder/images/
2024-04-10 08:41:11,124 [INFO] ApiDb:250 - Set database path to: C:\Users\48791\.stmcufinder\plugins\mcufinder//mcu/
2024-04-10 08:41:11,128 [INFO] DbMcusAds:125 - Set database path to: C:\Users\48791\.stmcufinder\plugins\mcufinder//mcu/
2024-04-10 08:41:11,136 [INFO] CrossReferenceDbSqlite:203 - Set database path to: C:\Users\48791\.stmcufinder\plugins\mcufinder//mcu/cs/
2024-04-10 08:41:11,422 [INFO] RulesReader:64 - Compatibility file has been processed (297 Rules)
2024-04-10 08:41:11,681 [INFO] DbMcusXml:78 - Set database path to: C:\ST\STM32CubeIDE_1.14.0\STM32CubeIDE\plugins\com.st.stm32cube.common.mx_6.10.0.202311202037\\db\/mcu/
2024-04-10 08:41:11,681 [INFO] ApiDb:274 - Set plugin database path to: C:\ST\STM32CubeIDE_1.14.0\STM32CubeIDE\plugins\com.st.stm32cube.common.mx_6.10.0.202311202037\\db\/plugins/boardmanager/
2024-04-10 08:41:11,681 [INFO] ApiDb:261 - Set plugin images path to: C:\ST\STM32CubeIDE_1.14.0\STM32CubeIDE\plugins\com.st.stm32cube.common.mx_6.10.0.202311202037\\db\/plugins/mcufinder/images/
2024-04-10 08:41:11,682 [WARN] DbFile:41 - Overriding database path with different value: C:\Users\48791\.stmcufinder\plugins\mcufinder/ => C:\Users\48791\.stmcufinder\plugins\mcufinder
2024-04-10 08:41:11,682 [INFO] ApiDb:250 - Set database path to: C:\Users\48791\.stmcufinder\plugins\mcufinder//mcu/
2024-04-10 08:41:11,682 [WARN] DbFile:41 - Overriding database path with different value: C:\Users\48791\.stmcufinder\plugins\mcufinder/ => C:\Users\48791\.stmcufinder\plugins\mcufinder
2024-04-10 08:41:11,682 [INFO] DbMcusAds:125 - Set database path to: C:\Users\48791\.stmcufinder\plugins\mcufinder//mcu/
2024-04-10 08:41:11,683 [WARN] DbFile:41 - Overriding database path with different value: C:\Users\48791\.stmcufinder\plugins\mcufinder/ => C:\Users\48791\.stmcufinder\plugins\mcufinder
2024-04-10 08:41:11,683 [WARN] DbFile:41 - Overriding database path with different value: C:\Users\48791\.stmcufinder\plugins\mcufinder/ => C:\Users\48791\.stmcufinder\plugins\mcufinder
2024-04-10 08:41:11,683 [INFO] CrossReferenceDbSqlite:203 - Set database path to: C:\Users\48791\.stmcufinder\plugins\mcufinder//mcu/cs/
2024-04-10 08:41:11,981 [INFO] MainPanel:264 - HeapMemory: 268435456
2024-04-10 08:41:12,216 [INFO] DbMcusXml:78 - Set database path to: C:\ST\STM32CubeIDE_1.14.0\STM32CubeIDE\plugins\com.st.stm32cube.common.mx_6.10.0.202311202037\\db\/mcu/
2024-04-10 08:41:12,216 [INFO] ApiDb:274 - Set plugin database path to: C:\ST\STM32CubeIDE_1.14.0\STM32CubeIDE\plugins\com.st.stm32cube.common.mx_6.10.0.202311202037\\db\/plugins/boardmanager/
2024-04-10 08:41:12,217 [INFO] ApiDb:261 - Set plugin images path to: C:\ST\STM32CubeIDE_1.14.0\STM32CubeIDE\plugins\com.st.stm32cube.common.mx_6.10.0.202311202037\\db\/plugins/mcufinder/images/
2024-04-10 08:41:12,217 [WARN] DbFile:41 - Overriding database path with different value: C:\Users\48791\.stmcufinder\plugins\mcufinder/ => C:\Users\48791\.stmcufinder\plugins\mcufinder
2024-04-10 08:41:12,217 [INFO] ApiDb:250 - Set database path to: C:\Users\48791\.stmcufinder\plugins\mcufinder//mcu/
2024-04-10 08:41:12,218 [WARN] DbFile:41 - Overriding database path with different value: C:\Users\48791\.stmcufinder\plugins\mcufinder/ => C:\Users\48791\.stmcufinder\plugins\mcufinder
2024-04-10 08:41:12,218 [INFO] DbMcusAds:125 - Set database path to: C:\Users\48791\.stmcufinder\plugins\mcufinder//mcu/
2024-04-10 08:41:12,218 [WARN] DbFile:41 - Overriding database path with different value: C:\Users\48791\.stmcufinder\plugins\mcufinder/ => C:\Users\48791\.stmcufinder\plugins\mcufinder
2024-04-10 08:41:12,218 [WARN] DbFile:41 - Overriding database path with different value: C:\Users\48791\.stmcufinder\plugins\mcufinder/ => C:\Users\48791\.stmcufinder\plugins\mcufinder
2024-04-10 08:41:12,219 [INFO] CrossReferenceDbSqlite:203 - Set database path to: C:\Users\48791\.stmcufinder\plugins\mcufinder//mcu/cs/
2024-04-10 08:41:12,262 [INFO] ApplicationProperties:184 - Using Application install path: C:\ST\STM32CubeIDE_1.14.0\STM32CubeIDE\plugins\com.st.stm32cube.common.mx_6.10.0.202311202037
2024-04-10 08:41:12,265 [INFO] PluginManage:196 - Search for loadable plugins [exclusion list=, ]
2024-04-10 08:41:12,269 [INFO] PluginManage:310 - Check plugin analytics
2024-04-10 08:41:13,115 [INFO] AnalyticsPlugin:253 - Accepted Software Licenses: STM32CubeMX.6.10.0
2024-04-10 08:41:13,115 [INFO] AnalyticsPlugin:255 - Accepted CMSIS Pack Licenses: 
2024-04-10 08:41:13,115 [INFO] AnalyticsPlugin:257 - Accepted Firmware Licenses: FW.F4.1.28.0
2024-04-10 08:41:13,125 [INFO] PluginManage:359 - Loaded plugin analytics (category:tool,tabindex:-1)
2024-04-10 08:41:13,128 [INFO] PluginManage:310 - Check plugin cadmodel
2024-04-10 08:41:13,147 [INFO] CADModel:105 - Init CAD model plugin
2024-04-10 08:41:13,147 [INFO] PluginManage:359 - Loaded plugin cadmodel (category:power,tabindex:5)
2024-04-10 08:41:13,148 [INFO] PluginManage:310 - Check plugin clock
2024-04-10 08:41:13,198 [INFO] PluginManage:359 - Loaded plugin clock (category:base,tabindex:2)
2024-04-10 08:41:13,199 [INFO] PluginManage:310 - Check plugin ddr
2024-04-10 08:41:13,215 [INFO] PluginManage:359 - Loaded plugin ddr (category:tool,tabindex:6)
2024-04-10 08:41:13,216 [INFO] PluginManage:310 - Check plugin filemanager
2024-04-10 08:41:13,711 [INFO] PluginManage:359 - Loaded plugin filemanager (category:base,tabindex:10)
2024-04-10 08:41:13,711 [INFO] PluginManage:310 - Check plugin ipmanager
2024-04-10 08:41:13,734 [INFO] PluginManage:359 - Loaded plugin ipmanager (category:base,tabindex:5)
2024-04-10 08:41:13,734 [INFO] PluginManage:310 - Check plugin lpbam
2024-04-10 08:41:13,752 [INFO] PluginManage:359 - Loaded plugin lpbam (category:base,tabindex:0)
2024-04-10 08:41:13,753 [INFO] PluginManage:310 - Check plugin memorymap
2024-04-10 08:41:13,789 [INFO] PluginManage:359 - Loaded plugin memorymap (category:base,tabindex:4)
2024-04-10 08:41:13,790 [INFO] PluginManage:310 - Check plugin pinoutandconfiguration
2024-04-10 08:41:13,807 [INFO] PluginManage:359 - Loaded plugin pinoutandconfiguration (category:base,tabindex:1)
2024-04-10 08:41:13,808 [INFO] PluginManage:310 - Check plugin pinoutconfig
2024-04-10 08:41:13,986 [WARN] SupportedApi:132 - Cannot load RTOS API schema: s4s-elt-must-match.1: The content of 'definitions' must match (annotation?, (simpleType | complexType)?, (unique | key | keyref)*)). A problem was found starting at: attribute.
2024-04-10 08:41:14,369 [INFO] PluginManage:359 - Loaded plugin pinoutconfig (category:base,tabindex:0)
2024-04-10 08:41:14,370 [INFO] PluginManage:310 - Check plugin power
2024-04-10 08:41:14,404 [INFO] PluginManage:359 - Loaded plugin power (category:power,tabindex:4)
2024-04-10 08:41:14,404 [INFO] PluginManage:310 - Check plugin projectmanager
2024-04-10 08:41:14,434 [INFO] PluginManage:359 - Loaded plugin projectmanager (category:projectmanager,tabindex:3)
2024-04-10 08:41:14,435 [INFO] PluginManage:310 - Check plugin thirdparty
2024-04-10 08:41:14,777 [WARN] IntegrityCheckThread:84 - waiting for thirdparty lock release [integrity check]
2024-04-10 08:41:14,778 [INFO] IntegrityCheckThread:86 - entering critical section [integrity check]
2024-04-10 08:41:14,781 [INFO] ThirdPartyUpdaterWithRetryManager:70 - Updater plugin not ready yet. [1/15]
2024-04-10 08:41:14,782 [INFO] PluginManage:359 - Loaded plugin thirdparty (category:base,tabindex:-1)
2024-04-10 08:41:14,782 [INFO] PluginManage:310 - Check plugin tools
2024-04-10 08:41:14,790 [INFO] PluginManage:359 - Loaded plugin tools (category:base,tabindex:7)
2024-04-10 08:41:14,790 [INFO] PluginManage:310 - Check plugin tutovideos
2024-04-10 08:41:15,214 [INFO] PluginManage:359 - Loaded plugin tutovideos (category:base,tabindex:-1)
2024-04-10 08:41:15,215 [INFO] PluginManage:310 - Check plugin updater
2024-04-10 08:41:15,247 [INFO] PluginManage:359 - Loaded plugin updater (category:base,tabindex:12)
2024-04-10 08:41:15,247 [INFO] PluginManage:310 - Check plugin userauth
2024-04-10 08:41:15,258 [INFO] UserAuth:114 - Init User Auth plugin
2024-04-10 08:41:15,258 [INFO] PluginManage:359 - Loaded plugin userauth (category:base,tabindex:14)
2024-04-10 08:41:15,259 [INFO] PluginManage:283 - PluginManage : Loaded plugins [17]
2024-04-10 08:41:15,753 [INFO] PinOutPanel:1499 - setPackage(No Configuration,No Configuration)
2024-04-10 08:41:15,912 [INFO] CADModel:165 - CPN selected for project level
2024-04-10 08:41:15,912 [INFO] CADModel:114 - Register for checkConnection events
2024-04-10 08:41:15,950 [INFO] IPUIPlugin:80 - create IPUIPlugin
2024-04-10 08:41:15,950 [INFO] PluginManager:220 - loadIPPluginJar : add adc
2024-04-10 08:41:15,957 [INFO] IPUIPlugin:80 - create IPUIPlugin
2024-04-10 08:41:15,958 [INFO] PluginManager:220 - loadIPPluginJar : add aes
2024-04-10 08:41:15,964 [INFO] IPUIPlugin:80 - create IPUIPlugin
2024-04-10 08:41:15,965 [INFO] PluginManager:220 - loadIPPluginJar : add can
2024-04-10 08:41:15,968 [INFO] IPUIPlugin:80 - create IPUIPlugin
2024-04-10 08:41:15,969 [INFO] PluginManager:220 - loadIPPluginJar : add comp
2024-04-10 08:41:15,976 [INFO] IPUIPlugin:80 - create IPUIPlugin
2024-04-10 08:41:15,976 [INFO] PluginManager:220 - loadIPPluginJar : add cryp
2024-04-10 08:41:15,980 [INFO] IPUIPlugin:80 - create IPUIPlugin
2024-04-10 08:41:15,981 [INFO] PluginManager:220 - loadIPPluginJar : add dfsdm
2024-04-10 08:41:15,993 [INFO] IPUIPlugin:80 - create IPUIPlugin
2024-04-10 08:41:15,994 [INFO] PluginManager:220 - loadIPPluginJar : add dma
2024-04-10 08:41:15,999 [INFO] IPUIPlugin:80 - create IPUIPlugin
2024-04-10 08:41:15,999 [INFO] PluginManager:220 - loadIPPluginJar : add dma3
2024-04-10 08:41:16,002 [INFO] IPUIPlugin:80 - create IPUIPlugin
2024-04-10 08:41:16,003 [INFO] PluginManager:220 - loadIPPluginJar : add fatfs
2024-04-10 08:41:16,010 [INFO] IPUIPlugin:80 - create IPUIPlugin
2024-04-10 08:41:16,011 [INFO] PluginManager:220 - loadIPPluginJar : add fmc
2024-04-10 08:41:16,029 [INFO] IPUIPlugin:80 - create IPUIPlugin
2024-04-10 08:41:16,030 [INFO] PluginManager:220 - loadIPPluginJar : add freertos
2024-04-10 08:41:16,032 [INFO] IPUIPlugin:80 - create IPUIPlugin
2024-04-10 08:41:16,032 [INFO] PluginManager:220 - loadIPPluginJar : add genericplugin
2024-04-10 08:41:16,036 [INFO] IPUIPlugin:80 - create IPUIPlugin
2024-04-10 08:41:16,036 [INFO] PluginManager:220 - loadIPPluginJar : add gfxmmu
2024-04-10 08:41:16,047 [INFO] IPUIPlugin:80 - create IPUIPlugin
2024-04-10 08:41:16,047 [INFO] PluginManager:220 - loadIPPluginJar : add gic
2024-04-10 08:41:16,053 [INFO] IPUIPlugin:80 - create IPUIPlugin
2024-04-10 08:41:16,053 [INFO] PluginManager:220 - loadIPPluginJar : add gpio
2024-04-10 08:41:16,057 [INFO] IPUIPlugin:80 - create IPUIPlugin
2024-04-10 08:41:16,058 [INFO] PluginManager:220 - loadIPPluginJar : add gtzc
2024-04-10 08:41:16,061 [INFO] IPUIPlugin:80 - create IPUIPlugin
2024-04-10 08:41:16,061 [INFO] PluginManager:220 - loadIPPluginJar : add hash
2024-04-10 08:41:16,065 [INFO] IPUIPlugin:80 - create IPUIPlugin
2024-04-10 08:41:16,065 [INFO] PluginManager:220 - loadIPPluginJar : add i2c
2024-04-10 08:41:16,069 [INFO] IPUIPlugin:80 - create IPUIPlugin
2024-04-10 08:41:16,069 [INFO] PluginManager:220 - loadIPPluginJar : add i2s
2024-04-10 08:41:16,074 [INFO] IPUIPlugin:80 - create IPUIPlugin
2024-04-10 08:41:16,074 [INFO] PluginManager:220 - loadIPPluginJar : add i3c
2024-04-10 08:41:16,078 [INFO] IPUIPlugin:80 - create IPUIPlugin
2024-04-10 08:41:16,079 [INFO] PluginManager:220 - loadIPPluginJar : add ipddr
2024-04-10 08:41:16,089 [INFO] IPUIPlugin:80 - create IPUIPlugin
2024-04-10 08:41:16,090 [INFO] PluginManager:220 - loadIPPluginJar : add linkedlist
2024-04-10 08:41:16,094 [INFO] IPUIPlugin:80 - create IPUIPlugin
2024-04-10 08:41:16,094 [INFO] PluginManager:220 - loadIPPluginJar : add lorawan
2024-04-10 08:41:16,097 [INFO] IPUIPlugin:80 - create IPUIPlugin
2024-04-10 08:41:16,097 [INFO] PluginManager:220 - loadIPPluginJar : add ltdc
2024-04-10 08:41:16,112 [INFO] IPUIPlugin:80 - create IPUIPlugin
2024-04-10 08:41:16,113 [INFO] PluginManager:220 - loadIPPluginJar : add mdma
2024-04-10 08:41:16,125 [INFO] IPUIPlugin:80 - create IPUIPlugin
2024-04-10 08:41:16,126 [INFO] PluginManager:220 - loadIPPluginJar : add nvic
2024-04-10 08:41:16,131 [INFO] IPUIPlugin:80 - create IPUIPlugin
2024-04-10 08:41:16,131 [INFO] PluginManager:220 - loadIPPluginJar : add opamp
2024-04-10 08:41:16,137 [INFO] IPUIPlugin:80 - create IPUIPlugin
2024-04-10 08:41:16,137 [INFO] PluginManager:220 - loadIPPluginJar : add openamp
2024-04-10 08:41:16,146 [INFO] IPUIPlugin:80 - create IPUIPlugin
2024-04-10 08:41:16,146 [INFO] PluginManager:220 - loadIPPluginJar : add pdm2pcm
2024-04-10 08:41:16,170 [INFO] IPUIPlugin:80 - create IPUIPlugin
2024-04-10 08:41:16,174 [INFO] PluginManager:220 - loadIPPluginJar : add plateformsettings
2024-04-10 08:41:16,177 [INFO] IPUIPlugin:80 - create IPUIPlugin
2024-04-10 08:41:16,178 [INFO] PluginManager:220 - loadIPPluginJar : add quadspi
2024-04-10 08:41:16,190 [INFO] IPUIPlugin:80 - create IPUIPlugin
2024-04-10 08:41:16,190 [INFO] PluginManager:220 - loadIPPluginJar : add resmgrutility
2024-04-10 08:41:16,198 [INFO] IPUIPlugin:80 - create IPUIPlugin
2024-04-10 08:41:16,198 [INFO] PluginManager:220 - loadIPPluginJar : add sai
2024-04-10 08:41:16,207 [INFO] IPUIPlugin:80 - create IPUIPlugin
2024-04-10 08:41:16,207 [INFO] PluginManager:220 - loadIPPluginJar : add spi
2024-04-10 08:41:16,222 [INFO] IPUIPlugin:80 - create IPUIPlugin
2024-04-10 08:41:16,222 [INFO] PluginManager:220 - loadIPPluginJar : add stm32_wpan
2024-04-10 08:41:16,229 [INFO] IPUIPlugin:80 - create IPUIPlugin
2024-04-10 08:41:16,229 [INFO] PluginManager:220 - loadIPPluginJar : add tim
2024-04-10 08:41:16,237 [INFO] IPUIPlugin:80 - create IPUIPlugin
2024-04-10 08:41:16,238 [INFO] PluginManager:220 - loadIPPluginJar : add touchsensing
2024-04-10 08:41:16,244 [INFO] IPUIPlugin:80 - create IPUIPlugin
2024-04-10 08:41:16,244 [INFO] PluginManager:220 - loadIPPluginJar : add tracer_emb
2024-04-10 08:41:16,250 [INFO] IPUIPlugin:80 - create IPUIPlugin
2024-04-10 08:41:16,250 [INFO] PluginManager:220 - loadIPPluginJar : add ts
2024-04-10 08:41:16,255 [INFO] IPUIPlugin:80 - create IPUIPlugin
2024-04-10 08:41:16,256 [INFO] PluginManager:220 - loadIPPluginJar : add tsc
2024-04-10 08:41:16,261 [INFO] IPUIPlugin:80 - create IPUIPlugin
2024-04-10 08:41:16,262 [INFO] PluginManager:220 - loadIPPluginJar : add ucpd
2024-04-10 08:41:16,270 [INFO] IPUIPlugin:80 - create IPUIPlugin
2024-04-10 08:41:16,270 [INFO] PluginManager:220 - loadIPPluginJar : add usart
2024-04-10 08:41:16,277 [INFO] IPUIPlugin:80 - create IPUIPlugin
2024-04-10 08:41:16,277 [INFO] PluginManager:220 - loadIPPluginJar : add usbx
2024-04-10 08:41:16,474 [INFO] CADModel:165 - CPN selected for project level
2024-04-10 08:41:16,474 [INFO] CADModel:114 - Register for checkConnection events
2024-04-10 08:41:16,475 [FATAL] Updater:308 - Updater called before beeing initialized
2024-04-10 08:41:16,475 [ERROR] CADModel:125 - Updater not yet initialized, retry later 
2024-04-10 08:41:16,769 [INFO] CADModel:165 - CPN selected for project level
2024-04-10 08:41:16,769 [INFO] CADModel:114 - Register for checkConnection events
2024-04-10 08:41:16,769 [FATAL] Updater:308 - Updater called before beeing initialized
2024-04-10 08:41:16,770 [ERROR] CADModel:125 - Updater not yet initialized, retry later 
2024-04-10 08:41:16,773 [FATAL] Updater:308 - Updater called before beeing initialized
2024-04-10 08:41:16,933 [FATAL] Updater:308 - Updater called before beeing initialized
2024-04-10 08:41:16,939 [INFO] DbMcusAds:53 - JSON generation date=Wed Nov 29 11:52:27 CET 2023 (1701255147349)
2024-04-10 08:41:16,940 [FATAL] Updater:308 - Updater called before beeing initialized
2024-04-10 08:41:17,023 [WARN] DetailPanel:346 - Failed to get advertising image, set to default
2024-04-10 08:41:17,145 [FATAL] Updater:308 - Updater called before beeing initialized
2024-04-10 08:41:17,148 [FATAL] Updater:308 - Updater called before beeing initialized
2024-04-10 08:41:17,149 [FATAL] Updater:308 - Updater called before beeing initialized
2024-04-10 08:41:17,149 [WARN] DetailPanel:346 - Failed to get advertising image, set to default
2024-04-10 08:41:17,150 [FATAL] Updater:308 - Updater called before beeing initialized
2024-04-10 08:41:17,218 [ERROR] Updater:1120 - MainUpdater not yet initialized. External WinMGr cannot be set.
2024-04-10 08:41:17,221 [INFO] Updater:1056 - Updater Version found : 6.10.0
2024-04-10 08:41:17,259 [INFO] ApplicationProperties:184 - Using Application install path: C:\ST\STM32CubeIDE_1.14.0\STM32CubeIDE\plugins\com.st.stm32cube.common.mx_6.10.0.202311202037
2024-04-10 08:41:17,783 [INFO] ThirdPartyUpdaterWithRetryManager:70 - Updater plugin not ready yet. [2/15]
2024-04-10 08:41:18,890 [ERROR] LogOutputStream:75 - [STDERR_REDIRECT] Apr 10, 2024 8:41:18 AM java.util.prefs.WindowsPreferences <init>
2024-04-10 08:41:18,900 [ERROR] LogOutputStream:75 - [STDERR_REDIRECT] WARNING: Could not open/create prefs root node Software\JavaSoft\Prefs at root 0xffffffff80000002. Windows RegCreateKeyEx(...) returned error code 5.
2024-04-10 08:41:18,902 [ERROR] LogOutputStream:75 - [STDERR_REDIRECT] 
2024-04-10 08:41:20,038 [INFO] MainUpdater:2873 - connection check result : 10
2024-04-10 08:41:20,041 [INFO] MainUpdater:290 - Updater Check For Update Now.
2024-04-10 08:41:20,041 [INFO] MicroXplorer:498 - Change Database Version : DB.6.0.100
2024-04-10 08:41:20,108 [INFO] McuFinderGlobals:63 - Set McuFinder mode to 2 (CubeIDE integrated)
2024-04-10 08:41:20,391 [INFO] CheckServerUpdateThread:120 - End of CheckServer Thread
2024-04-10 08:41:20,566 [INFO] UserAuth:404 - Internet connection configuration mode: 1
2024-04-10 08:41:20,802 [INFO] JxBrowserEngine:152 - Initiate JxBrowser Engine with user profile folder
2024-04-10 08:41:21,325 [WARN] PackLoader:240 - Cannot read IP mode file for STMicroelectronics.X-CUBE-SMBUS.2.1.0
2024-04-10 08:41:21,347 [WARN] PackLoader:240 - Cannot read IP mode file for STMicroelectronics.X-CUBE-TOUCHGFX.4.23.1
2024-04-10 08:41:21,355 [WARN] PackLoader:240 - Cannot read IP mode file for STMicroelectronics.X-CUBE-TOUCHGFX.4.23.0
2024-04-10 08:41:21,362 [WARN] PackLoader:240 - Cannot read IP mode file for STMicroelectronics.X-CUBE-TOUCHGFX.4.23.2
2024-04-10 08:41:21,449 [WARN] PackLoader:240 - Cannot read IP mode file for STMicroelectronics.X-CUBE-AZRTOS-F7.1.1.0
2024-04-10 08:41:21,467 [WARN] PackLoader:240 - Cannot read IP mode file for STMicroelectronics.FP-SNS-MOTENV1.4.3.2
2024-04-10 08:41:21,474 [WARN] PackLoader:240 - Cannot read IP mode file for STMicroelectronics.FP-SNS-FLIGHT1.5.0.2
2024-04-10 08:41:21,494 [WARN] PackLoader:240 - Cannot read IP mode file for STMicroelectronics.X-CUBE-DISPLAY.3.0.0
2024-04-10 08:41:21,551 [WARN] PackLoader:240 - Cannot read IP mode file for STMicroelectronics.X-CUBE-BLE1.7.0.0
2024-04-10 08:41:21,567 [WARN] PackLoader:240 - Cannot read IP mode file for emotas.I-CUBE-CANOPEN.1.3.0
2024-04-10 08:41:21,588 [WARN] PackLoader:240 - Cannot read IP mode file for STMicroelectronics.X-CUBE-BLEMGR.3.1.0
2024-04-10 08:41:21,624 [WARN] PackLoader:240 - Cannot read IP mode file for STMicroelectronics.FP-SNS-SMARTAG2.1.2.0
2024-04-10 08:41:21,636 [INFO] LogOutputStream:77 - [STDOUT_REDIRECT] 1 : Invalid condition id : UX_CORESTACK_Condition cause : null
2024-04-10 08:41:21,639 [INFO] LogOutputStream:77 - [STDOUT_REDIRECT] 1 : Invalid condition id : UX_CORESTACK_Condition cause : null
2024-04-10 08:41:21,641 [INFO] LogOutputStream:77 - [STDOUT_REDIRECT] 1 : Invalid condition id : UX_CORESTACK_Condition cause : null
2024-04-10 08:41:21,645 [INFO] LogOutputStream:77 - [STDOUT_REDIRECT] 1 : Invalid condition id : UX_CORESTACK_Condition cause : null
2024-04-10 08:41:21,648 [INFO] LogOutputStream:77 - [STDOUT_REDIRECT] 1 : Invalid condition id : UX_CORESTACK_Condition cause : null
2024-04-10 08:41:21,653 [WARN] PackLoader:240 - Cannot read IP mode file for STMicroelectronics.X-CUBE-AZRTOS-WL.2.0.0
2024-04-10 08:41:21,682 [WARN] PackLoader:240 - Cannot read IP mode file for STMicroelectronics.FP-SNS-MOTENV1.5.0.0
2024-04-10 08:41:21,709 [WARN] PackLoader:240 - Cannot read IP mode file for WES.I-CUBE-Cesium.1.3.0
2024-04-10 08:41:21,722 [WARN] PackLoader:240 - Cannot read IP mode file for STMicroelectronics.X-CUBE-BLE2.3.3.0
2024-04-10 08:41:21,731 [WARN] PackLoader:240 - Cannot read IP mode file for STMicroelectronics.X-CUBE-ALGOBUILD.1.3.0
2024-04-10 08:41:21,751 [WARN] PackLoader:240 - Cannot read IP mode file for STMicroelectronics.X-CUBE-AZRTOS-G0.1.1.0
2024-04-10 08:41:21,765 [WARN] PackLoader:240 - Cannot read IP mode file for STMicroelectronics.X-CUBE-SAFEA1.1.2.2
2024-04-10 08:41:21,778 [WARN] PackLoader:240 - Cannot read IP mode file for STMicroelectronics.X-CUBE-NFC4.3.0.0
2024-04-10 08:41:21,794 [WARN] PackLoader:240 - Cannot read IP mode file for STMicroelectronics.X-CUBE-BLEMGR.3.0.0
2024-04-10 08:41:21,811 [WARN] PackLoader:240 - Cannot read IP mode file for STMicroelectronics.FP-ATR-SIGFOX1.3.2.0
2024-04-10 08:41:21,818 [WARN] PackLoader:240 - Cannot read IP mode file for STMicroelectronics.X-CUBE-EEPRMA1.5.1.0
2024-04-10 08:41:21,873 [WARN] PackLoader:240 - Cannot read IP mode file for SEGGER.I-CUBE-embOS.1.3.1
2024-04-10 08:41:21,932 [WARN] PackLoader:240 - Cannot read IP mode file for STMicroelectronics.X-CUBE-GNSS1.6.0.0
2024-04-10 08:41:21,969 [WARN] PackLoader:240 - Cannot read IP mode file for STMicroelectronics.X-CUBE-AZRTOS-F4.1.1.0
2024-04-10 08:41:21,986 [WARN] PackLoader:240 - Cannot read IP mode file for wolfSSL.I-CUBE-wolfSSL.5.6.6
2024-04-10 08:41:22,024 [WARN] PackLoader:240 - Cannot read IP mode file for STMicroelectronics.X-CUBE-AZRTOS-L5.2.0.0
2024-04-10 08:41:22,045 [WARN] PackLoader:240 - Cannot read IP mode file for STMicroelectronics.X-CUBE-EEPRMA1.4.2.0
2024-04-10 08:41:22,073 [WARN] PackLoader:240 - Cannot read IP mode file for STMicroelectronics.X-CUBE-NFC6.3.1.0
2024-04-10 08:41:22,084 [WARN] PackLoader:240 - Cannot read IP mode file for ITTIA_DB.I-CUBE-ITTIADB.8.8.0
2024-04-10 08:41:22,095 [WARN] PackLoader:240 - Cannot read IP mode file for STMicroelectronics.X-CUBE-NFC7.1.0.1
2024-04-10 08:41:22,112 [WARN] PackLoader:240 - Cannot read IP mode file for STMicroelectronics.X-CUBE-NFC6.3.0.0
2024-04-10 08:41:22,124 [WARN] PackLoader:240 - Cannot read IP mode file for STMicroelectronics.X-CUBE-AI.8.1.0
2024-04-10 08:41:22,174 [WARN] ConditionMgr:438 - getConditionDescription Invalid condition id : LAN8742 Phy interface Condition cause : null
2024-04-10 08:41:22,175 [WARN] PackLoader:240 - Cannot read IP mode file for STMicroelectronics.X-CUBE-AZRTOS-L4.2.0.0
2024-04-10 08:41:22,177 [WARN] ConditionMgr:1039 - genDependencies : Invalid condition id : LAN8742 Phy interface Condition cause : null
2024-04-10 08:41:22,178 [WARN] ConditionMgr:1039 - genDependencies : Invalid condition id : LAN8742 Phy interface Condition cause : null
2024-04-10 08:41:22,180 [WARN] ConditionMgr:1039 - genDependencies : Invalid condition id : LAN8742 Phy interface Condition cause : null
2024-04-10 08:41:22,192 [WARN] PackLoader:240 - Cannot read IP mode file for STMicroelectronics.X-CUBE-SFXS2LP1.4.0.0
2024-04-10 08:41:22,209 [WARN] ConditionMgr:438 - getConditionDescription Invalid condition id : UX DEVICE CLASS RTOS Condition cause : null
2024-04-10 08:41:22,209 [WARN] ConditionMgr:438 - getConditionDescription Invalid condition id : UX DEVICE CLASS RTOS Condition cause : null
2024-04-10 08:41:22,212 [WARN] PackLoader:240 - Cannot read IP mode file for STMicroelectronics.X-CUBE-AZRTOS-WB.2.0.0
2024-04-10 08:41:22,213 [WARN] ConditionMgr:1039 - genDependencies : Invalid condition id : UX DEVICE CLASS RTOS Condition cause : null
2024-04-10 08:41:22,213 [WARN] ConditionMgr:1039 - genDependencies : Invalid condition id : UX DEVICE CLASS RTOS Condition cause : null
2024-04-10 08:41:22,214 [WARN] ConditionMgr:1039 - genDependencies : Invalid condition id : UX DEVICE CLASS RTOS Condition cause : null
2024-04-10 08:41:22,214 [WARN] ConditionMgr:1039 - genDependencies : Invalid condition id : UX DEVICE CLASS RTOS Condition cause : null
2024-04-10 08:41:22,215 [WARN] ConditionMgr:1039 - genDependencies : Invalid condition id : UX DEVICE CLASS RTOS Condition cause : null
2024-04-10 08:41:22,228 [WARN] PackLoader:240 - Cannot read IP mode file for STMicroelectronics.X-CUBE-SUBG2.5.0.0
2024-04-10 08:41:22,255 [WARN] PackLoader:240 - Cannot read IP mode file for STMicroelectronics.X-CUBE-AZRTOS-G4.2.0.0
2024-04-10 08:41:22,273 [WARN] PackLoader:240 - Cannot read IP mode file for Infineon.AIROC-Wi-Fi-Bluetooth-STM32.1.5.1
2024-04-10 08:41:22,286 [WARN] PackLoader:240 - Cannot read IP mode file for STMicroelectronics.X-CUBE-ISPU.2.0.0
2024-04-10 08:41:22,326 [WARN] PackLoader:240 - Cannot read IP mode file for STMicroelectronics.X-CUBE-MEMS1.10.0.0
2024-04-10 08:41:22,469 [WARN] PackLoader:240 - Cannot read IP mode file for STMicroelectronics.X-CUBE-FREERTOS.1.1.0
2024-04-10 08:41:22,477 [WARN] PackLoader:240 - Cannot read IP mode file for portGmbH.I-Cube-SoM-uGOAL.1.1.0
2024-04-10 08:41:22,482 [WARN] PackLoader:240 - Cannot read IP mode file for STMicroelectronics.X-CUBE-ALS.1.0.1
2024-04-10 08:41:22,487 [WARN] PackLoader:240 - Cannot read IP mode file for STMicroelectronics.FP-ATR-ASTRA1.2.0.0
2024-04-10 08:41:22,498 [WARN] PackLoader:240 - Cannot read IP mode file for STMicroelectronics.X-CUBE-TOF1.3.4.0
2024-04-10 08:41:22,517 [WARN] PackLoader:240 - Cannot read IP mode file for STMicroelectronics.X-CUBE-TOF1.3.4.1
2024-04-10 08:41:22,546 [WARN] PackLoader:240 - Cannot read IP mode file for STMicroelectronics.X-CUBE-AZRTOS-H7.3.2.0
2024-04-10 08:41:22,551 [INFO] ThirdParty:978 - Integrity check success = true
2024-04-10 08:41:22,552 [INFO] IntegrityCheckThread:100 - exiting critical section [integrity check]
2024-04-10 08:41:22,552 [INFO] IntegrityCheckThread:103 - End integrity checks thread
2024-04-10 08:41:23,471 [INFO] WebApp:161 - Instantiating new browser for Auth
2024-04-10 08:41:24,974 [INFO] WebApp:780 - Register for checkConnection events
2024-04-10 08:41:24,975 [INFO] WebApp:414 - Apply proxy settings
2024-04-10 08:41:24,975 [INFO] WebApp:499 - Chromium requires no authentication
2024-04-10 08:41:24,993 [INFO] WebApp:442 - Direct internet connection detected
2024-04-10 08:41:25,396 [INFO] WebApp:192 - Starting web application
2024-04-10 08:41:25,396 [INFO] WebApp:544 - Web application path used C:\ST\STM32CubeIDE_1.14.0\STM32CubeIDE\plugins\com.st.stm32cube.common.mx_6.10.0.202311202037\db\plugins\mcufinder\reactClient1\index.html
2024-04-10 08:41:47,275 [ERROR] LogOutputStream:75 - [STDERR_REDIRECT] SLF4J: Failed to load class "org.slf4j.impl.StaticLoggerBinder".
2024-04-10 08:41:47,279 [ERROR] LogOutputStream:75 - [STDERR_REDIRECT] SLF4J: Defaulting to no-operation (NOP) logger implementation
2024-04-10 08:41:47,281 [ERROR] LogOutputStream:75 - [STDERR_REDIRECT] SLF4J: See http://www.slf4j.org/codes.html#StaticLoggerBinder for further details.
2024-04-10 08:42:19,501 [ERROR] LogOutputStream:75 - [STDERR_REDIRECT] 
2024-04-10 08:42:19,503 [ERROR] LogOutputStream:75 - [STDERR_REDIRECT] 
2024-04-10 11:04:48,393 [INFO] Activator:176 - 


2024-04-10 11:04:48,395 [INFO] Activator:177 - !SESSION log4j initialized
2024-04-10 11:04:59,207 [INFO] LogOutputStream:77 - [STDOUT_REDIRECT] 
2024-04-10 11:05:00,983 [INFO] ApplicationProperties:184 - Using Application install path: C:\ST\STM32CubeIDE_1.14.0\STM32CubeIDE\plugins\com.st.stm32cube.common.mx_6.10.0.202311202037
2024-04-10 11:05:01,021 [INFO] DbMcusXml:78 - Set database path to: C:\ST\STM32CubeIDE_1.14.0\STM32CubeIDE\plugins\com.st.stm32cube.common.mx_6.10.0.202311202037\\db\/mcu/
2024-04-10 11:05:01,022 [INFO] ApiDb:274 - Set plugin database path to: C:\ST\STM32CubeIDE_1.14.0\STM32CubeIDE\plugins\com.st.stm32cube.common.mx_6.10.0.202311202037\\db\/plugins/boardmanager/
2024-04-10 11:05:01,022 [WARN] ApiDb:259 - Overriding images path with different value:  => C:\ST\STM32CubeIDE_1.14.0\STM32CubeIDE\plugins\com.st.stm32cube.common.mx_6.10.0.202311202037\\db\/plugins/mcufinder/images/
2024-04-10 11:05:01,031 [INFO] ApiDb:250 - Set database path to: C:\Users\48791\.stmcufinder\plugins\mcufinder//mcu/
2024-04-10 11:05:01,033 [INFO] DbMcusAds:125 - Set database path to: C:\Users\48791\.stmcufinder\plugins\mcufinder//mcu/
2024-04-10 11:05:01,036 [INFO] CrossReferenceDbSqlite:203 - Set database path to: C:\Users\48791\.stmcufinder\plugins\mcufinder//mcu/cs/
2024-04-10 11:05:01,311 [INFO] RulesReader:64 - Compatibility file has been processed (297 Rules)
2024-04-10 11:05:01,657 [INFO] DbMcusXml:78 - Set database path to: C:\ST\STM32CubeIDE_1.14.0\STM32CubeIDE\plugins\com.st.stm32cube.common.mx_6.10.0.202311202037\\db\/mcu/
2024-04-10 11:05:01,658 [INFO] ApiDb:274 - Set plugin database path to: C:\ST\STM32CubeIDE_1.14.0\STM32CubeIDE\plugins\com.st.stm32cube.common.mx_6.10.0.202311202037\\db\/plugins/boardmanager/
2024-04-10 11:05:01,658 [INFO] ApiDb:261 - Set plugin images path to: C:\ST\STM32CubeIDE_1.14.0\STM32CubeIDE\plugins\com.st.stm32cube.common.mx_6.10.0.202311202037\\db\/plugins/mcufinder/images/
2024-04-10 11:05:01,660 [WARN] DbFile:41 - Overriding database path with different value: C:\Users\48791\.stmcufinder\plugins\mcufinder/ => C:\Users\48791\.stmcufinder\plugins\mcufinder
2024-04-10 11:05:01,660 [INFO] ApiDb:250 - Set database path to: C:\Users\48791\.stmcufinder\plugins\mcufinder//mcu/
2024-04-10 11:05:01,660 [WARN] DbFile:41 - Overriding database path with different value: C:\Users\48791\.stmcufinder\plugins\mcufinder/ => C:\Users\48791\.stmcufinder\plugins\mcufinder
2024-04-10 11:05:01,661 [INFO] DbMcusAds:125 - Set database path to: C:\Users\48791\.stmcufinder\plugins\mcufinder//mcu/
2024-04-10 11:05:01,661 [WARN] DbFile:41 - Overriding database path with different value: C:\Users\48791\.stmcufinder\plugins\mcufinder/ => C:\Users\48791\.stmcufinder\plugins\mcufinder
2024-04-10 11:05:01,661 [WARN] DbFile:41 - Overriding database path with different value: C:\Users\48791\.stmcufinder\plugins\mcufinder/ => C:\Users\48791\.stmcufinder\plugins\mcufinder
2024-04-10 11:05:01,661 [INFO] CrossReferenceDbSqlite:203 - Set database path to: C:\Users\48791\.stmcufinder\plugins\mcufinder//mcu/cs/
2024-04-10 11:05:01,867 [INFO] MainPanel:264 - HeapMemory: 268435456
2024-04-10 11:05:02,047 [INFO] DbMcusXml:78 - Set database path to: C:\ST\STM32CubeIDE_1.14.0\STM32CubeIDE\plugins\com.st.stm32cube.common.mx_6.10.0.202311202037\\db\/mcu/
2024-04-10 11:05:02,048 [INFO] ApiDb:274 - Set plugin database path to: C:\ST\STM32CubeIDE_1.14.0\STM32CubeIDE\plugins\com.st.stm32cube.common.mx_6.10.0.202311202037\\db\/plugins/boardmanager/
2024-04-10 11:05:02,048 [INFO] ApiDb:261 - Set plugin images path to: C:\ST\STM32CubeIDE_1.14.0\STM32CubeIDE\plugins\com.st.stm32cube.common.mx_6.10.0.202311202037\\db\/plugins/mcufinder/images/
2024-04-10 11:05:02,052 [WARN] DbFile:41 - Overriding database path with different value: C:\Users\48791\.stmcufinder\plugins\mcufinder/ => C:\Users\48791\.stmcufinder\plugins\mcufinder
2024-04-10 11:05:02,052 [INFO] ApiDb:250 - Set database path to: C:\Users\48791\.stmcufinder\plugins\mcufinder//mcu/
2024-04-10 11:05:02,052 [WARN] DbFile:41 - Overriding database path with different value: C:\Users\48791\.stmcufinder\plugins\mcufinder/ => C:\Users\48791\.stmcufinder\plugins\mcufinder
2024-04-10 11:05:02,053 [INFO] DbMcusAds:125 - Set database path to: C:\Users\48791\.stmcufinder\plugins\mcufinder//mcu/
2024-04-10 11:05:02,053 [WARN] DbFile:41 - Overriding database path with different value: C:\Users\48791\.stmcufinder\plugins\mcufinder/ => C:\Users\48791\.stmcufinder\plugins\mcufinder
2024-04-10 11:05:02,054 [WARN] DbFile:41 - Overriding database path with different value: C:\Users\48791\.stmcufinder\plugins\mcufinder/ => C:\Users\48791\.stmcufinder\plugins\mcufinder
2024-04-10 11:05:02,054 [INFO] CrossReferenceDbSqlite:203 - Set database path to: C:\Users\48791\.stmcufinder\plugins\mcufinder//mcu/cs/
2024-04-10 11:05:02,096 [INFO] ApplicationProperties:184 - Using Application install path: C:\ST\STM32CubeIDE_1.14.0\STM32CubeIDE\plugins\com.st.stm32cube.common.mx_6.10.0.202311202037
2024-04-10 11:05:02,101 [INFO] PluginManage:196 - Search for loadable plugins [exclusion list=, ]
2024-04-10 11:05:02,106 [INFO] PluginManage:310 - Check plugin analytics
2024-04-10 11:05:02,881 [INFO] AnalyticsPlugin:253 - Accepted Software Licenses: STM32CubeMX.6.10.0
2024-04-10 11:05:02,882 [INFO] AnalyticsPlugin:255 - Accepted CMSIS Pack Licenses: 
2024-04-10 11:05:02,883 [INFO] AnalyticsPlugin:257 - Accepted Firmware Licenses: FW.F4.1.28.0
2024-04-10 11:05:02,904 [INFO] PluginManage:359 - Loaded plugin analytics (category:tool,tabindex:-1)
2024-04-10 11:05:02,906 [INFO] PluginManage:310 - Check plugin cadmodel
2024-04-10 11:05:02,918 [INFO] CADModel:105 - Init CAD model plugin
2024-04-10 11:05:02,919 [INFO] PluginManage:359 - Loaded plugin cadmodel (category:power,tabindex:5)
2024-04-10 11:05:02,920 [INFO] PluginManage:310 - Check plugin clock
2024-04-10 11:05:02,958 [INFO] PluginManage:359 - Loaded plugin clock (category:base,tabindex:2)
2024-04-10 11:05:02,959 [INFO] PluginManage:310 - Check plugin ddr
2024-04-10 11:05:02,962 [INFO] PluginManage:359 - Loaded plugin ddr (category:tool,tabindex:6)
2024-04-10 11:05:02,962 [INFO] PluginManage:310 - Check plugin filemanager
2024-04-10 11:05:03,175 [INFO] PluginManage:359 - Loaded plugin filemanager (category:base,tabindex:10)
2024-04-10 11:05:03,176 [INFO] PluginManage:310 - Check plugin ipmanager
2024-04-10 11:05:03,194 [INFO] PluginManage:359 - Loaded plugin ipmanager (category:base,tabindex:5)
2024-04-10 11:05:03,194 [INFO] PluginManage:310 - Check plugin lpbam
2024-04-10 11:05:03,230 [INFO] PluginManage:359 - Loaded plugin lpbam (category:base,tabindex:0)
2024-04-10 11:05:03,231 [INFO] PluginManage:310 - Check plugin memorymap
2024-04-10 11:05:03,272 [INFO] PluginManage:359 - Loaded plugin memorymap (category:base,tabindex:4)
2024-04-10 11:05:03,273 [INFO] PluginManage:310 - Check plugin pinoutandconfiguration
2024-04-10 11:05:03,282 [INFO] PluginManage:359 - Loaded plugin pinoutandconfiguration (category:base,tabindex:1)
2024-04-10 11:05:03,283 [INFO] PluginManage:310 - Check plugin pinoutconfig
2024-04-10 11:05:03,433 [WARN] SupportedApi:132 - Cannot load RTOS API schema: s4s-elt-must-match.1: The content of 'definitions' must match (annotation?, (simpleType | complexType)?, (unique | key | keyref)*)). A problem was found starting at: attribute.
2024-04-10 11:05:03,665 [INFO] PluginManage:359 - Loaded plugin pinoutconfig (category:base,tabindex:0)
2024-04-10 11:05:03,665 [INFO] PluginManage:310 - Check plugin power
2024-04-10 11:05:03,692 [INFO] PluginManage:359 - Loaded plugin power (category:power,tabindex:4)
2024-04-10 11:05:03,692 [INFO] PluginManage:310 - Check plugin projectmanager
2024-04-10 11:05:03,724 [INFO] PluginManage:359 - Loaded plugin projectmanager (category:projectmanager,tabindex:3)
2024-04-10 11:05:03,724 [INFO] PluginManage:310 - Check plugin thirdparty
2024-04-10 11:05:04,050 [WARN] IntegrityCheckThread:84 - waiting for thirdparty lock release [integrity check]
2024-04-10 11:05:04,050 [INFO] IntegrityCheckThread:86 - entering critical section [integrity check]
2024-04-10 11:05:04,055 [INFO] ThirdPartyUpdaterWithRetryManager:70 - Updater plugin not ready yet. [1/15]
2024-04-10 11:05:04,060 [INFO] PluginManage:359 - Loaded plugin thirdparty (category:base,tabindex:-1)
2024-04-10 11:05:04,061 [INFO] PluginManage:310 - Check plugin tools
2024-04-10 11:05:04,087 [INFO] PluginManage:359 - Loaded plugin tools (category:base,tabindex:7)
2024-04-10 11:05:04,087 [INFO] PluginManage:310 - Check plugin tutovideos
2024-04-10 11:05:04,486 [INFO] PluginManage:359 - Loaded plugin tutovideos (category:base,tabindex:-1)
2024-04-10 11:05:04,486 [INFO] PluginManage:310 - Check plugin updater
2024-04-10 11:05:04,502 [INFO] PluginManage:359 - Loaded plugin updater (category:base,tabindex:12)
2024-04-10 11:05:04,502 [INFO] PluginManage:310 - Check plugin userauth
2024-04-10 11:05:04,508 [INFO] UserAuth:114 - Init User Auth plugin
2024-04-10 11:05:04,508 [INFO] PluginManage:359 - Loaded plugin userauth (category:base,tabindex:14)
2024-04-10 11:05:04,508 [INFO] PluginManage:283 - PluginManage : Loaded plugins [17]
2024-04-10 11:05:04,903 [INFO] PinOutPanel:1499 - setPackage(No Configuration,No Configuration)
2024-04-10 11:05:05,013 [INFO] CADModel:165 - CPN selected for project level
2024-04-10 11:05:05,013 [INFO] CADModel:114 - Register for checkConnection events
2024-04-10 11:05:05,032 [INFO] IPUIPlugin:80 - create IPUIPlugin
2024-04-10 11:05:05,032 [INFO] PluginManager:220 - loadIPPluginJar : add adc
2024-04-10 11:05:05,035 [INFO] IPUIPlugin:80 - create IPUIPlugin
2024-04-10 11:05:05,035 [INFO] PluginManager:220 - loadIPPluginJar : add aes
2024-04-10 11:05:05,038 [INFO] IPUIPlugin:80 - create IPUIPlugin
2024-04-10 11:05:05,039 [INFO] PluginManager:220 - loadIPPluginJar : add can
2024-04-10 11:05:05,040 [INFO] IPUIPlugin:80 - create IPUIPlugin
2024-04-10 11:05:05,040 [INFO] PluginManager:220 - loadIPPluginJar : add comp
2024-04-10 11:05:05,042 [INFO] IPUIPlugin:80 - create IPUIPlugin
2024-04-10 11:05:05,043 [INFO] PluginManager:220 - loadIPPluginJar : add cryp
2024-04-10 11:05:05,045 [INFO] IPUIPlugin:80 - create IPUIPlugin
2024-04-10 11:05:05,045 [INFO] PluginManager:220 - loadIPPluginJar : add dfsdm
2024-04-10 11:05:05,053 [INFO] IPUIPlugin:80 - create IPUIPlugin
2024-04-10 11:05:05,054 [INFO] PluginManager:220 - loadIPPluginJar : add dma
2024-04-10 11:05:05,056 [INFO] IPUIPlugin:80 - create IPUIPlugin
2024-04-10 11:05:05,056 [INFO] PluginManager:220 - loadIPPluginJar : add dma3
2024-04-10 11:05:05,058 [INFO] IPUIPlugin:80 - create IPUIPlugin
2024-04-10 11:05:05,058 [INFO] PluginManager:220 - loadIPPluginJar : add fatfs
2024-04-10 11:05:05,062 [INFO] IPUIPlugin:80 - create IPUIPlugin
2024-04-10 11:05:05,063 [INFO] PluginManager:220 - loadIPPluginJar : add fmc
2024-04-10 11:05:05,068 [INFO] IPUIPlugin:80 - create IPUIPlugin
2024-04-10 11:05:05,068 [INFO] PluginManager:220 - loadIPPluginJar : add freertos
2024-04-10 11:05:05,070 [INFO] IPUIPlugin:80 - create IPUIPlugin
2024-04-10 11:05:05,070 [INFO] PluginManager:220 - loadIPPluginJar : add genericplugin
2024-04-10 11:05:05,072 [INFO] IPUIPlugin:80 - create IPUIPlugin
2024-04-10 11:05:05,073 [INFO] PluginManager:220 - loadIPPluginJar : add gfxmmu
2024-04-10 11:05:05,078 [INFO] IPUIPlugin:80 - create IPUIPlugin
2024-04-10 11:05:05,078 [INFO] PluginManager:220 - loadIPPluginJar : add gic
2024-04-10 11:05:05,081 [INFO] IPUIPlugin:80 - create IPUIPlugin
2024-04-10 11:05:05,082 [INFO] PluginManager:220 - loadIPPluginJar : add gpio
2024-04-10 11:05:05,085 [INFO] IPUIPlugin:80 - create IPUIPlugin
2024-04-10 11:05:05,085 [INFO] PluginManager:220 - loadIPPluginJar : add gtzc
2024-04-10 11:05:05,087 [INFO] IPUIPlugin:80 - create IPUIPlugin
2024-04-10 11:05:05,087 [INFO] PluginManager:220 - loadIPPluginJar : add hash
2024-04-10 11:05:05,090 [INFO] IPUIPlugin:80 - create IPUIPlugin
2024-04-10 11:05:05,090 [INFO] PluginManager:220 - loadIPPluginJar : add i2c
2024-04-10 11:05:05,094 [INFO] IPUIPlugin:80 - create IPUIPlugin
2024-04-10 11:05:05,094 [INFO] PluginManager:220 - loadIPPluginJar : add i2s
2024-04-10 11:05:05,097 [INFO] IPUIPlugin:80 - create IPUIPlugin
2024-04-10 11:05:05,098 [INFO] PluginManager:220 - loadIPPluginJar : add i3c
2024-04-10 11:05:05,101 [INFO] IPUIPlugin:80 - create IPUIPlugin
2024-04-10 11:05:05,101 [INFO] PluginManager:220 - loadIPPluginJar : add ipddr
2024-04-10 11:05:05,110 [INFO] IPUIPlugin:80 - create IPUIPlugin
2024-04-10 11:05:05,110 [INFO] PluginManager:220 - loadIPPluginJar : add linkedlist
2024-04-10 11:05:05,113 [INFO] IPUIPlugin:80 - create IPUIPlugin
2024-04-10 11:05:05,113 [INFO] PluginManager:220 - loadIPPluginJar : add lorawan
2024-04-10 11:05:05,115 [INFO] IPUIPlugin:80 - create IPUIPlugin
2024-04-10 11:05:05,116 [INFO] PluginManager:220 - loadIPPluginJar : add ltdc
2024-04-10 11:05:05,123 [INFO] IPUIPlugin:80 - create IPUIPlugin
2024-04-10 11:05:05,124 [INFO] PluginManager:220 - loadIPPluginJar : add mdma
2024-04-10 11:05:05,134 [INFO] IPUIPlugin:80 - create IPUIPlugin
2024-04-10 11:05:05,134 [INFO] PluginManager:220 - loadIPPluginJar : add nvic
2024-04-10 11:05:05,138 [INFO] IPUIPlugin:80 - create IPUIPlugin
2024-04-10 11:05:05,138 [INFO] PluginManager:220 - loadIPPluginJar : add opamp
2024-04-10 11:05:05,141 [INFO] IPUIPlugin:80 - create IPUIPlugin
2024-04-10 11:05:05,141 [INFO] PluginManager:220 - loadIPPluginJar : add openamp
2024-04-10 11:05:05,144 [INFO] IPUIPlugin:80 - create IPUIPlugin
2024-04-10 11:05:05,144 [INFO] PluginManager:220 - loadIPPluginJar : add pdm2pcm
2024-04-10 11:05:05,151 [INFO] IPUIPlugin:80 - create IPUIPlugin
2024-04-10 11:05:05,156 [INFO] PluginManager:220 - loadIPPluginJar : add plateformsettings
2024-04-10 11:05:05,158 [INFO] IPUIPlugin:80 - create IPUIPlugin
2024-04-10 11:05:05,158 [INFO] PluginManager:220 - loadIPPluginJar : add quadspi
2024-04-10 11:05:05,161 [INFO] IPUIPlugin:80 - create IPUIPlugin
2024-04-10 11:05:05,162 [INFO] PluginManager:220 - loadIPPluginJar : add resmgrutility
2024-04-10 11:05:05,164 [INFO] IPUIPlugin:80 - create IPUIPlugin
2024-04-10 11:05:05,164 [INFO] PluginManager:220 - loadIPPluginJar : add sai
2024-04-10 11:05:05,166 [INFO] IPUIPlugin:80 - create IPUIPlugin
2024-04-10 11:05:05,167 [INFO] PluginManager:220 - loadIPPluginJar : add spi
2024-04-10 11:05:05,171 [INFO] IPUIPlugin:80 - create IPUIPlugin
2024-04-10 11:05:05,172 [INFO] PluginManager:220 - loadIPPluginJar : add stm32_wpan
2024-04-10 11:05:05,174 [INFO] IPUIPlugin:80 - create IPUIPlugin
2024-04-10 11:05:05,174 [INFO] PluginManager:220 - loadIPPluginJar : add tim
2024-04-10 11:05:05,180 [INFO] IPUIPlugin:80 - create IPUIPlugin
2024-04-10 11:05:05,180 [INFO] PluginManager:220 - loadIPPluginJar : add touchsensing
2024-04-10 11:05:05,182 [INFO] IPUIPlugin:80 - create IPUIPlugin
2024-04-10 11:05:05,183 [INFO] PluginManager:220 - loadIPPluginJar : add tracer_emb
2024-04-10 11:05:05,185 [INFO] IPUIPlugin:80 - create IPUIPlugin
2024-04-10 11:05:05,185 [INFO] PluginManager:220 - loadIPPluginJar : add ts
2024-04-10 11:05:05,186 [INFO] IPUIPlugin:80 - create IPUIPlugin
2024-04-10 11:05:05,186 [INFO] PluginManager:220 - loadIPPluginJar : add tsc
2024-04-10 11:05:05,188 [INFO] IPUIPlugin:80 - create IPUIPlugin
2024-04-10 11:05:05,188 [INFO] PluginManager:220 - loadIPPluginJar : add ucpd
2024-04-10 11:05:05,190 [INFO] IPUIPlugin:80 - create IPUIPlugin
2024-04-10 11:05:05,190 [INFO] PluginManager:220 - loadIPPluginJar : add usart
2024-04-10 11:05:05,193 [INFO] IPUIPlugin:80 - create IPUIPlugin
2024-04-10 11:05:05,193 [INFO] PluginManager:220 - loadIPPluginJar : add usbx
2024-04-10 11:05:05,347 [INFO] CADModel:165 - CPN selected for project level
2024-04-10 11:05:05,347 [INFO] CADModel:114 - Register for checkConnection events
2024-04-10 11:05:05,348 [FATAL] Updater:308 - Updater called before beeing initialized
2024-04-10 11:05:05,348 [ERROR] CADModel:125 - Updater not yet initialized, retry later 
2024-04-10 11:05:05,635 [INFO] CADModel:165 - CPN selected for project level
2024-04-10 11:05:05,635 [INFO] CADModel:114 - Register for checkConnection events
2024-04-10 11:05:05,636 [FATAL] Updater:308 - Updater called before beeing initialized
2024-04-10 11:05:05,636 [ERROR] CADModel:125 - Updater not yet initialized, retry later 
2024-04-10 11:05:05,644 [FATAL] Updater:308 - Updater called before beeing initialized
2024-04-10 11:05:05,806 [FATAL] Updater:308 - Updater called before beeing initialized
2024-04-10 11:05:05,812 [INFO] DbMcusAds:53 - JSON generation date=Wed Nov 29 11:52:27 CET 2023 (1701255147349)
2024-04-10 11:05:05,812 [FATAL] Updater:308 - Updater called before beeing initialized
2024-04-10 11:05:05,854 [WARN] DetailPanel:346 - Failed to get advertising image, set to default
2024-04-10 11:05:05,988 [FATAL] Updater:308 - Updater called before beeing initialized
2024-04-10 11:05:05,991 [FATAL] Updater:308 - Updater called before beeing initialized
2024-04-10 11:05:05,991 [FATAL] Updater:308 - Updater called before beeing initialized
2024-04-10 11:05:05,991 [WARN] DetailPanel:346 - Failed to get advertising image, set to default
2024-04-10 11:05:05,993 [FATAL] Updater:308 - Updater called before beeing initialized
2024-04-10 11:05:06,079 [ERROR] Updater:1120 - MainUpdater not yet initialized. External WinMGr cannot be set.
2024-04-10 11:05:06,083 [INFO] Updater:1056 - Updater Version found : 6.10.0
2024-04-10 11:05:06,121 [INFO] ApplicationProperties:184 - Using Application install path: C:\ST\STM32CubeIDE_1.14.0\STM32CubeIDE\plugins\com.st.stm32cube.common.mx_6.10.0.202311202037
2024-04-10 11:05:07,066 [INFO] ThirdPartyUpdaterWithRetryManager:70 - Updater plugin not ready yet. [2/15]
2024-04-10 11:05:07,735 [ERROR] LogOutputStream:75 - [STDERR_REDIRECT] Apr 10, 2024 11:05:07 AM java.util.prefs.WindowsPreferences <init>
2024-04-10 11:05:07,738 [ERROR] LogOutputStream:75 - [STDERR_REDIRECT] WARNING: Could not open/create prefs root node Software\JavaSoft\Prefs at root 0xffffffff80000002. Windows RegCreateKeyEx(...) returned error code 5.
2024-04-10 11:05:07,739 [ERROR] LogOutputStream:75 - [STDERR_REDIRECT] 
2024-04-10 11:05:08,176 [INFO] MainUpdater:2873 - connection check result : 10
2024-04-10 11:05:08,178 [INFO] MainUpdater:290 - Updater Check For Update Now.
2024-04-10 11:05:08,178 [INFO] MicroXplorer:498 - Change Database Version : DB.6.0.100
2024-04-10 11:05:08,229 [INFO] McuFinderGlobals:63 - Set McuFinder mode to 2 (CubeIDE integrated)
2024-04-10 11:05:08,441 [INFO] CheckServerUpdateThread:120 - End of CheckServer Thread
2024-04-10 11:05:09,032 [INFO] UserAuth:404 - Internet connection configuration mode: 1
2024-04-10 11:05:09,067 [INFO] JxBrowserEngine:152 - Initiate JxBrowser Engine with user profile folder
2024-04-10 11:05:09,923 [INFO] WebApp:161 - Instantiating new browser for Auth
2024-04-10 11:05:10,418 [WARN] PackLoader:240 - Cannot read IP mode file for STMicroelectronics.X-CUBE-SMBUS.2.1.0
2024-04-10 11:05:10,433 [WARN] PackLoader:240 - Cannot read IP mode file for STMicroelectronics.X-CUBE-TOUCHGFX.4.23.1
2024-04-10 11:05:10,438 [WARN] PackLoader:240 - Cannot read IP mode file for STMicroelectronics.X-CUBE-TOUCHGFX.4.23.0
2024-04-10 11:05:10,443 [WARN] PackLoader:240 - Cannot read IP mode file for STMicroelectronics.X-CUBE-TOUCHGFX.4.23.2
2024-04-10 11:05:10,545 [WARN] PackLoader:240 - Cannot read IP mode file for STMicroelectronics.X-CUBE-AZRTOS-F7.1.1.0
2024-04-10 11:05:10,584 [WARN] PackLoader:240 - Cannot read IP mode file for STMicroelectronics.FP-SNS-MOTENV1.4.3.2
2024-04-10 11:05:10,598 [WARN] PackLoader:240 - Cannot read IP mode file for STMicroelectronics.FP-SNS-FLIGHT1.5.0.2
2024-04-10 11:05:10,616 [WARN] PackLoader:240 - Cannot read IP mode file for STMicroelectronics.X-CUBE-DISPLAY.3.0.0
2024-04-10 11:05:10,658 [WARN] PackLoader:240 - Cannot read IP mode file for STMicroelectronics.X-CUBE-BLE1.7.0.0
2024-04-10 11:05:10,674 [WARN] PackLoader:240 - Cannot read IP mode file for emotas.I-CUBE-CANOPEN.1.3.0
2024-04-10 11:05:10,695 [WARN] PackLoader:240 - Cannot read IP mode file for STMicroelectronics.X-CUBE-BLEMGR.3.1.0
2024-04-10 11:05:10,710 [WARN] PackLoader:240 - Cannot read IP mode file for STMicroelectronics.FP-SNS-SMARTAG2.1.2.0
2024-04-10 11:05:10,746 [INFO] LogOutputStream:77 - [STDOUT_REDIRECT] 1 : Invalid condition id : UX_CORESTACK_Condition cause : null
2024-04-10 11:05:10,748 [INFO] LogOutputStream:77 - [STDOUT_REDIRECT] 1 : Invalid condition id : UX_CORESTACK_Condition cause : null
2024-04-10 11:05:10,753 [INFO] LogOutputStream:77 - [STDOUT_REDIRECT] 1 : Invalid condition id : UX_CORESTACK_Condition cause : null
2024-04-10 11:05:10,756 [INFO] LogOutputStream:77 - [STDOUT_REDIRECT] 1 : Invalid condition id : UX_CORESTACK_Condition cause : null
2024-04-10 11:05:10,760 [INFO] LogOutputStream:77 - [STDOUT_REDIRECT] 1 : Invalid condition id : UX_CORESTACK_Condition cause : null
2024-04-10 11:05:10,763 [WARN] PackLoader:240 - Cannot read IP mode file for STMicroelectronics.X-CUBE-AZRTOS-WL.2.0.0
2024-04-10 11:05:10,773 [WARN] PackLoader:240 - Cannot read IP mode file for STMicroelectronics.FP-SNS-MOTENV1.5.0.0
2024-04-10 11:05:10,817 [WARN] PackLoader:240 - Cannot read IP mode file for WES.I-CUBE-Cesium.1.3.0
2024-04-10 11:05:10,831 [WARN] PackLoader:240 - Cannot read IP mode file for STMicroelectronics.X-CUBE-BLE2.3.3.0
2024-04-10 11:05:10,848 [WARN] PackLoader:240 - Cannot read IP mode file for STMicroelectronics.X-CUBE-ALGOBUILD.1.3.0
2024-04-10 11:05:10,897 [WARN] PackLoader:240 - Cannot read IP mode file for STMicroelectronics.X-CUBE-AZRTOS-G0.1.1.0
2024-04-10 11:05:10,912 [WARN] PackLoader:240 - Cannot read IP mode file for STMicroelectronics.X-CUBE-SAFEA1.1.2.2
2024-04-10 11:05:10,928 [WARN] PackLoader:240 - Cannot read IP mode file for STMicroelectronics.X-CUBE-NFC4.3.0.0
2024-04-10 11:05:10,953 [WARN] PackLoader:240 - Cannot read IP mode file for STMicroelectronics.X-CUBE-BLEMGR.3.0.0
2024-04-10 11:05:10,963 [WARN] PackLoader:240 - Cannot read IP mode file for STMicroelectronics.FP-ATR-SIGFOX1.3.2.0
2024-04-10 11:05:10,979 [WARN] PackLoader:240 - Cannot read IP mode file for STMicroelectronics.X-CUBE-EEPRMA1.5.1.0
2024-04-10 11:05:11,084 [WARN] PackLoader:240 - Cannot read IP mode file for SEGGER.I-CUBE-embOS.1.3.1
2024-04-10 11:05:11,165 [WARN] PackLoader:240 - Cannot read IP mode file for STMicroelectronics.X-CUBE-GNSS1.6.0.0
2024-04-10 11:05:11,187 [WARN] PackLoader:240 - Cannot read IP mode file for STMicroelectronics.X-CUBE-AZRTOS-F4.1.1.0
2024-04-10 11:05:11,197 [WARN] PackLoader:240 - Cannot read IP mode file for wolfSSL.I-CUBE-wolfSSL.5.6.6
2024-04-10 11:05:11,253 [WARN] PackLoader:240 - Cannot read IP mode file for STMicroelectronics.X-CUBE-AZRTOS-L5.2.0.0
2024-04-10 11:05:11,263 [WARN] PackLoader:240 - Cannot read IP mode file for STMicroelectronics.X-CUBE-EEPRMA1.4.2.0
2024-04-10 11:05:11,310 [WARN] PackLoader:240 - Cannot read IP mode file for STMicroelectronics.X-CUBE-NFC6.3.1.0
2024-04-10 11:05:11,320 [WARN] PackLoader:240 - Cannot read IP mode file for ITTIA_DB.I-CUBE-ITTIADB.8.8.0
2024-04-10 11:05:11,328 [WARN] PackLoader:240 - Cannot read IP mode file for STMicroelectronics.X-CUBE-NFC7.1.0.1
2024-04-10 11:05:11,340 [WARN] PackLoader:240 - Cannot read IP mode file for STMicroelectronics.X-CUBE-NFC6.3.0.0
2024-04-10 11:05:11,352 [WARN] PackLoader:240 - Cannot read IP mode file for STMicroelectronics.X-CUBE-AI.8.1.0
2024-04-10 11:05:11,374 [WARN] ConditionMgr:438 - getConditionDescription Invalid condition id : LAN8742 Phy interface Condition cause : null
2024-04-10 11:05:11,375 [WARN] PackLoader:240 - Cannot read IP mode file for STMicroelectronics.X-CUBE-AZRTOS-L4.2.0.0
2024-04-10 11:05:11,376 [WARN] ConditionMgr:1039 - genDependencies : Invalid condition id : LAN8742 Phy interface Condition cause : null
2024-04-10 11:05:11,377 [WARN] ConditionMgr:1039 - genDependencies : Invalid condition id : LAN8742 Phy interface Condition cause : null
2024-04-10 11:05:11,377 [WARN] ConditionMgr:1039 - genDependencies : Invalid condition id : LAN8742 Phy interface Condition cause : null
2024-04-10 11:05:11,387 [WARN] PackLoader:240 - Cannot read IP mode file for STMicroelectronics.X-CUBE-SFXS2LP1.4.0.0
2024-04-10 11:05:11,400 [WARN] ConditionMgr:438 - getConditionDescription Invalid condition id : UX DEVICE CLASS RTOS Condition cause : null
2024-04-10 11:05:11,401 [WARN] ConditionMgr:438 - getConditionDescription Invalid condition id : UX DEVICE CLASS RTOS Condition cause : null
2024-04-10 11:05:11,402 [WARN] PackLoader:240 - Cannot read IP mode file for STMicroelectronics.X-CUBE-AZRTOS-WB.2.0.0
2024-04-10 11:05:11,403 [WARN] ConditionMgr:1039 - genDependencies : Invalid condition id : UX DEVICE CLASS RTOS Condition cause : null
2024-04-10 11:05:11,403 [WARN] ConditionMgr:1039 - genDependencies : Invalid condition id : UX DEVICE CLASS RTOS Condition cause : null
2024-04-10 11:05:11,403 [WARN] ConditionMgr:1039 - genDependencies : Invalid condition id : UX DEVICE CLASS RTOS Condition cause : null
2024-04-10 11:05:11,404 [WARN] ConditionMgr:1039 - genDependencies : Invalid condition id : UX DEVICE CLASS RTOS Condition cause : null
2024-04-10 11:05:11,404 [WARN] ConditionMgr:1039 - genDependencies : Invalid condition id : UX DEVICE CLASS RTOS Condition cause : null
2024-04-10 11:05:11,417 [WARN] PackLoader:240 - Cannot read IP mode file for STMicroelectronics.X-CUBE-SUBG2.5.0.0
2024-04-10 11:05:11,474 [WARN] PackLoader:240 - Cannot read IP mode file for STMicroelectronics.X-CUBE-AZRTOS-G4.2.0.0
2024-04-10 11:05:11,493 [WARN] PackLoader:240 - Cannot read IP mode file for Infineon.AIROC-Wi-Fi-Bluetooth-STM32.1.5.1
2024-04-10 11:05:11,533 [WARN] PackLoader:240 - Cannot read IP mode file for STMicroelectronics.X-CUBE-ISPU.2.0.0
2024-04-10 11:05:11,571 [WARN] PackLoader:240 - Cannot read IP mode file for STMicroelectronics.X-CUBE-MEMS1.10.0.0
2024-04-10 11:05:11,711 [WARN] PackLoader:240 - Cannot read IP mode file for STMicroelectronics.X-CUBE-FREERTOS.1.1.0
2024-04-10 11:05:11,720 [WARN] PackLoader:240 - Cannot read IP mode file for portGmbH.I-Cube-SoM-uGOAL.1.1.0
2024-04-10 11:05:11,725 [WARN] PackLoader:240 - Cannot read IP mode file for STMicroelectronics.X-CUBE-ALS.1.0.1
2024-04-10 11:05:11,732 [WARN] PackLoader:240 - Cannot read IP mode file for STMicroelectronics.FP-ATR-ASTRA1.2.0.0
2024-04-10 11:05:11,772 [WARN] PackLoader:240 - Cannot read IP mode file for STMicroelectronics.X-CUBE-TOF1.3.4.0
2024-04-10 11:05:11,835 [WARN] PackLoader:240 - Cannot read IP mode file for STMicroelectronics.X-CUBE-TOF1.3.4.1
2024-04-10 11:05:11,966 [WARN] PackLoader:240 - Cannot read IP mode file for STMicroelectronics.X-CUBE-AZRTOS-H7.3.2.0
2024-04-10 11:05:11,983 [INFO] ThirdParty:978 - Integrity check success = true
2024-04-10 11:05:11,983 [INFO] IntegrityCheckThread:100 - exiting critical section [integrity check]
2024-04-10 11:05:11,983 [INFO] IntegrityCheckThread:103 - End integrity checks thread
2024-04-10 11:05:13,197 [INFO] WebApp:780 - Register for checkConnection events
2024-04-10 11:05:13,197 [INFO] WebApp:414 - Apply proxy settings
2024-04-10 11:05:13,198 [INFO] WebApp:499 - Chromium requires no authentication
2024-04-10 11:05:13,222 [INFO] WebApp:442 - Direct internet connection detected
2024-04-10 11:05:13,494 [INFO] WebApp:192 - Starting web application
2024-04-10 11:05:13,494 [INFO] WebApp:544 - Web application path used C:\ST\STM32CubeIDE_1.14.0\STM32CubeIDE\plugins\com.st.stm32cube.common.mx_6.10.0.202311202037\db\plugins\mcufinder\reactClient1\index.html
2024-04-10 11:05:36,088 [ERROR] LogOutputStream:75 - [STDERR_REDIRECT] SLF4J: Failed to load class "org.slf4j.impl.StaticLoggerBinder".
2024-04-10 11:05:36,093 [ERROR] LogOutputStream:75 - [STDERR_REDIRECT] SLF4J: Defaulting to no-operation (NOP) logger implementation
2024-04-10 11:05:36,095 [ERROR] LogOutputStream:75 - [STDERR_REDIRECT] SLF4J: See http://www.slf4j.org/codes.html#StaticLoggerBinder for further details.
2024-04-10 11:06:30,739 [ERROR] LogOutputStream:75 - [STDERR_REDIRECT] 
2024-04-10 11:06:30,742 [ERROR] LogOutputStream:75 - [STDERR_REDIRECT] 
2024-04-10 12:20:46,804 [INFO] Activator:176 - 


2024-04-10 12:20:46,807 [INFO] Activator:177 - !SESSION log4j initialized
2024-04-10 12:20:58,162 [INFO] LogOutputStream:77 - [STDOUT_REDIRECT] 
2024-04-10 12:21:01,273 [INFO] ApplicationProperties:184 - Using Application install path: C:\ST\STM32CubeIDE_1.14.0\STM32CubeIDE\plugins\com.st.stm32cube.common.mx_6.10.0.202311202037
2024-04-10 12:21:01,322 [INFO] DbMcusXml:78 - Set database path to: C:\ST\STM32CubeIDE_1.14.0\STM32CubeIDE\plugins\com.st.stm32cube.common.mx_6.10.0.202311202037\\db\/mcu/
2024-04-10 12:21:01,322 [INFO] ApiDb:274 - Set plugin database path to: C:\ST\STM32CubeIDE_1.14.0\STM32CubeIDE\plugins\com.st.stm32cube.common.mx_6.10.0.202311202037\\db\/plugins/boardmanager/
2024-04-10 12:21:01,323 [WARN] ApiDb:259 - Overriding images path with different value:  => C:\ST\STM32CubeIDE_1.14.0\STM32CubeIDE\plugins\com.st.stm32cube.common.mx_6.10.0.202311202037\\db\/plugins/mcufinder/images/
2024-04-10 12:21:01,351 [INFO] ApiDb:250 - Set database path to: C:\Users\48791\.stmcufinder\plugins\mcufinder//mcu/
2024-04-10 12:21:01,355 [INFO] DbMcusAds:125 - Set database path to: C:\Users\48791\.stmcufinder\plugins\mcufinder//mcu/
2024-04-10 12:21:01,360 [INFO] CrossReferenceDbSqlite:203 - Set database path to: C:\Users\48791\.stmcufinder\plugins\mcufinder//mcu/cs/
2024-04-10 12:21:01,721 [INFO] RulesReader:64 - Compatibility file has been processed (297 Rules)
2024-04-10 12:21:01,956 [INFO] DbMcusXml:78 - Set database path to: C:\ST\STM32CubeIDE_1.14.0\STM32CubeIDE\plugins\com.st.stm32cube.common.mx_6.10.0.202311202037\\db\/mcu/
2024-04-10 12:21:01,957 [INFO] ApiDb:274 - Set plugin database path to: C:\ST\STM32CubeIDE_1.14.0\STM32CubeIDE\plugins\com.st.stm32cube.common.mx_6.10.0.202311202037\\db\/plugins/boardmanager/
2024-04-10 12:21:01,957 [INFO] ApiDb:261 - Set plugin images path to: C:\ST\STM32CubeIDE_1.14.0\STM32CubeIDE\plugins\com.st.stm32cube.common.mx_6.10.0.202311202037\\db\/plugins/mcufinder/images/
2024-04-10 12:21:01,957 [WARN] DbFile:41 - Overriding database path with different value: C:\Users\48791\.stmcufinder\plugins\mcufinder/ => C:\Users\48791\.stmcufinder\plugins\mcufinder
2024-04-10 12:21:01,958 [INFO] ApiDb:250 - Set database path to: C:\Users\48791\.stmcufinder\plugins\mcufinder//mcu/
2024-04-10 12:21:01,958 [WARN] DbFile:41 - Overriding database path with different value: C:\Users\48791\.stmcufinder\plugins\mcufinder/ => C:\Users\48791\.stmcufinder\plugins\mcufinder
2024-04-10 12:21:01,959 [INFO] DbMcusAds:125 - Set database path to: C:\Users\48791\.stmcufinder\plugins\mcufinder//mcu/
2024-04-10 12:21:01,959 [WARN] DbFile:41 - Overriding database path with different value: C:\Users\48791\.stmcufinder\plugins\mcufinder/ => C:\Users\48791\.stmcufinder\plugins\mcufinder
2024-04-10 12:21:01,959 [WARN] DbFile:41 - Overriding database path with different value: C:\Users\48791\.stmcufinder\plugins\mcufinder/ => C:\Users\48791\.stmcufinder\plugins\mcufinder
2024-04-10 12:21:01,959 [INFO] CrossReferenceDbSqlite:203 - Set database path to: C:\Users\48791\.stmcufinder\plugins\mcufinder//mcu/cs/
2024-04-10 12:21:02,146 [INFO] MainPanel:264 - HeapMemory: 268435456
2024-04-10 12:21:02,379 [INFO] DbMcusXml:78 - Set database path to: C:\ST\STM32CubeIDE_1.14.0\STM32CubeIDE\plugins\com.st.stm32cube.common.mx_6.10.0.202311202037\\db\/mcu/
2024-04-10 12:21:02,379 [INFO] ApiDb:274 - Set plugin database path to: C:\ST\STM32CubeIDE_1.14.0\STM32CubeIDE\plugins\com.st.stm32cube.common.mx_6.10.0.202311202037\\db\/plugins/boardmanager/
2024-04-10 12:21:02,379 [INFO] ApiDb:261 - Set plugin images path to: C:\ST\STM32CubeIDE_1.14.0\STM32CubeIDE\plugins\com.st.stm32cube.common.mx_6.10.0.202311202037\\db\/plugins/mcufinder/images/
2024-04-10 12:21:02,380 [WARN] DbFile:41 - Overriding database path with different value: C:\Users\48791\.stmcufinder\plugins\mcufinder/ => C:\Users\48791\.stmcufinder\plugins\mcufinder
2024-04-10 12:21:02,380 [INFO] ApiDb:250 - Set database path to: C:\Users\48791\.stmcufinder\plugins\mcufinder//mcu/
2024-04-10 12:21:02,380 [WARN] DbFile:41 - Overriding database path with different value: C:\Users\48791\.stmcufinder\plugins\mcufinder/ => C:\Users\48791\.stmcufinder\plugins\mcufinder
2024-04-10 12:21:02,380 [INFO] DbMcusAds:125 - Set database path to: C:\Users\48791\.stmcufinder\plugins\mcufinder//mcu/
2024-04-10 12:21:02,380 [WARN] DbFile:41 - Overriding database path with different value: C:\Users\48791\.stmcufinder\plugins\mcufinder/ => C:\Users\48791\.stmcufinder\plugins\mcufinder
2024-04-10 12:21:02,381 [WARN] DbFile:41 - Overriding database path with different value: C:\Users\48791\.stmcufinder\plugins\mcufinder/ => C:\Users\48791\.stmcufinder\plugins\mcufinder
2024-04-10 12:21:02,381 [INFO] CrossReferenceDbSqlite:203 - Set database path to: C:\Users\48791\.stmcufinder\plugins\mcufinder//mcu/cs/
2024-04-10 12:21:02,409 [INFO] ApplicationProperties:184 - Using Application install path: C:\ST\STM32CubeIDE_1.14.0\STM32CubeIDE\plugins\com.st.stm32cube.common.mx_6.10.0.202311202037
2024-04-10 12:21:02,412 [INFO] PluginManage:196 - Search for loadable plugins [exclusion list=, ]
2024-04-10 12:21:02,414 [INFO] PluginManage:310 - Check plugin analytics
2024-04-10 12:21:02,742 [INFO] AnalyticsPlugin:253 - Accepted Software Licenses: STM32CubeMX.6.10.0
2024-04-10 12:21:02,742 [INFO] AnalyticsPlugin:255 - Accepted CMSIS Pack Licenses: 
2024-04-10 12:21:02,743 [INFO] AnalyticsPlugin:257 - Accepted Firmware Licenses: FW.F4.1.28.0
2024-04-10 12:21:02,748 [INFO] PluginManage:359 - Loaded plugin analytics (category:tool,tabindex:-1)
2024-04-10 12:21:02,749 [INFO] PluginManage:310 - Check plugin cadmodel
2024-04-10 12:21:02,760 [INFO] CADModel:105 - Init CAD model plugin
2024-04-10 12:21:02,761 [INFO] PluginManage:359 - Loaded plugin cadmodel (category:power,tabindex:5)
2024-04-10 12:21:02,761 [INFO] PluginManage:310 - Check plugin clock
2024-04-10 12:21:02,783 [INFO] PluginManage:359 - Loaded plugin clock (category:base,tabindex:2)
2024-04-10 12:21:02,783 [INFO] PluginManage:310 - Check plugin ddr
2024-04-10 12:21:02,789 [INFO] PluginManage:359 - Loaded plugin ddr (category:tool,tabindex:6)
2024-04-10 12:21:02,790 [INFO] PluginManage:310 - Check plugin filemanager
2024-04-10 12:21:03,064 [INFO] PluginManage:359 - Loaded plugin filemanager (category:base,tabindex:10)
2024-04-10 12:21:03,065 [INFO] PluginManage:310 - Check plugin ipmanager
2024-04-10 12:21:03,078 [INFO] PluginManage:359 - Loaded plugin ipmanager (category:base,tabindex:5)
2024-04-10 12:21:03,078 [INFO] PluginManage:310 - Check plugin lpbam
2024-04-10 12:21:03,093 [INFO] PluginManage:359 - Loaded plugin lpbam (category:base,tabindex:0)
2024-04-10 12:21:03,093 [INFO] PluginManage:310 - Check plugin memorymap
2024-04-10 12:21:03,122 [INFO] PluginManage:359 - Loaded plugin memorymap (category:base,tabindex:4)
2024-04-10 12:21:03,122 [INFO] PluginManage:310 - Check plugin pinoutandconfiguration
2024-04-10 12:21:03,135 [INFO] PluginManage:359 - Loaded plugin pinoutandconfiguration (category:base,tabindex:1)
2024-04-10 12:21:03,136 [INFO] PluginManage:310 - Check plugin pinoutconfig
2024-04-10 12:21:03,319 [WARN] SupportedApi:132 - Cannot load RTOS API schema: s4s-elt-must-match.1: The content of 'definitions' must match (annotation?, (simpleType | complexType)?, (unique | key | keyref)*)). A problem was found starting at: attribute.
2024-04-10 12:21:03,613 [INFO] PluginManage:359 - Loaded plugin pinoutconfig (category:base,tabindex:0)
2024-04-10 12:21:03,613 [INFO] PluginManage:310 - Check plugin power
2024-04-10 12:21:03,645 [INFO] PluginManage:359 - Loaded plugin power (category:power,tabindex:4)
2024-04-10 12:21:03,646 [INFO] PluginManage:310 - Check plugin projectmanager
2024-04-10 12:21:03,670 [INFO] PluginManage:359 - Loaded plugin projectmanager (category:projectmanager,tabindex:3)
2024-04-10 12:21:03,670 [INFO] PluginManage:310 - Check plugin thirdparty
2024-04-10 12:21:03,976 [INFO] PluginManage:359 - Loaded plugin thirdparty (category:base,tabindex:-1)
2024-04-10 12:21:03,977 [INFO] PluginManage:310 - Check plugin tools
2024-04-10 12:21:03,976 [WARN] IntegrityCheckThread:84 - waiting for thirdparty lock release [integrity check]
2024-04-10 12:21:03,977 [INFO] IntegrityCheckThread:86 - entering critical section [integrity check]
2024-04-10 12:21:03,978 [INFO] ThirdPartyUpdaterWithRetryManager:70 - Updater plugin not ready yet. [1/15]
2024-04-10 12:21:03,981 [INFO] PluginManage:359 - Loaded plugin tools (category:base,tabindex:7)
2024-04-10 12:21:03,981 [INFO] PluginManage:310 - Check plugin tutovideos
2024-04-10 12:21:04,272 [INFO] PluginManage:359 - Loaded plugin tutovideos (category:base,tabindex:-1)
2024-04-10 12:21:04,273 [INFO] PluginManage:310 - Check plugin updater
2024-04-10 12:21:04,297 [INFO] PluginManage:359 - Loaded plugin updater (category:base,tabindex:12)
2024-04-10 12:21:04,297 [INFO] PluginManage:310 - Check plugin userauth
2024-04-10 12:21:04,306 [INFO] UserAuth:114 - Init User Auth plugin
2024-04-10 12:21:04,306 [INFO] PluginManage:359 - Loaded plugin userauth (category:base,tabindex:14)
2024-04-10 12:21:04,307 [INFO] PluginManage:283 - PluginManage : Loaded plugins [17]
2024-04-10 12:21:04,876 [INFO] PinOutPanel:1499 - setPackage(No Configuration,No Configuration)
2024-04-10 12:21:05,082 [INFO] CADModel:165 - CPN selected for project level
2024-04-10 12:21:05,082 [INFO] CADModel:114 - Register for checkConnection events
2024-04-10 12:21:05,129 [INFO] IPUIPlugin:80 - create IPUIPlugin
2024-04-10 12:21:05,129 [INFO] PluginManager:220 - loadIPPluginJar : add adc
2024-04-10 12:21:05,137 [INFO] IPUIPlugin:80 - create IPUIPlugin
2024-04-10 12:21:05,138 [INFO] PluginManager:220 - loadIPPluginJar : add aes
2024-04-10 12:21:05,146 [INFO] IPUIPlugin:80 - create IPUIPlugin
2024-04-10 12:21:05,146 [INFO] PluginManager:220 - loadIPPluginJar : add can
2024-04-10 12:21:05,152 [INFO] IPUIPlugin:80 - create IPUIPlugin
2024-04-10 12:21:05,152 [INFO] PluginManager:220 - loadIPPluginJar : add comp
2024-04-10 12:21:05,159 [INFO] IPUIPlugin:80 - create IPUIPlugin
2024-04-10 12:21:05,159 [INFO] PluginManager:220 - loadIPPluginJar : add cryp
2024-04-10 12:21:05,168 [INFO] IPUIPlugin:80 - create IPUIPlugin
2024-04-10 12:21:05,168 [INFO] PluginManager:220 - loadIPPluginJar : add dfsdm
2024-04-10 12:21:05,184 [INFO] IPUIPlugin:80 - create IPUIPlugin
2024-04-10 12:21:05,185 [INFO] PluginManager:220 - loadIPPluginJar : add dma
2024-04-10 12:21:05,193 [INFO] IPUIPlugin:80 - create IPUIPlugin
2024-04-10 12:21:05,193 [INFO] PluginManager:220 - loadIPPluginJar : add dma3
2024-04-10 12:21:05,197 [INFO] IPUIPlugin:80 - create IPUIPlugin
2024-04-10 12:21:05,197 [INFO] PluginManager:220 - loadIPPluginJar : add fatfs
2024-04-10 12:21:05,207 [INFO] IPUIPlugin:80 - create IPUIPlugin
2024-04-10 12:21:05,207 [INFO] PluginManager:220 - loadIPPluginJar : add fmc
2024-04-10 12:21:05,226 [INFO] IPUIPlugin:80 - create IPUIPlugin
2024-04-10 12:21:05,226 [INFO] PluginManager:220 - loadIPPluginJar : add freertos
2024-04-10 12:21:05,230 [INFO] IPUIPlugin:80 - create IPUIPlugin
2024-04-10 12:21:05,230 [INFO] PluginManager:220 - loadIPPluginJar : add genericplugin
2024-04-10 12:21:05,236 [INFO] IPUIPlugin:80 - create IPUIPlugin
2024-04-10 12:21:05,236 [INFO] PluginManager:220 - loadIPPluginJar : add gfxmmu
2024-04-10 12:21:05,253 [INFO] IPUIPlugin:80 - create IPUIPlugin
2024-04-10 12:21:05,254 [INFO] PluginManager:220 - loadIPPluginJar : add gic
2024-04-10 12:21:05,266 [INFO] IPUIPlugin:80 - create IPUIPlugin
2024-04-10 12:21:05,266 [INFO] PluginManager:220 - loadIPPluginJar : add gpio
2024-04-10 12:21:05,277 [INFO] IPUIPlugin:80 - create IPUIPlugin
2024-04-10 12:21:05,277 [INFO] PluginManager:220 - loadIPPluginJar : add gtzc
2024-04-10 12:21:05,282 [INFO] IPUIPlugin:80 - create IPUIPlugin
2024-04-10 12:21:05,283 [INFO] PluginManager:220 - loadIPPluginJar : add hash
2024-04-10 12:21:05,292 [INFO] IPUIPlugin:80 - create IPUIPlugin
2024-04-10 12:21:05,292 [INFO] PluginManager:220 - loadIPPluginJar : add i2c
2024-04-10 12:21:05,298 [INFO] IPUIPlugin:80 - create IPUIPlugin
2024-04-10 12:21:05,298 [INFO] PluginManager:220 - loadIPPluginJar : add i2s
2024-04-10 12:21:05,306 [INFO] IPUIPlugin:80 - create IPUIPlugin
2024-04-10 12:21:05,306 [INFO] PluginManager:220 - loadIPPluginJar : add i3c
2024-04-10 12:21:05,316 [INFO] IPUIPlugin:80 - create IPUIPlugin
2024-04-10 12:21:05,316 [INFO] PluginManager:220 - loadIPPluginJar : add ipddr
2024-04-10 12:21:05,332 [INFO] IPUIPlugin:80 - create IPUIPlugin
2024-04-10 12:21:05,332 [INFO] PluginManager:220 - loadIPPluginJar : add linkedlist
2024-04-10 12:21:05,339 [INFO] IPUIPlugin:80 - create IPUIPlugin
2024-04-10 12:21:05,340 [INFO] PluginManager:220 - loadIPPluginJar : add lorawan
2024-04-10 12:21:05,343 [INFO] IPUIPlugin:80 - create IPUIPlugin
2024-04-10 12:21:05,344 [INFO] PluginManager:220 - loadIPPluginJar : add ltdc
2024-04-10 12:21:05,364 [INFO] IPUIPlugin:80 - create IPUIPlugin
2024-04-10 12:21:05,366 [INFO] PluginManager:220 - loadIPPluginJar : add mdma
2024-04-10 12:21:05,387 [INFO] IPUIPlugin:80 - create IPUIPlugin
2024-04-10 12:21:05,388 [INFO] PluginManager:220 - loadIPPluginJar : add nvic
2024-04-10 12:21:05,399 [INFO] IPUIPlugin:80 - create IPUIPlugin
2024-04-10 12:21:05,400 [INFO] PluginManager:220 - loadIPPluginJar : add opamp
2024-04-10 12:21:05,412 [INFO] IPUIPlugin:80 - create IPUIPlugin
2024-04-10 12:21:05,412 [INFO] PluginManager:220 - loadIPPluginJar : add openamp
2024-04-10 12:21:05,422 [INFO] IPUIPlugin:80 - create IPUIPlugin
2024-04-10 12:21:05,422 [INFO] PluginManager:220 - loadIPPluginJar : add pdm2pcm
2024-04-10 12:21:05,445 [INFO] IPUIPlugin:80 - create IPUIPlugin
2024-04-10 12:21:05,455 [INFO] PluginManager:220 - loadIPPluginJar : add plateformsettings
2024-04-10 12:21:05,461 [INFO] IPUIPlugin:80 - create IPUIPlugin
2024-04-10 12:21:05,461 [INFO] PluginManager:220 - loadIPPluginJar : add quadspi
2024-04-10 12:21:05,474 [INFO] IPUIPlugin:80 - create IPUIPlugin
2024-04-10 12:21:05,474 [INFO] PluginManager:220 - loadIPPluginJar : add resmgrutility
2024-04-10 12:21:05,480 [INFO] IPUIPlugin:80 - create IPUIPlugin
2024-04-10 12:21:05,481 [INFO] PluginManager:220 - loadIPPluginJar : add sai
2024-04-10 12:21:05,485 [INFO] IPUIPlugin:80 - create IPUIPlugin
2024-04-10 12:21:05,485 [INFO] PluginManager:220 - loadIPPluginJar : add spi
2024-04-10 12:21:05,496 [INFO] IPUIPlugin:80 - create IPUIPlugin
2024-04-10 12:21:05,496 [INFO] PluginManager:220 - loadIPPluginJar : add stm32_wpan
2024-04-10 12:21:05,500 [INFO] IPUIPlugin:80 - create IPUIPlugin
2024-04-10 12:21:05,501 [INFO] PluginManager:220 - loadIPPluginJar : add tim
2024-04-10 12:21:05,510 [INFO] IPUIPlugin:80 - create IPUIPlugin
2024-04-10 12:21:05,510 [INFO] PluginManager:220 - loadIPPluginJar : add touchsensing
2024-04-10 12:21:05,515 [INFO] IPUIPlugin:80 - create IPUIPlugin
2024-04-10 12:21:05,515 [INFO] PluginManager:220 - loadIPPluginJar : add tracer_emb
2024-04-10 12:21:05,519 [INFO] IPUIPlugin:80 - create IPUIPlugin
2024-04-10 12:21:05,519 [INFO] PluginManager:220 - loadIPPluginJar : add ts
2024-04-10 12:21:05,523 [INFO] IPUIPlugin:80 - create IPUIPlugin
2024-04-10 12:21:05,523 [INFO] PluginManager:220 - loadIPPluginJar : add tsc
2024-04-10 12:21:05,526 [INFO] IPUIPlugin:80 - create IPUIPlugin
2024-04-10 12:21:05,526 [INFO] PluginManager:220 - loadIPPluginJar : add ucpd
2024-04-10 12:21:05,537 [INFO] IPUIPlugin:80 - create IPUIPlugin
2024-04-10 12:21:05,537 [INFO] PluginManager:220 - loadIPPluginJar : add usart
2024-04-10 12:21:05,543 [INFO] IPUIPlugin:80 - create IPUIPlugin
2024-04-10 12:21:05,543 [INFO] PluginManager:220 - loadIPPluginJar : add usbx
2024-04-10 12:21:05,735 [INFO] CADModel:165 - CPN selected for project level
2024-04-10 12:21:05,735 [INFO] CADModel:114 - Register for checkConnection events
2024-04-10 12:21:05,735 [FATAL] Updater:308 - Updater called before beeing initialized
2024-04-10 12:21:05,735 [ERROR] CADModel:125 - Updater not yet initialized, retry later 
2024-04-10 12:21:06,215 [INFO] CADModel:165 - CPN selected for project level
2024-04-10 12:21:06,215 [INFO] CADModel:114 - Register for checkConnection events
2024-04-10 12:21:06,215 [FATAL] Updater:308 - Updater called before beeing initialized
2024-04-10 12:21:06,215 [ERROR] CADModel:125 - Updater not yet initialized, retry later 
2024-04-10 12:21:06,221 [FATAL] Updater:308 - Updater called before beeing initialized
2024-04-10 12:21:06,494 [FATAL] Updater:308 - Updater called before beeing initialized
2024-04-10 12:21:06,531 [INFO] DbMcusAds:53 - JSON generation date=Wed Nov 29 11:52:27 CET 2023 (1701255147349)
2024-04-10 12:21:06,531 [FATAL] Updater:308 - Updater called before beeing initialized
2024-04-10 12:21:06,614 [WARN] DetailPanel:346 - Failed to get advertising image, set to default
2024-04-10 12:21:06,774 [FATAL] Updater:308 - Updater called before beeing initialized
2024-04-10 12:21:06,777 [FATAL] Updater:308 - Updater called before beeing initialized
2024-04-10 12:21:06,778 [FATAL] Updater:308 - Updater called before beeing initialized
2024-04-10 12:21:06,778 [WARN] DetailPanel:346 - Failed to get advertising image, set to default
2024-04-10 12:21:06,779 [FATAL] Updater:308 - Updater called before beeing initialized
2024-04-10 12:21:06,921 [ERROR] Updater:1120 - MainUpdater not yet initialized. External WinMGr cannot be set.
2024-04-10 12:21:06,926 [INFO] Updater:1056 - Updater Version found : 6.10.0
2024-04-10 12:21:06,977 [INFO] ApplicationProperties:184 - Using Application install path: C:\ST\STM32CubeIDE_1.14.0\STM32CubeIDE\plugins\com.st.stm32cube.common.mx_6.10.0.202311202037
2024-04-10 12:21:06,979 [INFO] ThirdPartyUpdaterWithRetryManager:70 - Updater plugin not ready yet. [2/15]
2024-04-10 12:21:08,570 [ERROR] LogOutputStream:75 - [STDERR_REDIRECT] Apr 10, 2024 12:21:08 PM java.util.prefs.WindowsPreferences <init>
2024-04-10 12:21:08,574 [ERROR] LogOutputStream:75 - [STDERR_REDIRECT] WARNING: Could not open/create prefs root node Software\JavaSoft\Prefs at root 0xffffffff80000002. Windows RegCreateKeyEx(...) returned error code 5.
2024-04-10 12:21:08,576 [ERROR] LogOutputStream:75 - [STDERR_REDIRECT] 
2024-04-10 12:21:09,282 [INFO] MainUpdater:2873 - connection check result : 10
2024-04-10 12:21:09,284 [INFO] MainUpdater:290 - Updater Check For Update Now.
2024-04-10 12:21:09,284 [INFO] MicroXplorer:498 - Change Database Version : DB.6.0.100
2024-04-10 12:21:09,296 [INFO] McuFinderGlobals:63 - Set McuFinder mode to 2 (CubeIDE integrated)
2024-04-10 12:21:09,548 [INFO] CheckServerUpdateThread:120 - End of CheckServer Thread
2024-04-10 12:21:09,733 [INFO] UserAuth:404 - Internet connection configuration mode: 1
2024-04-10 12:21:09,785 [INFO] JxBrowserEngine:152 - Initiate JxBrowser Engine with user profile folder
2024-04-10 12:21:10,288 [WARN] PackLoader:240 - Cannot read IP mode file for STMicroelectronics.X-CUBE-SMBUS.2.1.0
2024-04-10 12:21:10,303 [WARN] PackLoader:240 - Cannot read IP mode file for STMicroelectronics.X-CUBE-TOUCHGFX.4.23.1
2024-04-10 12:21:10,309 [WARN] PackLoader:240 - Cannot read IP mode file for STMicroelectronics.X-CUBE-TOUCHGFX.4.23.0
2024-04-10 12:21:10,313 [WARN] PackLoader:240 - Cannot read IP mode file for STMicroelectronics.X-CUBE-TOUCHGFX.4.23.2
2024-04-10 12:21:10,347 [WARN] PackLoader:240 - Cannot read IP mode file for STMicroelectronics.X-CUBE-AZRTOS-F7.1.1.0
2024-04-10 12:21:10,366 [WARN] PackLoader:240 - Cannot read IP mode file for STMicroelectronics.FP-SNS-MOTENV1.4.3.2
2024-04-10 12:21:10,379 [WARN] PackLoader:240 - Cannot read IP mode file for STMicroelectronics.FP-SNS-FLIGHT1.5.0.2
2024-04-10 12:21:10,395 [WARN] PackLoader:240 - Cannot read IP mode file for STMicroelectronics.X-CUBE-DISPLAY.3.0.0
2024-04-10 12:21:10,462 [WARN] PackLoader:240 - Cannot read IP mode file for STMicroelectronics.X-CUBE-BLE1.7.0.0
2024-04-10 12:21:10,471 [WARN] PackLoader:240 - Cannot read IP mode file for emotas.I-CUBE-CANOPEN.1.3.0
2024-04-10 12:21:10,488 [WARN] PackLoader:240 - Cannot read IP mode file for STMicroelectronics.X-CUBE-BLEMGR.3.1.0
2024-04-10 12:21:10,499 [WARN] PackLoader:240 - Cannot read IP mode file for STMicroelectronics.FP-SNS-SMARTAG2.1.2.0
2024-04-10 12:21:10,512 [INFO] LogOutputStream:77 - [STDOUT_REDIRECT] 1 : Invalid condition id : UX_CORESTACK_Condition cause : null
2024-04-10 12:21:10,513 [INFO] LogOutputStream:77 - [STDOUT_REDIRECT] 1 : Invalid condition id : UX_CORESTACK_Condition cause : null
2024-04-10 12:21:10,515 [INFO] LogOutputStream:77 - [STDOUT_REDIRECT] 1 : Invalid condition id : UX_CORESTACK_Condition cause : null
2024-04-10 12:21:10,517 [INFO] LogOutputStream:77 - [STDOUT_REDIRECT] 1 : Invalid condition id : UX_CORESTACK_Condition cause : null
2024-04-10 12:21:10,518 [INFO] LogOutputStream:77 - [STDOUT_REDIRECT] 1 : Invalid condition id : UX_CORESTACK_Condition cause : null
2024-04-10 12:21:10,522 [WARN] PackLoader:240 - Cannot read IP mode file for STMicroelectronics.X-CUBE-AZRTOS-WL.2.0.0
2024-04-10 12:21:10,530 [WARN] PackLoader:240 - Cannot read IP mode file for STMicroelectronics.FP-SNS-MOTENV1.5.0.0
2024-04-10 12:21:10,543 [WARN] PackLoader:240 - Cannot read IP mode file for WES.I-CUBE-Cesium.1.3.0
2024-04-10 12:21:10,551 [WARN] PackLoader:240 - Cannot read IP mode file for STMicroelectronics.X-CUBE-BLE2.3.3.0
2024-04-10 12:21:10,612 [WARN] PackLoader:240 - Cannot read IP mode file for STMicroelectronics.X-CUBE-ALGOBUILD.1.3.0
2024-04-10 12:21:10,679 [WARN] PackLoader:240 - Cannot read IP mode file for STMicroelectronics.X-CUBE-AZRTOS-G0.1.1.0
2024-04-10 12:21:10,691 [WARN] PackLoader:240 - Cannot read IP mode file for STMicroelectronics.X-CUBE-SAFEA1.1.2.2
2024-04-10 12:21:10,700 [WARN] PackLoader:240 - Cannot read IP mode file for STMicroelectronics.X-CUBE-NFC4.3.0.0
2024-04-10 12:21:10,711 [WARN] PackLoader:240 - Cannot read IP mode file for STMicroelectronics.X-CUBE-BLEMGR.3.0.0
2024-04-10 12:21:10,719 [WARN] PackLoader:240 - Cannot read IP mode file for STMicroelectronics.FP-ATR-SIGFOX1.3.2.0
2024-04-10 12:21:10,727 [WARN] PackLoader:240 - Cannot read IP mode file for STMicroelectronics.X-CUBE-EEPRMA1.5.1.0
2024-04-10 12:21:10,767 [WARN] PackLoader:240 - Cannot read IP mode file for SEGGER.I-CUBE-embOS.1.3.1
2024-04-10 12:21:10,836 [WARN] PackLoader:240 - Cannot read IP mode file for STMicroelectronics.X-CUBE-GNSS1.6.0.0
2024-04-10 12:21:10,918 [WARN] PackLoader:240 - Cannot read IP mode file for STMicroelectronics.X-CUBE-AZRTOS-F4.1.1.0
2024-04-10 12:21:10,963 [WARN] PackLoader:240 - Cannot read IP mode file for wolfSSL.I-CUBE-wolfSSL.5.6.6
2024-04-10 12:21:11,000 [WARN] PackLoader:240 - Cannot read IP mode file for STMicroelectronics.X-CUBE-AZRTOS-L5.2.0.0
2024-04-10 12:21:11,022 [WARN] PackLoader:240 - Cannot read IP mode file for STMicroelectronics.X-CUBE-EEPRMA1.4.2.0
2024-04-10 12:21:11,049 [WARN] PackLoader:240 - Cannot read IP mode file for STMicroelectronics.X-CUBE-NFC6.3.1.0
2024-04-10 12:21:11,074 [WARN] PackLoader:240 - Cannot read IP mode file for ITTIA_DB.I-CUBE-ITTIADB.8.8.0
2024-04-10 12:21:11,086 [WARN] PackLoader:240 - Cannot read IP mode file for STMicroelectronics.X-CUBE-NFC7.1.0.1
2024-04-10 12:21:11,093 [WARN] PackLoader:240 - Cannot read IP mode file for STMicroelectronics.X-CUBE-NFC6.3.0.0
2024-04-10 12:21:11,102 [WARN] PackLoader:240 - Cannot read IP mode file for STMicroelectronics.X-CUBE-AI.8.1.0
2024-04-10 12:21:11,133 [WARN] ConditionMgr:438 - getConditionDescription Invalid condition id : LAN8742 Phy interface Condition cause : null
2024-04-10 12:21:11,134 [WARN] PackLoader:240 - Cannot read IP mode file for STMicroelectronics.X-CUBE-AZRTOS-L4.2.0.0
2024-04-10 12:21:11,137 [WARN] ConditionMgr:1039 - genDependencies : Invalid condition id : LAN8742 Phy interface Condition cause : null
2024-04-10 12:21:11,137 [WARN] ConditionMgr:1039 - genDependencies : Invalid condition id : LAN8742 Phy interface Condition cause : null
2024-04-10 12:21:11,139 [WARN] ConditionMgr:1039 - genDependencies : Invalid condition id : LAN8742 Phy interface Condition cause : null
2024-04-10 12:21:11,152 [WARN] PackLoader:240 - Cannot read IP mode file for STMicroelectronics.X-CUBE-SFXS2LP1.4.0.0
2024-04-10 12:21:11,164 [WARN] ConditionMgr:438 - getConditionDescription Invalid condition id : UX DEVICE CLASS RTOS Condition cause : null
2024-04-10 12:21:11,165 [WARN] ConditionMgr:438 - getConditionDescription Invalid condition id : UX DEVICE CLASS RTOS Condition cause : null
2024-04-10 12:21:11,166 [WARN] PackLoader:240 - Cannot read IP mode file for STMicroelectronics.X-CUBE-AZRTOS-WB.2.0.0
2024-04-10 12:21:11,167 [WARN] ConditionMgr:1039 - genDependencies : Invalid condition id : UX DEVICE CLASS RTOS Condition cause : null
2024-04-10 12:21:11,167 [WARN] ConditionMgr:1039 - genDependencies : Invalid condition id : UX DEVICE CLASS RTOS Condition cause : null
2024-04-10 12:21:11,167 [WARN] ConditionMgr:1039 - genDependencies : Invalid condition id : UX DEVICE CLASS RTOS Condition cause : null
2024-04-10 12:21:11,168 [WARN] ConditionMgr:1039 - genDependencies : Invalid condition id : UX DEVICE CLASS RTOS Condition cause : null
2024-04-10 12:21:11,168 [WARN] ConditionMgr:1039 - genDependencies : Invalid condition id : UX DEVICE CLASS RTOS Condition cause : null
2024-04-10 12:21:11,182 [WARN] PackLoader:240 - Cannot read IP mode file for STMicroelectronics.X-CUBE-SUBG2.5.0.0
2024-04-10 12:21:11,205 [WARN] PackLoader:240 - Cannot read IP mode file for STMicroelectronics.X-CUBE-AZRTOS-G4.2.0.0
2024-04-10 12:21:11,227 [WARN] PackLoader:240 - Cannot read IP mode file for Infineon.AIROC-Wi-Fi-Bluetooth-STM32.1.5.1
2024-04-10 12:21:11,239 [WARN] PackLoader:240 - Cannot read IP mode file for STMicroelectronics.X-CUBE-ISPU.2.0.0
2024-04-10 12:21:11,270 [WARN] PackLoader:240 - Cannot read IP mode file for STMicroelectronics.X-CUBE-MEMS1.10.0.0
2024-04-10 12:21:11,394 [WARN] PackLoader:240 - Cannot read IP mode file for STMicroelectronics.X-CUBE-FREERTOS.1.1.0
2024-04-10 12:21:11,400 [WARN] PackLoader:240 - Cannot read IP mode file for portGmbH.I-Cube-SoM-uGOAL.1.1.0
2024-04-10 12:21:11,408 [WARN] PackLoader:240 - Cannot read IP mode file for STMicroelectronics.X-CUBE-ALS.1.0.1
2024-04-10 12:21:11,415 [WARN] PackLoader:240 - Cannot read IP mode file for STMicroelectronics.FP-ATR-ASTRA1.2.0.0
2024-04-10 12:21:11,426 [WARN] PackLoader:240 - Cannot read IP mode file for STMicroelectronics.X-CUBE-TOF1.3.4.0
2024-04-10 12:21:11,477 [WARN] PackLoader:240 - Cannot read IP mode file for STMicroelectronics.X-CUBE-TOF1.3.4.1
2024-04-10 12:21:11,514 [WARN] PackLoader:240 - Cannot read IP mode file for STMicroelectronics.X-CUBE-AZRTOS-H7.3.2.0
2024-04-10 12:21:11,519 [INFO] ThirdParty:978 - Integrity check success = true
2024-04-10 12:21:11,520 [INFO] IntegrityCheckThread:100 - exiting critical section [integrity check]
2024-04-10 12:21:11,520 [INFO] IntegrityCheckThread:103 - End integrity checks thread
2024-04-10 12:21:12,126 [INFO] WebApp:161 - Instantiating new browser for Auth
2024-04-10 12:21:13,420 [INFO] WebApp:780 - Register for checkConnection events
2024-04-10 12:21:13,420 [INFO] WebApp:414 - Apply proxy settings
2024-04-10 12:21:13,420 [INFO] WebApp:499 - Chromium requires no authentication
2024-04-10 12:21:13,436 [INFO] WebApp:442 - Direct internet connection detected
2024-04-10 12:21:13,758 [INFO] WebApp:192 - Starting web application
2024-04-10 12:21:13,759 [INFO] WebApp:544 - Web application path used C:\ST\STM32CubeIDE_1.14.0\STM32CubeIDE\plugins\com.st.stm32cube.common.mx_6.10.0.202311202037\db\plugins\mcufinder\reactClient1\index.html
2024-04-10 12:21:34,914 [ERROR] LogOutputStream:75 - [STDERR_REDIRECT] SLF4J: Failed to load class "org.slf4j.impl.StaticLoggerBinder".
2024-04-10 12:21:34,915 [ERROR] LogOutputStream:75 - [STDERR_REDIRECT] SLF4J: Defaulting to no-operation (NOP) logger implementation
2024-04-10 12:21:34,916 [ERROR] LogOutputStream:75 - [STDERR_REDIRECT] SLF4J: See http://www.slf4j.org/codes.html#StaticLoggerBinder for further details.
2024-04-10 12:29:56,042 [ERROR] LogOutputStream:75 - [STDERR_REDIRECT] 
