2024-04-08 12:57:42,532 [INFO] Activator:176 - 


2024-04-08 12:57:42,547 [INFO] Activator:177 - !SESSION log4j initialized
2024-04-08 12:58:00,412 [INFO] LogOutputStream:77 - [STDOUT_REDIRECT] 
2024-04-08 12:58:04,251 [INFO] ApplicationProperties:184 - Using Application install path: C:\ST\STM32CubeIDE_1.14.0\STM32CubeIDE\plugins\com.st.stm32cube.common.mx_6.10.0.202311202037
2024-04-08 12:58:04,324 [INFO] DbMcusXml:78 - Set database path to: C:\ST\STM32CubeIDE_1.14.0\STM32CubeIDE\plugins\com.st.stm32cube.common.mx_6.10.0.202311202037\\db\/mcu/
2024-04-08 12:58:04,325 [INFO] ApiDb:274 - Set plugin database path to: C:\ST\STM32CubeIDE_1.14.0\STM32CubeIDE\plugins\com.st.stm32cube.common.mx_6.10.0.202311202037\\db\/plugins/boardmanager/
2024-04-08 12:58:04,327 [WARN] ApiDb:259 - Overriding images path with different value:  => C:\ST\STM32CubeIDE_1.14.0\STM32CubeIDE\plugins\com.st.stm32cube.common.mx_6.10.0.202311202037\\db\/plugins/mcufinder/images/
2024-04-08 12:58:04,376 [INFO] ApiDb:250 - Set database path to: C:\Users\48791\.stmcufinder\plugins\mcufinder//mcu/
2024-04-08 12:58:04,380 [INFO] DbMcusAds:125 - Set database path to: C:\Users\48791\.stmcufinder\plugins\mcufinder//mcu/
2024-04-08 12:58:04,387 [INFO] CrossReferenceDbSqlite:203 - Set database path to: C:\Users\48791\.stmcufinder\plugins\mcufinder//mcu/cs/
2024-04-08 12:58:04,714 [INFO] RulesReader:64 - Compatibility file has been processed (297 Rules)
2024-04-08 12:58:05,042 [INFO] DbMcusXml:78 - Set database path to: C:\ST\STM32CubeIDE_1.14.0\STM32CubeIDE\plugins\com.st.stm32cube.common.mx_6.10.0.202311202037\\db\/mcu/
2024-04-08 12:58:05,043 [INFO] ApiDb:274 - Set plugin database path to: C:\ST\STM32CubeIDE_1.14.0\STM32CubeIDE\plugins\com.st.stm32cube.common.mx_6.10.0.202311202037\\db\/plugins/boardmanager/
2024-04-08 12:58:05,043 [INFO] ApiDb:261 - Set plugin images path to: C:\ST\STM32CubeIDE_1.14.0\STM32CubeIDE\plugins\com.st.stm32cube.common.mx_6.10.0.202311202037\\db\/plugins/mcufinder/images/
2024-04-08 12:58:05,044 [WARN] DbFile:41 - Overriding database path with different value: C:\Users\48791\.stmcufinder\plugins\mcufinder/ => C:\Users\48791\.stmcufinder\plugins\mcufinder
2024-04-08 12:58:05,044 [INFO] ApiDb:250 - Set database path to: C:\Users\48791\.stmcufinder\plugins\mcufinder//mcu/
2024-04-08 12:58:05,044 [WARN] DbFile:41 - Overriding database path with different value: C:\Users\48791\.stmcufinder\plugins\mcufinder/ => C:\Users\48791\.stmcufinder\plugins\mcufinder
2024-04-08 12:58:05,045 [INFO] DbMcusAds:125 - Set database path to: C:\Users\48791\.stmcufinder\plugins\mcufinder//mcu/
2024-04-08 12:58:05,045 [WARN] DbFile:41 - Overriding database path with different value: C:\Users\48791\.stmcufinder\plugins\mcufinder/ => C:\Users\48791\.stmcufinder\plugins\mcufinder
2024-04-08 12:58:05,045 [WARN] DbFile:41 - Overriding database path with different value: C:\Users\48791\.stmcufinder\plugins\mcufinder/ => C:\Users\48791\.stmcufinder\plugins\mcufinder
2024-04-08 12:58:05,046 [INFO] CrossReferenceDbSqlite:203 - Set database path to: C:\Users\48791\.stmcufinder\plugins\mcufinder//mcu/cs/
2024-04-08 12:58:05,313 [INFO] MainPanel:264 - HeapMemory: 268435456
2024-04-08 12:58:05,863 [INFO] DbMcusXml:78 - Set database path to: C:\ST\STM32CubeIDE_1.14.0\STM32CubeIDE\plugins\com.st.stm32cube.common.mx_6.10.0.202311202037\\db\/mcu/
2024-04-08 12:58:05,864 [INFO] ApiDb:274 - Set plugin database path to: C:\ST\STM32CubeIDE_1.14.0\STM32CubeIDE\plugins\com.st.stm32cube.common.mx_6.10.0.202311202037\\db\/plugins/boardmanager/
2024-04-08 12:58:05,864 [INFO] ApiDb:261 - Set plugin images path to: C:\ST\STM32CubeIDE_1.14.0\STM32CubeIDE\plugins\com.st.stm32cube.common.mx_6.10.0.202311202037\\db\/plugins/mcufinder/images/
2024-04-08 12:58:05,865 [WARN] DbFile:41 - Overriding database path with different value: C:\Users\48791\.stmcufinder\plugins\mcufinder/ => C:\Users\48791\.stmcufinder\plugins\mcufinder
2024-04-08 12:58:05,865 [INFO] ApiDb:250 - Set database path to: C:\Users\48791\.stmcufinder\plugins\mcufinder//mcu/
2024-04-08 12:58:05,866 [WARN] DbFile:41 - Overriding database path with different value: C:\Users\48791\.stmcufinder\plugins\mcufinder/ => C:\Users\48791\.stmcufinder\plugins\mcufinder
2024-04-08 12:58:05,866 [INFO] DbMcusAds:125 - Set database path to: C:\Users\48791\.stmcufinder\plugins\mcufinder//mcu/
2024-04-08 12:58:05,867 [WARN] DbFile:41 - Overriding database path with different value: C:\Users\48791\.stmcufinder\plugins\mcufinder/ => C:\Users\48791\.stmcufinder\plugins\mcufinder
2024-04-08 12:58:05,867 [WARN] DbFile:41 - Overriding database path with different value: C:\Users\48791\.stmcufinder\plugins\mcufinder/ => C:\Users\48791\.stmcufinder\plugins\mcufinder
2024-04-08 12:58:05,868 [INFO] CrossReferenceDbSqlite:203 - Set database path to: C:\Users\48791\.stmcufinder\plugins\mcufinder//mcu/cs/
2024-04-08 12:58:05,926 [INFO] ApplicationProperties:184 - Using Application install path: C:\ST\STM32CubeIDE_1.14.0\STM32CubeIDE\plugins\com.st.stm32cube.common.mx_6.10.0.202311202037
2024-04-08 12:58:05,930 [INFO] PluginManage:196 - Search for loadable plugins [exclusion list=, ]
2024-04-08 12:58:05,935 [INFO] PluginManage:310 - Check plugin analytics
2024-04-08 12:58:06,713 [INFO] AnalyticsPlugin:253 - Accepted Software Licenses: STM32CubeMX.6.10.0
2024-04-08 12:58:06,714 [INFO] AnalyticsPlugin:255 - Accepted CMSIS Pack Licenses: 
2024-04-08 12:58:06,714 [INFO] AnalyticsPlugin:257 - Accepted Firmware Licenses: FW.F4.1.28.0
2024-04-08 12:58:06,722 [INFO] PluginManage:359 - Loaded plugin analytics (category:tool,tabindex:-1)
2024-04-08 12:58:06,722 [INFO] PluginManage:310 - Check plugin cadmodel
2024-04-08 12:58:06,750 [INFO] CADModel:105 - Init CAD model plugin
2024-04-08 12:58:06,751 [INFO] PluginManage:359 - Loaded plugin cadmodel (category:power,tabindex:5)
2024-04-08 12:58:06,752 [INFO] PluginManage:310 - Check plugin clock
2024-04-08 12:58:06,800 [INFO] PluginManage:359 - Loaded plugin clock (category:base,tabindex:2)
2024-04-08 12:58:06,801 [INFO] PluginManage:310 - Check plugin ddr
2024-04-08 12:58:06,812 [INFO] PluginManage:359 - Loaded plugin ddr (category:tool,tabindex:6)
2024-04-08 12:58:06,813 [INFO] PluginManage:310 - Check plugin filemanager
2024-04-08 12:58:07,199 [INFO] PluginManage:359 - Loaded plugin filemanager (category:base,tabindex:10)
2024-04-08 12:58:07,199 [INFO] PluginManage:310 - Check plugin ipmanager
2024-04-08 12:58:07,221 [INFO] PluginManage:359 - Loaded plugin ipmanager (category:base,tabindex:5)
2024-04-08 12:58:07,222 [INFO] PluginManage:310 - Check plugin lpbam
2024-04-08 12:58:07,252 [INFO] PluginManage:359 - Loaded plugin lpbam (category:base,tabindex:0)
2024-04-08 12:58:07,252 [INFO] PluginManage:310 - Check plugin memorymap
2024-04-08 12:58:07,299 [INFO] PluginManage:359 - Loaded plugin memorymap (category:base,tabindex:4)
2024-04-08 12:58:07,299 [INFO] PluginManage:310 - Check plugin pinoutandconfiguration
2024-04-08 12:58:07,313 [INFO] PluginManage:359 - Loaded plugin pinoutandconfiguration (category:base,tabindex:1)
2024-04-08 12:58:07,314 [INFO] PluginManage:310 - Check plugin pinoutconfig
2024-04-08 12:58:07,545 [WARN] SupportedApi:132 - Cannot load RTOS API schema: s4s-elt-must-match.1: The content of 'definitions' must match (annotation?, (simpleType | complexType)?, (unique | key | keyref)*)). A problem was found starting at: attribute.
2024-04-08 12:58:07,988 [INFO] PluginManage:359 - Loaded plugin pinoutconfig (category:base,tabindex:0)
2024-04-08 12:58:07,988 [INFO] PluginManage:310 - Check plugin power
2024-04-08 12:58:08,046 [INFO] PluginManage:359 - Loaded plugin power (category:power,tabindex:4)
2024-04-08 12:58:08,046 [INFO] PluginManage:310 - Check plugin projectmanager
2024-04-08 12:58:08,112 [INFO] PluginManage:359 - Loaded plugin projectmanager (category:projectmanager,tabindex:3)
2024-04-08 12:58:08,113 [INFO] PluginManage:310 - Check plugin thirdparty
2024-04-08 12:58:08,660 [WARN] IntegrityCheckThread:84 - waiting for thirdparty lock release [integrity check]
2024-04-08 12:58:08,661 [INFO] IntegrityCheckThread:86 - entering critical section [integrity check]
2024-04-08 12:58:08,662 [INFO] PluginManage:359 - Loaded plugin thirdparty (category:base,tabindex:-1)
2024-04-08 12:58:08,663 [INFO] PluginManage:310 - Check plugin tools
2024-04-08 12:58:08,664 [INFO] ThirdPartyUpdaterWithRetryManager:70 - Updater plugin not ready yet. [1/15]
2024-04-08 12:58:08,674 [INFO] PluginManage:359 - Loaded plugin tools (category:base,tabindex:7)
2024-04-08 12:58:08,675 [INFO] PluginManage:310 - Check plugin tutovideos
2024-04-08 12:58:09,215 [INFO] PluginManage:359 - Loaded plugin tutovideos (category:base,tabindex:-1)
2024-04-08 12:58:09,216 [INFO] PluginManage:310 - Check plugin updater
2024-04-08 12:58:09,254 [INFO] PluginManage:359 - Loaded plugin updater (category:base,tabindex:12)
2024-04-08 12:58:09,255 [INFO] PluginManage:310 - Check plugin userauth
2024-04-08 12:58:09,269 [INFO] UserAuth:114 - Init User Auth plugin
2024-04-08 12:58:09,270 [INFO] PluginManage:359 - Loaded plugin userauth (category:base,tabindex:14)
2024-04-08 12:58:09,270 [INFO] PluginManage:283 - PluginManage : Loaded plugins [17]
2024-04-08 12:58:09,907 [INFO] PinOutPanel:1499 - setPackage(No Configuration,No Configuration)
2024-04-08 12:58:10,102 [INFO] CADModel:165 - CPN selected for project level
2024-04-08 12:58:10,102 [INFO] CADModel:114 - Register for checkConnection events
2024-04-08 12:58:10,156 [INFO] IPUIPlugin:80 - create IPUIPlugin
2024-04-08 12:58:10,156 [INFO] PluginManager:220 - loadIPPluginJar : add adc
2024-04-08 12:58:10,165 [INFO] IPUIPlugin:80 - create IPUIPlugin
2024-04-08 12:58:10,166 [INFO] PluginManager:220 - loadIPPluginJar : add aes
2024-04-08 12:58:10,176 [INFO] IPUIPlugin:80 - create IPUIPlugin
2024-04-08 12:58:10,177 [INFO] PluginManager:220 - loadIPPluginJar : add can
2024-04-08 12:58:10,219 [INFO] IPUIPlugin:80 - create IPUIPlugin
2024-04-08 12:58:10,219 [INFO] PluginManager:220 - loadIPPluginJar : add comp
2024-04-08 12:58:10,299 [INFO] IPUIPlugin:80 - create IPUIPlugin
2024-04-08 12:58:10,300 [INFO] PluginManager:220 - loadIPPluginJar : add cryp
2024-04-08 12:58:10,313 [INFO] IPUIPlugin:80 - create IPUIPlugin
2024-04-08 12:58:10,313 [INFO] PluginManager:220 - loadIPPluginJar : add dfsdm
2024-04-08 12:58:10,337 [INFO] IPUIPlugin:80 - create IPUIPlugin
2024-04-08 12:58:10,338 [INFO] PluginManager:220 - loadIPPluginJar : add dma
2024-04-08 12:58:10,344 [INFO] IPUIPlugin:80 - create IPUIPlugin
2024-04-08 12:58:10,345 [INFO] PluginManager:220 - loadIPPluginJar : add dma3
2024-04-08 12:58:10,350 [INFO] IPUIPlugin:80 - create IPUIPlugin
2024-04-08 12:58:10,352 [INFO] PluginManager:220 - loadIPPluginJar : add fatfs
2024-04-08 12:58:10,365 [INFO] IPUIPlugin:80 - create IPUIPlugin
2024-04-08 12:58:10,365 [INFO] PluginManager:220 - loadIPPluginJar : add fmc
2024-04-08 12:58:10,388 [INFO] IPUIPlugin:80 - create IPUIPlugin
2024-04-08 12:58:10,388 [INFO] PluginManager:220 - loadIPPluginJar : add freertos
2024-04-08 12:58:10,392 [INFO] IPUIPlugin:80 - create IPUIPlugin
2024-04-08 12:58:10,393 [INFO] PluginManager:220 - loadIPPluginJar : add genericplugin
2024-04-08 12:58:10,403 [INFO] IPUIPlugin:80 - create IPUIPlugin
2024-04-08 12:58:10,404 [INFO] PluginManager:220 - loadIPPluginJar : add gfxmmu
2024-04-08 12:58:10,418 [INFO] IPUIPlugin:80 - create IPUIPlugin
2024-04-08 12:58:10,419 [INFO] PluginManager:220 - loadIPPluginJar : add gic
2024-04-08 12:58:10,429 [INFO] IPUIPlugin:80 - create IPUIPlugin
2024-04-08 12:58:10,429 [INFO] PluginManager:220 - loadIPPluginJar : add gpio
2024-04-08 12:58:10,437 [INFO] IPUIPlugin:80 - create IPUIPlugin
2024-04-08 12:58:10,437 [INFO] PluginManager:220 - loadIPPluginJar : add gtzc
2024-04-08 12:58:10,443 [INFO] IPUIPlugin:80 - create IPUIPlugin
2024-04-08 12:58:10,444 [INFO] PluginManager:220 - loadIPPluginJar : add hash
2024-04-08 12:58:10,449 [INFO] IPUIPlugin:80 - create IPUIPlugin
2024-04-08 12:58:10,449 [INFO] PluginManager:220 - loadIPPluginJar : add i2c
2024-04-08 12:58:10,456 [INFO] IPUIPlugin:80 - create IPUIPlugin
2024-04-08 12:58:10,457 [INFO] PluginManager:220 - loadIPPluginJar : add i2s
2024-04-08 12:58:10,463 [INFO] IPUIPlugin:80 - create IPUIPlugin
2024-04-08 12:58:10,463 [INFO] PluginManager:220 - loadIPPluginJar : add i3c
2024-04-08 12:58:10,472 [INFO] IPUIPlugin:80 - create IPUIPlugin
2024-04-08 12:58:10,472 [INFO] PluginManager:220 - loadIPPluginJar : add ipddr
2024-04-08 12:58:10,488 [INFO] IPUIPlugin:80 - create IPUIPlugin
2024-04-08 12:58:10,488 [INFO] PluginManager:220 - loadIPPluginJar : add linkedlist
2024-04-08 12:58:10,495 [INFO] IPUIPlugin:80 - create IPUIPlugin
2024-04-08 12:58:10,495 [INFO] PluginManager:220 - loadIPPluginJar : add lorawan
2024-04-08 12:58:10,500 [INFO] IPUIPlugin:80 - create IPUIPlugin
2024-04-08 12:58:10,500 [INFO] PluginManager:220 - loadIPPluginJar : add ltdc
2024-04-08 12:58:10,521 [INFO] IPUIPlugin:80 - create IPUIPlugin
2024-04-08 12:58:10,522 [INFO] PluginManager:220 - loadIPPluginJar : add mdma
2024-04-08 12:58:10,566 [INFO] IPUIPlugin:80 - create IPUIPlugin
2024-04-08 12:58:10,567 [INFO] PluginManager:220 - loadIPPluginJar : add nvic
2024-04-08 12:58:10,577 [INFO] IPUIPlugin:80 - create IPUIPlugin
2024-04-08 12:58:10,577 [INFO] PluginManager:220 - loadIPPluginJar : add opamp
2024-04-08 12:58:10,591 [INFO] IPUIPlugin:80 - create IPUIPlugin
2024-04-08 12:58:10,592 [INFO] PluginManager:220 - loadIPPluginJar : add openamp
2024-04-08 12:58:10,607 [INFO] IPUIPlugin:80 - create IPUIPlugin
2024-04-08 12:58:10,607 [INFO] PluginManager:220 - loadIPPluginJar : add pdm2pcm
2024-04-08 12:58:10,625 [INFO] IPUIPlugin:80 - create IPUIPlugin
2024-04-08 12:58:10,630 [INFO] PluginManager:220 - loadIPPluginJar : add plateformsettings
2024-04-08 12:58:10,633 [INFO] IPUIPlugin:80 - create IPUIPlugin
2024-04-08 12:58:10,633 [INFO] PluginManager:220 - loadIPPluginJar : add quadspi
2024-04-08 12:58:10,645 [INFO] IPUIPlugin:80 - create IPUIPlugin
2024-04-08 12:58:10,645 [INFO] PluginManager:220 - loadIPPluginJar : add resmgrutility
2024-04-08 12:58:10,652 [INFO] IPUIPlugin:80 - create IPUIPlugin
2024-04-08 12:58:10,653 [INFO] PluginManager:220 - loadIPPluginJar : add sai
2024-04-08 12:58:10,659 [INFO] IPUIPlugin:80 - create IPUIPlugin
2024-04-08 12:58:10,660 [INFO] PluginManager:220 - loadIPPluginJar : add spi
2024-04-08 12:58:10,674 [INFO] IPUIPlugin:80 - create IPUIPlugin
2024-04-08 12:58:10,674 [INFO] PluginManager:220 - loadIPPluginJar : add stm32_wpan
2024-04-08 12:58:10,679 [INFO] IPUIPlugin:80 - create IPUIPlugin
2024-04-08 12:58:10,679 [INFO] PluginManager:220 - loadIPPluginJar : add tim
2024-04-08 12:58:10,689 [INFO] IPUIPlugin:80 - create IPUIPlugin
2024-04-08 12:58:10,689 [INFO] PluginManager:220 - loadIPPluginJar : add touchsensing
2024-04-08 12:58:10,695 [INFO] IPUIPlugin:80 - create IPUIPlugin
2024-04-08 12:58:10,695 [INFO] PluginManager:220 - loadIPPluginJar : add tracer_emb
2024-04-08 12:58:10,699 [INFO] IPUIPlugin:80 - create IPUIPlugin
2024-04-08 12:58:10,700 [INFO] PluginManager:220 - loadIPPluginJar : add ts
2024-04-08 12:58:10,703 [INFO] IPUIPlugin:80 - create IPUIPlugin
2024-04-08 12:58:10,703 [INFO] PluginManager:220 - loadIPPluginJar : add tsc
2024-04-08 12:58:10,707 [INFO] IPUIPlugin:80 - create IPUIPlugin
2024-04-08 12:58:10,708 [INFO] PluginManager:220 - loadIPPluginJar : add ucpd
2024-04-08 12:58:10,712 [INFO] IPUIPlugin:80 - create IPUIPlugin
2024-04-08 12:58:10,712 [INFO] PluginManager:220 - loadIPPluginJar : add usart
2024-04-08 12:58:10,717 [INFO] IPUIPlugin:80 - create IPUIPlugin
2024-04-08 12:58:10,717 [INFO] PluginManager:220 - loadIPPluginJar : add usbx
2024-04-08 12:58:10,880 [INFO] CADModel:165 - CPN selected for project level
2024-04-08 12:58:10,880 [INFO] CADModel:114 - Register for checkConnection events
2024-04-08 12:58:10,881 [FATAL] Updater:308 - Updater called before beeing initialized
2024-04-08 12:58:10,881 [ERROR] CADModel:125 - Updater not yet initialized, retry later 
2024-04-08 12:58:11,374 [INFO] CADModel:165 - CPN selected for project level
2024-04-08 12:58:11,374 [INFO] CADModel:114 - Register for checkConnection events
2024-04-08 12:58:11,374 [FATAL] Updater:308 - Updater called before beeing initialized
2024-04-08 12:58:11,375 [ERROR] CADModel:125 - Updater not yet initialized, retry later 
2024-04-08 12:58:11,386 [FATAL] Updater:308 - Updater called before beeing initialized
2024-04-08 12:58:11,669 [INFO] ThirdPartyUpdaterWithRetryManager:70 - Updater plugin not ready yet. [2/15]
2024-04-08 12:58:11,803 [FATAL] Updater:308 - Updater called before beeing initialized
2024-04-08 12:58:11,811 [INFO] DbMcusAds:53 - JSON generation date=Wed Nov 29 11:52:27 CET 2023 (1701255147349)
2024-04-08 12:58:11,812 [FATAL] Updater:308 - Updater called before beeing initialized
2024-04-08 12:58:11,950 [WARN] DetailPanel:346 - Failed to get advertising image, set to default
2024-04-08 12:58:12,185 [FATAL] Updater:308 - Updater called before beeing initialized
2024-04-08 12:58:12,190 [FATAL] Updater:308 - Updater called before beeing initialized
2024-04-08 12:58:12,191 [FATAL] Updater:308 - Updater called before beeing initialized
2024-04-08 12:58:12,191 [WARN] DetailPanel:346 - Failed to get advertising image, set to default
2024-04-08 12:58:12,193 [FATAL] Updater:308 - Updater called before beeing initialized
2024-04-08 12:58:12,318 [ERROR] Updater:1120 - MainUpdater not yet initialized. External WinMGr cannot be set.
2024-04-08 12:58:12,321 [INFO] Updater:1056 - Updater Version found : 6.10.0
2024-04-08 12:58:12,365 [INFO] ApplicationProperties:184 - Using Application install path: C:\ST\STM32CubeIDE_1.14.0\STM32CubeIDE\plugins\com.st.stm32cube.common.mx_6.10.0.202311202037
2024-04-08 12:58:13,963 [ERROR] LogOutputStream:75 - [STDERR_REDIRECT] Apr 08, 2024 12:58:13 PM java.util.prefs.WindowsPreferences <init>
2024-04-08 12:58:13,966 [ERROR] LogOutputStream:75 - [STDERR_REDIRECT] WARNING: Could not open/create prefs root node Software\JavaSoft\Prefs at root 0xffffffff80000002. Windows RegCreateKeyEx(...) returned error code 5.
2024-04-08 12:58:13,967 [ERROR] LogOutputStream:75 - [STDERR_REDIRECT] 
2024-04-08 12:58:14,575 [INFO] MainUpdater:2873 - connection check result : 10
2024-04-08 12:58:14,577 [INFO] MainUpdater:290 - Updater Check For Update Now.
2024-04-08 12:58:14,577 [INFO] MicroXplorer:498 - Change Database Version : DB.6.0.100
2024-04-08 12:58:14,589 [INFO] McuFinderGlobals:63 - Set McuFinder mode to 2 (CubeIDE integrated)
2024-04-08 12:58:14,670 [WARN] MainUpdater:1194 - Updater busy. Cannot search thirdparties
2024-04-08 12:58:14,671 [INFO] ThirdPartyUpdaterWithRetryManager:96 - Updater plugin is busy. [1/15]
2024-04-08 12:58:14,863 [INFO] CheckServerUpdateThread:120 - End of CheckServer Thread
2024-04-08 12:58:15,010 [INFO] UserAuth:404 - Internet connection configuration mode: 1
2024-04-08 12:58:15,049 [INFO] JxBrowserEngine:152 - Initiate JxBrowser Engine with user profile folder
2024-04-08 12:58:16,885 [INFO] WebApp:161 - Instantiating new browser for Auth
2024-04-08 12:58:17,972 [WARN] PackLoader:240 - Cannot read IP mode file for STMicroelectronics.X-CUBE-SMBUS.2.1.0
2024-04-08 12:58:17,984 [WARN] PackLoader:240 - Cannot read IP mode file for STMicroelectronics.X-CUBE-TOUCHGFX.4.23.1
2024-04-08 12:58:17,989 [WARN] PackLoader:240 - Cannot read IP mode file for STMicroelectronics.X-CUBE-TOUCHGFX.4.23.0
2024-04-08 12:58:17,993 [WARN] PackLoader:240 - Cannot read IP mode file for STMicroelectronics.X-CUBE-TOUCHGFX.4.23.2
2024-04-08 12:58:18,024 [WARN] PackLoader:240 - Cannot read IP mode file for STMicroelectronics.X-CUBE-AZRTOS-F7.1.1.0
2024-04-08 12:58:18,056 [WARN] PackLoader:240 - Cannot read IP mode file for STMicroelectronics.FP-SNS-MOTENV1.4.3.2
2024-04-08 12:58:18,068 [WARN] PackLoader:240 - Cannot read IP mode file for STMicroelectronics.FP-SNS-FLIGHT1.5.0.2
2024-04-08 12:58:18,084 [WARN] PackLoader:240 - Cannot read IP mode file for STMicroelectronics.X-CUBE-DISPLAY.3.0.0
2024-04-08 12:58:18,105 [WARN] PackLoader:240 - Cannot read IP mode file for STMicroelectronics.X-CUBE-BLE1.7.0.0
2024-04-08 12:58:18,118 [WARN] PackLoader:240 - Cannot read IP mode file for emotas.I-CUBE-CANOPEN.1.3.0
2024-04-08 12:58:18,134 [WARN] PackLoader:240 - Cannot read IP mode file for STMicroelectronics.X-CUBE-BLEMGR.3.1.0
2024-04-08 12:58:18,146 [WARN] PackLoader:240 - Cannot read IP mode file for STMicroelectronics.FP-SNS-SMARTAG2.1.2.0
2024-04-08 12:58:18,164 [INFO] LogOutputStream:77 - [STDOUT_REDIRECT] 1 : Invalid condition id : UX_CORESTACK_Condition cause : null
2024-04-08 12:58:18,165 [INFO] LogOutputStream:77 - [STDOUT_REDIRECT] 1 : Invalid condition id : UX_CORESTACK_Condition cause : null
2024-04-08 12:58:18,167 [INFO] LogOutputStream:77 - [STDOUT_REDIRECT] 1 : Invalid condition id : UX_CORESTACK_Condition cause : null
2024-04-08 12:58:18,168 [INFO] LogOutputStream:77 - [STDOUT_REDIRECT] 1 : Invalid condition id : UX_CORESTACK_Condition cause : null
2024-04-08 12:58:18,171 [INFO] LogOutputStream:77 - [STDOUT_REDIRECT] 1 : Invalid condition id : UX_CORESTACK_Condition cause : null
2024-04-08 12:58:18,174 [WARN] PackLoader:240 - Cannot read IP mode file for STMicroelectronics.X-CUBE-AZRTOS-WL.2.0.0
2024-04-08 12:58:18,182 [WARN] PackLoader:240 - Cannot read IP mode file for STMicroelectronics.FP-SNS-MOTENV1.5.0.0
2024-04-08 12:58:18,199 [WARN] PackLoader:240 - Cannot read IP mode file for WES.I-CUBE-Cesium.1.3.0
2024-04-08 12:58:18,211 [WARN] PackLoader:240 - Cannot read IP mode file for STMicroelectronics.X-CUBE-BLE2.3.3.0
2024-04-08 12:58:18,220 [WARN] PackLoader:240 - Cannot read IP mode file for STMicroelectronics.X-CUBE-ALGOBUILD.1.3.0
2024-04-08 12:58:18,247 [WARN] PackLoader:240 - Cannot read IP mode file for STMicroelectronics.X-CUBE-AZRTOS-G0.1.1.0
2024-04-08 12:58:18,257 [WARN] PackLoader:240 - Cannot read IP mode file for STMicroelectronics.X-CUBE-SAFEA1.1.2.2
2024-04-08 12:58:18,265 [WARN] PackLoader:240 - Cannot read IP mode file for STMicroelectronics.X-CUBE-NFC4.3.0.0
2024-04-08 12:58:18,274 [WARN] PackLoader:240 - Cannot read IP mode file for STMicroelectronics.X-CUBE-BLEMGR.3.0.0
2024-04-08 12:58:18,282 [WARN] PackLoader:240 - Cannot read IP mode file for STMicroelectronics.FP-ATR-SIGFOX1.3.2.0
2024-04-08 12:58:18,291 [WARN] PackLoader:240 - Cannot read IP mode file for STMicroelectronics.X-CUBE-EEPRMA1.5.1.0
2024-04-08 12:58:18,333 [WARN] PackLoader:240 - Cannot read IP mode file for SEGGER.I-CUBE-embOS.1.3.1
2024-04-08 12:58:18,535 [WARN] PackLoader:240 - Cannot read IP mode file for STMicroelectronics.X-CUBE-GNSS1.6.0.0
2024-04-08 12:58:18,593 [WARN] PackLoader:240 - Cannot read IP mode file for STMicroelectronics.X-CUBE-AZRTOS-F4.1.1.0
2024-04-08 12:58:18,636 [WARN] PackLoader:240 - Cannot read IP mode file for wolfSSL.I-CUBE-wolfSSL.5.6.6
2024-04-08 12:58:18,657 [WARN] PackLoader:240 - Cannot read IP mode file for STMicroelectronics.X-CUBE-AZRTOS-L5.2.0.0
2024-04-08 12:58:18,666 [WARN] PackLoader:240 - Cannot read IP mode file for STMicroelectronics.X-CUBE-EEPRMA1.4.2.0
2024-04-08 12:58:18,676 [WARN] PackLoader:240 - Cannot read IP mode file for STMicroelectronics.X-CUBE-NFC6.3.1.0
2024-04-08 12:58:18,685 [WARN] PackLoader:240 - Cannot read IP mode file for ITTIA_DB.I-CUBE-ITTIADB.8.8.0
2024-04-08 12:58:18,692 [WARN] PackLoader:240 - Cannot read IP mode file for STMicroelectronics.X-CUBE-NFC7.1.0.1
2024-04-08 12:58:18,704 [WARN] PackLoader:240 - Cannot read IP mode file for STMicroelectronics.X-CUBE-NFC6.3.0.0
2024-04-08 12:58:18,714 [WARN] PackLoader:240 - Cannot read IP mode file for STMicroelectronics.X-CUBE-AI.8.1.0
2024-04-08 12:58:18,735 [WARN] ConditionMgr:438 - getConditionDescription Invalid condition id : LAN8742 Phy interface Condition cause : null
2024-04-08 12:58:18,736 [WARN] PackLoader:240 - Cannot read IP mode file for STMicroelectronics.X-CUBE-AZRTOS-L4.2.0.0
2024-04-08 12:58:18,738 [WARN] ConditionMgr:1039 - genDependencies : Invalid condition id : LAN8742 Phy interface Condition cause : null
2024-04-08 12:58:18,739 [WARN] ConditionMgr:1039 - genDependencies : Invalid condition id : LAN8742 Phy interface Condition cause : null
2024-04-08 12:58:18,740 [WARN] ConditionMgr:1039 - genDependencies : Invalid condition id : LAN8742 Phy interface Condition cause : null
2024-04-08 12:58:18,755 [WARN] PackLoader:240 - Cannot read IP mode file for STMicroelectronics.X-CUBE-SFXS2LP1.4.0.0
2024-04-08 12:58:18,773 [WARN] ConditionMgr:438 - getConditionDescription Invalid condition id : UX DEVICE CLASS RTOS Condition cause : null
2024-04-08 12:58:18,774 [WARN] ConditionMgr:438 - getConditionDescription Invalid condition id : UX DEVICE CLASS RTOS Condition cause : null
2024-04-08 12:58:18,775 [WARN] PackLoader:240 - Cannot read IP mode file for STMicroelectronics.X-CUBE-AZRTOS-WB.2.0.0
2024-04-08 12:58:18,775 [WARN] ConditionMgr:1039 - genDependencies : Invalid condition id : UX DEVICE CLASS RTOS Condition cause : null
2024-04-08 12:58:18,775 [WARN] ConditionMgr:1039 - genDependencies : Invalid condition id : UX DEVICE CLASS RTOS Condition cause : null
2024-04-08 12:58:18,776 [WARN] ConditionMgr:1039 - genDependencies : Invalid condition id : UX DEVICE CLASS RTOS Condition cause : null
2024-04-08 12:58:18,776 [WARN] ConditionMgr:1039 - genDependencies : Invalid condition id : UX DEVICE CLASS RTOS Condition cause : null
2024-04-08 12:58:18,776 [WARN] ConditionMgr:1039 - genDependencies : Invalid condition id : UX DEVICE CLASS RTOS Condition cause : null
2024-04-08 12:58:18,788 [WARN] PackLoader:240 - Cannot read IP mode file for STMicroelectronics.X-CUBE-SUBG2.5.0.0
2024-04-08 12:58:18,838 [WARN] PackLoader:240 - Cannot read IP mode file for STMicroelectronics.X-CUBE-AZRTOS-G4.2.0.0
2024-04-08 12:58:18,864 [WARN] PackLoader:240 - Cannot read IP mode file for Infineon.AIROC-Wi-Fi-Bluetooth-STM32.1.5.1
2024-04-08 12:58:18,875 [WARN] PackLoader:240 - Cannot read IP mode file for STMicroelectronics.X-CUBE-ISPU.2.0.0
2024-04-08 12:58:18,922 [WARN] PackLoader:240 - Cannot read IP mode file for STMicroelectronics.X-CUBE-MEMS1.10.0.0
2024-04-08 12:58:19,053 [WARN] PackLoader:240 - Cannot read IP mode file for STMicroelectronics.X-CUBE-FREERTOS.1.1.0
2024-04-08 12:58:19,061 [WARN] PackLoader:240 - Cannot read IP mode file for portGmbH.I-Cube-SoM-uGOAL.1.1.0
2024-04-08 12:58:19,077 [WARN] PackLoader:240 - Cannot read IP mode file for STMicroelectronics.X-CUBE-ALS.1.0.1
2024-04-08 12:58:19,085 [WARN] PackLoader:240 - Cannot read IP mode file for STMicroelectronics.FP-ATR-ASTRA1.2.0.0
2024-04-08 12:58:19,099 [WARN] PackLoader:240 - Cannot read IP mode file for STMicroelectronics.X-CUBE-TOF1.3.4.0
2024-04-08 12:58:19,117 [WARN] PackLoader:240 - Cannot read IP mode file for STMicroelectronics.X-CUBE-TOF1.3.4.1
2024-04-08 12:58:19,193 [WARN] PackLoader:240 - Cannot read IP mode file for STMicroelectronics.X-CUBE-AZRTOS-H7.3.2.0
2024-04-08 12:58:19,210 [INFO] ThirdParty:978 - Integrity check success = true
2024-04-08 12:58:19,211 [INFO] IntegrityCheckThread:100 - exiting critical section [integrity check]
2024-04-08 12:58:19,211 [INFO] IntegrityCheckThread:103 - End integrity checks thread
2024-04-08 12:58:20,143 [INFO] WebApp:780 - Register for checkConnection events
2024-04-08 12:58:20,143 [INFO] WebApp:414 - Apply proxy settings
2024-04-08 12:58:20,144 [INFO] WebApp:499 - Chromium requires no authentication
2024-04-08 12:58:20,188 [INFO] WebApp:442 - Direct internet connection detected
2024-04-08 12:58:20,608 [INFO] WebApp:192 - Starting web application
2024-04-08 12:58:20,608 [INFO] WebApp:544 - Web application path used C:\ST\STM32CubeIDE_1.14.0\STM32CubeIDE\plugins\com.st.stm32cube.common.mx_6.10.0.202311202037\db\plugins\mcufinder\reactClient1\index.html
2024-04-08 12:58:43,043 [ERROR] LogOutputStream:75 - [STDERR_REDIRECT] SLF4J: Failed to load class "org.slf4j.impl.StaticLoggerBinder".
2024-04-08 12:58:43,047 [ERROR] LogOutputStream:75 - [STDERR_REDIRECT] SLF4J: Defaulting to no-operation (NOP) logger implementation
2024-04-08 12:58:43,051 [ERROR] LogOutputStream:75 - [STDERR_REDIRECT] SLF4J: See http://www.slf4j.org/codes.html#StaticLoggerBinder for further details.
2024-04-08 13:10:53,318 [ERROR] LogOutputStream:75 - [STDERR_REDIRECT] 
